16-11-2021 15:00:55 INFO  [           main] [com.ss.sample.SampleApplication    ] - Starting SampleApplication using Java 1.8.0_121 on Lakshmi with PID 1340 (D:\Projects\sample\build\classes\java\main started by Sarma in D:\Projects\sample)
16-11-2021 15:00:55 INFO  [           main] [com.ss.sample.SampleApplication    ] - No active profile set, falling back to default profiles: default
16-11-2021 15:00:55 INFO  [kground-preinit] [o.h.validator.internal.util.Version] - HV000001: Hibernate Validator 6.1.1.Final
16-11-2021 15:00:57 WARN  [kground-preinit] [s.h.c.j.Jackson2ObjectMapperBuilder] - For Jackson Kotlin classes support please add "com.fasterxml.jackson.module:jackson-module-kotlin" to the classpath
16-11-2021 15:00:58 INFO  [           main] [r.c.RepositoryConfigurationDelegate] - Bootstrapping Spring Data JPA repositories in DEFAULT mode.
16-11-2021 15:00:58 INFO  [           main] [r.c.RepositoryConfigurationDelegate] - Finished Spring Data repository scanning in 151 ms. Found 3 JPA repository interfaces.
16-11-2021 15:00:59 INFO  [           main] [onDelegate$BeanPostProcessorChecker] - Bean 'org.springframework.security.access.expression.method.DefaultMethodSecurityExpressionHandler@1860f3be' of type [org.springframework.security.access.expression.method.DefaultMethodSecurityExpressionHandler] is not eligible for getting processed by all BeanPostProcessors (for example: not eligible for auto-proxying)
16-11-2021 15:00:59 INFO  [           main] [onDelegate$BeanPostProcessorChecker] - Bean 'methodSecurityMetadataSource' of type [org.springframework.security.access.method.DelegatingMethodSecurityMetadataSource] is not eligible for getting processed by all BeanPostProcessors (for example: not eligible for auto-proxying)
16-11-2021 15:00:59 INFO  [           main] [onDelegate$BeanPostProcessorChecker] - Bean 'management.metrics-org.springframework.boot.actuate.autoconfigure.metrics.MetricsProperties' of type [org.springframework.boot.actuate.autoconfigure.metrics.MetricsProperties] is not eligible for getting processed by all BeanPostProcessors (for example: not eligible for auto-proxying)
16-11-2021 15:00:59 INFO  [           main] [onDelegate$BeanPostProcessorChecker] - Bean 'org.springframework.boot.actuate.autoconfigure.metrics.data.RepositoryMetricsAutoConfiguration' of type [org.springframework.boot.actuate.autoconfigure.metrics.data.RepositoryMetricsAutoConfiguration] is not eligible for getting processed by all BeanPostProcessors (for example: not eligible for auto-proxying)
16-11-2021 15:00:59 INFO  [           main] [onDelegate$BeanPostProcessorChecker] - Bean 'org.springframework.boot.actuate.autoconfigure.metrics.export.simple.SimpleMetricsExportAutoConfiguration' of type [org.springframework.boot.actuate.autoconfigure.metrics.export.simple.SimpleMetricsExportAutoConfiguration] is not eligible for getting processed by all BeanPostProcessors (for example: not eligible for auto-proxying)
16-11-2021 15:00:59 INFO  [           main] [onDelegate$BeanPostProcessorChecker] - Bean 'management.metrics.export.simple-org.springframework.boot.actuate.autoconfigure.metrics.export.simple.SimpleProperties' of type [org.springframework.boot.actuate.autoconfigure.metrics.export.simple.SimpleProperties] is not eligible for getting processed by all BeanPostProcessors (for example: not eligible for auto-proxying)
16-11-2021 15:00:59 INFO  [           main] [onDelegate$BeanPostProcessorChecker] - Bean 'simpleConfig' of type [org.springframework.boot.actuate.autoconfigure.metrics.export.simple.SimplePropertiesConfigAdapter] is not eligible for getting processed by all BeanPostProcessors (for example: not eligible for auto-proxying)
16-11-2021 15:00:59 INFO  [           main] [onDelegate$BeanPostProcessorChecker] - Bean 'org.springframework.boot.actuate.autoconfigure.metrics.MetricsAutoConfiguration' of type [org.springframework.boot.actuate.autoconfigure.metrics.MetricsAutoConfiguration] is not eligible for getting processed by all BeanPostProcessors (for example: not eligible for auto-proxying)
16-11-2021 15:00:59 INFO  [           main] [onDelegate$BeanPostProcessorChecker] - Bean 'micrometerClock' of type [io.micrometer.core.instrument.Clock$1] is not eligible for getting processed by all BeanPostProcessors (for example: not eligible for auto-proxying)
16-11-2021 15:00:59 INFO  [           main] [onDelegate$BeanPostProcessorChecker] - Bean 'simpleMeterRegistry' of type [io.micrometer.core.instrument.simple.SimpleMeterRegistry] is not eligible for getting processed by all BeanPostProcessors (for example: not eligible for auto-proxying)
16-11-2021 15:00:59 INFO  [           main] [onDelegate$BeanPostProcessorChecker] - Bean 'repositoryTagsProvider' of type [org.springframework.boot.actuate.metrics.data.DefaultRepositoryTagsProvider] is not eligible for getting processed by all BeanPostProcessors (for example: not eligible for auto-proxying)
16-11-2021 15:00:59 INFO  [           main] [onDelegate$BeanPostProcessorChecker] - Bean 'metricsRepositoryMethodInvocationListener' of type [org.springframework.boot.actuate.metrics.data.MetricsRepositoryMethodInvocationListener] is not eligible for getting processed by all BeanPostProcessors (for example: not eligible for auto-proxying)
16-11-2021 15:01:00 INFO  [           main] [o.s.b.w.e.tomcat.TomcatWebServer   ] - Tomcat initialized with port(s): 8040 (http)
16-11-2021 15:01:00 INFO  [           main] [o.a.coyote.http11.Http11NioProtocol] - Initializing ProtocolHandler ["http-nio-8040"]
16-11-2021 15:01:00 INFO  [           main] [o.a.catalina.core.StandardService  ] - Starting service [Tomcat]
16-11-2021 15:01:00 INFO  [           main] [o.a.catalina.core.StandardEngine   ] - Starting Servlet engine: [Apache Tomcat/9.0.46]
16-11-2021 15:01:01 INFO  [           main] [o.apache.jasper.servlet.TldScanner ] - At least one JAR was scanned for TLDs yet contained no TLDs. Enable debug logging for this logger for a complete list of JARs that were scanned but no TLDs were found in them. Skipping unneeded JARs during scanning can improve startup time and JSP compilation time.
16-11-2021 15:01:01 INFO  [           main] [o.a.c.c.C.[Tomcat].[localhost].[/] ] - Initializing Spring embedded WebApplicationContext
16-11-2021 15:01:01 INFO  [           main] [.ServletWebServerApplicationContext] - Root WebApplicationContext: initialization completed in 5345 ms
16-11-2021 15:01:01 INFO  [           main] [o.h.jpa.internal.util.LogHelper    ] - HHH000204: Processing PersistenceUnitInfo [name: default]
16-11-2021 15:01:01 INFO  [           main] [org.hibernate.Version              ] - HHH000412: Hibernate ORM core version 5.4.31.Final
16-11-2021 15:01:02 INFO  [           main] [o.h.annotations.common.Version     ] - HCANN000001: Hibernate Commons Annotations {5.1.2.Final}
16-11-2021 15:01:02 INFO  [           main] [com.zaxxer.hikari.HikariDataSource ] - HikariPool-1 - Starting...
16-11-2021 15:01:02 INFO  [           main] [com.zaxxer.hikari.HikariDataSource ] - HikariPool-1 - Start completed.
16-11-2021 15:01:02 INFO  [           main] [org.hibernate.dialect.Dialect      ] - HHH000400: Using dialect: org.hibernate.dialect.PostgreSQLDialect
16-11-2021 15:01:04 INFO  [           main] [o.h.e.t.j.p.i.JtaPlatformInitiator ] - HHH000490: Using JtaPlatform implementation: [org.hibernate.engine.transaction.jta.platform.internal.NoJtaPlatform]
16-11-2021 15:01:04 INFO  [           main] [alContainerEntityManagerFactoryBean] - Initialized JPA EntityManagerFactory for persistence unit 'default'
16-11-2021 15:01:06 INFO  [           main] [org.apache.tiles.access.TilesAccess] - Publishing TilesContext for context: org.springframework.web.servlet.view.tiles3.SpringWildcardServletTilesApplicationContext
16-11-2021 15:01:06 INFO  [           main] [o.s.s.w.DefaultSecurityFilterChain ] - Will secure Ant [pattern='/resources/**'] with []
16-11-2021 15:01:06 INFO  [           main] [o.s.s.w.DefaultSecurityFilterChain ] - Will secure any request with [org.springframework.security.web.context.request.async.WebAsyncManagerIntegrationFilter@22349ad3, org.springframework.security.web.context.SecurityContextPersistenceFilter@2389f546, org.springframework.security.web.header.HeaderWriterFilter@58b30e3e, org.springframework.security.web.csrf.CsrfFilter@6dc5e857, org.springframework.security.web.authentication.logout.LogoutFilter@256d8f17, org.springframework.security.web.authentication.UsernamePasswordAuthenticationFilter@7156f8cf, org.springframework.security.web.savedrequest.RequestCacheAwareFilter@64745270, org.springframework.security.web.servletapi.SecurityContextHolderAwareRequestFilter@6fe91918, org.springframework.security.web.authentication.AnonymousAuthenticationFilter@42fdf45e, org.springframework.security.web.session.SessionManagementFilter@6a0aa5e2, org.springframework.security.web.access.ExceptionTranslationFilter@2b625e82, org.springframework.security.web.access.intercept.FilterSecurityInterceptor@22cf1808]
16-11-2021 15:01:07 INFO  [           main] [s.b.a.w.s.WelcomePageHandlerMapping] - Adding welcome page template: index
16-11-2021 15:01:08 INFO  [           main] [o.s.b.a.e.web.EndpointLinksResolver] - Exposing 12 endpoint(s) beneath base path '/application'
16-11-2021 15:01:08 INFO  [           main] [o.a.coyote.http11.Http11NioProtocol] - Starting ProtocolHandler ["http-nio-8040"]
16-11-2021 15:01:08 INFO  [           main] [o.s.b.w.e.tomcat.TomcatWebServer   ] - Tomcat started on port(s): 8040 (http) with context path ''
16-11-2021 15:01:08 INFO  [           main] [com.ss.sample.SampleApplication    ] - Started SampleApplication in 14.11 seconds (JVM running for 15.544)
16-11-2021 15:01:08 INFO  [           main] [o.s.b.a.ApplicationAvailabilityBean] - Application availability state LivenessState changed to CORRECT
16-11-2021 15:01:08 INFO  [           main] [o.s.b.a.ApplicationAvailabilityBean] - Application availability state ReadinessState changed to ACCEPTING_TRAFFIC
16-11-2021 15:01:32 INFO  [nio-8040-exec-1] [o.a.c.c.C.[Tomcat].[localhost].[/] ] - Initializing Spring DispatcherServlet 'dispatcherServlet'
16-11-2021 15:01:32 INFO  [nio-8040-exec-1] [o.s.web.servlet.DispatcherServlet  ] - Initializing Servlet 'dispatcherServlet'
16-11-2021 15:01:32 INFO  [nio-8040-exec-1] [o.s.web.servlet.DispatcherServlet  ] - Completed initialization in 6 ms
16-11-2021 15:01:36 INFO  [nio-8040-exec-6] [c.s.s.c.s.AuthenticationSuccess    ] - User logged in: admin - 0:0:0:0:0:0:0:1
16-11-2021 15:50:48 INFO  [           main] [com.ss.sample.SampleApplication    ] - Starting SampleApplication using Java 1.8.0_121 on Lakshmi with PID 5260 (D:\Projects\sample\build\classes\java\main started by Sarma in D:\Projects\sample)
16-11-2021 15:50:48 INFO  [kground-preinit] [o.h.validator.internal.util.Version] - HV000001: Hibernate Validator 6.1.1.Final
16-11-2021 15:50:48 INFO  [           main] [com.ss.sample.SampleApplication    ] - No active profile set, falling back to default profiles: default
16-11-2021 15:50:49 WARN  [kground-preinit] [s.h.c.j.Jackson2ObjectMapperBuilder] - For Jackson Kotlin classes support please add "com.fasterxml.jackson.module:jackson-module-kotlin" to the classpath
16-11-2021 15:50:51 INFO  [           main] [r.c.RepositoryConfigurationDelegate] - Bootstrapping Spring Data JPA repositories in DEFAULT mode.
16-11-2021 15:50:51 INFO  [           main] [r.c.RepositoryConfigurationDelegate] - Finished Spring Data repository scanning in 210 ms. Found 3 JPA repository interfaces.
16-11-2021 15:50:52 INFO  [           main] [onDelegate$BeanPostProcessorChecker] - Bean 'org.springframework.security.access.expression.method.DefaultMethodSecurityExpressionHandler@671ea6ff' of type [org.springframework.security.access.expression.method.DefaultMethodSecurityExpressionHandler] is not eligible for getting processed by all BeanPostProcessors (for example: not eligible for auto-proxying)
16-11-2021 15:50:52 INFO  [           main] [onDelegate$BeanPostProcessorChecker] - Bean 'methodSecurityMetadataSource' of type [org.springframework.security.access.method.DelegatingMethodSecurityMetadataSource] is not eligible for getting processed by all BeanPostProcessors (for example: not eligible for auto-proxying)
16-11-2021 15:50:52 INFO  [           main] [onDelegate$BeanPostProcessorChecker] - Bean 'management.metrics-org.springframework.boot.actuate.autoconfigure.metrics.MetricsProperties' of type [org.springframework.boot.actuate.autoconfigure.metrics.MetricsProperties] is not eligible for getting processed by all BeanPostProcessors (for example: not eligible for auto-proxying)
16-11-2021 15:50:52 INFO  [           main] [onDelegate$BeanPostProcessorChecker] - Bean 'org.springframework.boot.actuate.autoconfigure.metrics.data.RepositoryMetricsAutoConfiguration' of type [org.springframework.boot.actuate.autoconfigure.metrics.data.RepositoryMetricsAutoConfiguration] is not eligible for getting processed by all BeanPostProcessors (for example: not eligible for auto-proxying)
16-11-2021 15:50:52 INFO  [           main] [onDelegate$BeanPostProcessorChecker] - Bean 'org.springframework.boot.actuate.autoconfigure.metrics.export.simple.SimpleMetricsExportAutoConfiguration' of type [org.springframework.boot.actuate.autoconfigure.metrics.export.simple.SimpleMetricsExportAutoConfiguration] is not eligible for getting processed by all BeanPostProcessors (for example: not eligible for auto-proxying)
16-11-2021 15:50:52 INFO  [           main] [onDelegate$BeanPostProcessorChecker] - Bean 'management.metrics.export.simple-org.springframework.boot.actuate.autoconfigure.metrics.export.simple.SimpleProperties' of type [org.springframework.boot.actuate.autoconfigure.metrics.export.simple.SimpleProperties] is not eligible for getting processed by all BeanPostProcessors (for example: not eligible for auto-proxying)
16-11-2021 15:50:52 INFO  [           main] [onDelegate$BeanPostProcessorChecker] - Bean 'simpleConfig' of type [org.springframework.boot.actuate.autoconfigure.metrics.export.simple.SimplePropertiesConfigAdapter] is not eligible for getting processed by all BeanPostProcessors (for example: not eligible for auto-proxying)
16-11-2021 15:50:52 INFO  [           main] [onDelegate$BeanPostProcessorChecker] - Bean 'org.springframework.boot.actuate.autoconfigure.metrics.MetricsAutoConfiguration' of type [org.springframework.boot.actuate.autoconfigure.metrics.MetricsAutoConfiguration] is not eligible for getting processed by all BeanPostProcessors (for example: not eligible for auto-proxying)
16-11-2021 15:50:52 INFO  [           main] [onDelegate$BeanPostProcessorChecker] - Bean 'micrometerClock' of type [io.micrometer.core.instrument.Clock$1] is not eligible for getting processed by all BeanPostProcessors (for example: not eligible for auto-proxying)
16-11-2021 15:50:52 INFO  [           main] [onDelegate$BeanPostProcessorChecker] - Bean 'simpleMeterRegistry' of type [io.micrometer.core.instrument.simple.SimpleMeterRegistry] is not eligible for getting processed by all BeanPostProcessors (for example: not eligible for auto-proxying)
16-11-2021 15:50:52 INFO  [           main] [onDelegate$BeanPostProcessorChecker] - Bean 'repositoryTagsProvider' of type [org.springframework.boot.actuate.metrics.data.DefaultRepositoryTagsProvider] is not eligible for getting processed by all BeanPostProcessors (for example: not eligible for auto-proxying)
16-11-2021 15:50:52 INFO  [           main] [onDelegate$BeanPostProcessorChecker] - Bean 'metricsRepositoryMethodInvocationListener' of type [org.springframework.boot.actuate.metrics.data.MetricsRepositoryMethodInvocationListener] is not eligible for getting processed by all BeanPostProcessors (for example: not eligible for auto-proxying)
16-11-2021 15:50:53 INFO  [           main] [o.s.b.w.e.tomcat.TomcatWebServer   ] - Tomcat initialized with port(s): 8040 (http)
16-11-2021 15:50:53 INFO  [           main] [o.a.coyote.http11.Http11NioProtocol] - Initializing ProtocolHandler ["http-nio-8040"]
16-11-2021 15:50:53 INFO  [           main] [o.a.catalina.core.StandardService  ] - Starting service [Tomcat]
16-11-2021 15:50:53 INFO  [           main] [o.a.catalina.core.StandardEngine   ] - Starting Servlet engine: [Apache Tomcat/9.0.46]
16-11-2021 15:50:54 INFO  [           main] [o.apache.jasper.servlet.TldScanner ] - At least one JAR was scanned for TLDs yet contained no TLDs. Enable debug logging for this logger for a complete list of JARs that were scanned but no TLDs were found in them. Skipping unneeded JARs during scanning can improve startup time and JSP compilation time.
16-11-2021 15:50:54 INFO  [           main] [o.a.c.c.C.[Tomcat].[localhost].[/] ] - Initializing Spring embedded WebApplicationContext
16-11-2021 15:50:54 INFO  [           main] [.ServletWebServerApplicationContext] - Root WebApplicationContext: initialization completed in 6084 ms
16-11-2021 15:50:55 INFO  [           main] [o.h.jpa.internal.util.LogHelper    ] - HHH000204: Processing PersistenceUnitInfo [name: default]
16-11-2021 15:50:55 INFO  [           main] [org.hibernate.Version              ] - HHH000412: Hibernate ORM core version 5.4.31.Final
16-11-2021 15:50:55 INFO  [           main] [o.h.annotations.common.Version     ] - HCANN000001: Hibernate Commons Annotations {5.1.2.Final}
16-11-2021 15:50:56 INFO  [           main] [com.zaxxer.hikari.HikariDataSource ] - HikariPool-1 - Starting...
16-11-2021 15:50:56 INFO  [           main] [com.zaxxer.hikari.HikariDataSource ] - HikariPool-1 - Start completed.
16-11-2021 15:50:56 INFO  [           main] [org.hibernate.dialect.Dialect      ] - HHH000400: Using dialect: org.hibernate.dialect.PostgreSQLDialect
16-11-2021 15:50:59 INFO  [           main] [o.h.e.t.j.p.i.JtaPlatformInitiator ] - HHH000490: Using JtaPlatform implementation: [org.hibernate.engine.transaction.jta.platform.internal.NoJtaPlatform]
16-11-2021 15:50:59 INFO  [           main] [alContainerEntityManagerFactoryBean] - Initialized JPA EntityManagerFactory for persistence unit 'default'
16-11-2021 15:51:03 INFO  [           main] [org.apache.tiles.access.TilesAccess] - Publishing TilesContext for context: org.springframework.web.servlet.view.tiles3.SpringWildcardServletTilesApplicationContext
16-11-2021 15:51:03 INFO  [           main] [o.s.s.w.DefaultSecurityFilterChain ] - Will secure Ant [pattern='/resources/**'] with []
16-11-2021 15:51:03 INFO  [           main] [o.s.s.w.DefaultSecurityFilterChain ] - Will secure any request with [org.springframework.security.web.context.request.async.WebAsyncManagerIntegrationFilter@6334c0d8, org.springframework.security.web.context.SecurityContextPersistenceFilter@6bfc5296, org.springframework.security.web.header.HeaderWriterFilter@38e88e13, org.springframework.security.web.csrf.CsrfFilter@63218586, org.springframework.security.web.authentication.logout.LogoutFilter@c7cbc2d, org.springframework.security.web.authentication.UsernamePasswordAuthenticationFilter@1fe2c5ad, org.springframework.security.web.savedrequest.RequestCacheAwareFilter@457d3f54, org.springframework.security.web.servletapi.SecurityContextHolderAwareRequestFilter@439d649c, org.springframework.security.web.authentication.AnonymousAuthenticationFilter@74ed3be4, org.springframework.security.web.session.SessionManagementFilter@1fe37d27, org.springframework.security.web.access.ExceptionTranslationFilter@1016b44e, org.springframework.security.web.access.intercept.FilterSecurityInterceptor@5b1cedfd]
16-11-2021 15:51:07 INFO  [           main] [s.b.a.w.s.WelcomePageHandlerMapping] - Adding welcome page template: index
16-11-2021 15:51:10 INFO  [           main] [o.s.b.a.e.web.EndpointLinksResolver] - Exposing 12 endpoint(s) beneath base path '/application'
16-11-2021 15:51:10 INFO  [           main] [o.a.coyote.http11.Http11NioProtocol] - Starting ProtocolHandler ["http-nio-8040"]
16-11-2021 15:51:10 INFO  [           main] [o.s.b.w.e.tomcat.TomcatWebServer   ] - Tomcat started on port(s): 8040 (http) with context path ''
16-11-2021 15:51:10 INFO  [           main] [com.ss.sample.SampleApplication    ] - Started SampleApplication in 23.749 seconds (JVM running for 24.792)
16-11-2021 15:51:10 INFO  [           main] [o.s.b.a.ApplicationAvailabilityBean] - Application availability state LivenessState changed to CORRECT
16-11-2021 15:51:10 INFO  [           main] [o.s.b.a.ApplicationAvailabilityBean] - Application availability state ReadinessState changed to ACCEPTING_TRAFFIC
16-11-2021 15:51:17 INFO  [nio-8040-exec-1] [o.a.c.c.C.[Tomcat].[localhost].[/] ] - Initializing Spring DispatcherServlet 'dispatcherServlet'
16-11-2021 15:51:17 INFO  [nio-8040-exec-1] [o.s.web.servlet.DispatcherServlet  ] - Initializing Servlet 'dispatcherServlet'
16-11-2021 15:51:17 INFO  [nio-8040-exec-1] [o.s.web.servlet.DispatcherServlet  ] - Completed initialization in 2 ms
16-11-2021 15:51:31 INFO  [nio-8040-exec-8] [c.s.s.c.s.AuthenticationSuccess    ] - User logged in: admin - 0:0:0:0:0:0:0:1
16-11-2021 15:51:40 ERROR [nio-8040-exec-8] [o.a.c.c.C.[.[localhost].[/].[jsp]  ] - Servlet.service() for servlet [jsp] threw exception
javax.servlet.jsp.JspTagException: No message found under code 'jobSeeker.fullName' for locale 'en_US'.
	at org.springframework.web.servlet.tags.MessageTag.doEndTag(MessageTag.java:294)
	at org.apache.jsp.WEB_002dINF.views.recruitment.jobSeeker_jsp._jspx_meth_spring_005fmessage_005f1(jobSeeker_jsp.java:740)
	at org.apache.jsp.WEB_002dINF.views.recruitment.jobSeeker_jsp._jspService(jobSeeker_jsp.java:249)
	at org.apache.jasper.runtime.HttpJspBase.service(HttpJspBase.java:71)
	at javax.servlet.http.HttpServlet.service(HttpServlet.java:733)
	at org.apache.jasper.servlet.JspServletWrapper.service(JspServletWrapper.java:467)
	at org.apache.jasper.servlet.JspServlet.serviceJspFile(JspServlet.java:378)
	at org.apache.jasper.servlet.JspServlet.service(JspServlet.java:326)
	at javax.servlet.http.HttpServlet.service(HttpServlet.java:733)
	at org.apache.catalina.core.ApplicationFilterChain.internalDoFilter(ApplicationFilterChain.java:227)
	at org.apache.catalina.core.ApplicationFilterChain.doFilter(ApplicationFilterChain.java:162)
	at org.springframework.web.filter.OncePerRequestFilter.doFilter(OncePerRequestFilter.java:113)
	at org.apache.catalina.core.ApplicationFilterChain.internalDoFilter(ApplicationFilterChain.java:189)
	at org.apache.catalina.core.ApplicationFilterChain.doFilter(ApplicationFilterChain.java:162)
	at org.springframework.web.filter.OncePerRequestFilter.doFilter(OncePerRequestFilter.java:113)
	at org.apache.catalina.core.ApplicationFilterChain.internalDoFilter(ApplicationFilterChain.java:189)
	at org.apache.catalina.core.ApplicationFilterChain.doFilter(ApplicationFilterChain.java:162)
	at org.springframework.web.filter.OncePerRequestFilter.doFilter(OncePerRequestFilter.java:113)
	at org.apache.catalina.core.ApplicationFilterChain.internalDoFilter(ApplicationFilterChain.java:189)
	at org.apache.catalina.core.ApplicationFilterChain.doFilter(ApplicationFilterChain.java:162)
	at org.apache.catalina.core.ApplicationDispatcher.invoke(ApplicationDispatcher.java:710)
	at org.apache.catalina.core.ApplicationDispatcher.doInclude(ApplicationDispatcher.java:578)
	at org.apache.catalina.core.ApplicationDispatcher.include(ApplicationDispatcher.java:514)
	at org.springframework.security.web.header.HeaderWriterFilter$HeaderWriterRequestDispatcher.include(HeaderWriterFilter.java:177)
	at org.apache.jasper.runtime.JspRuntimeLibrary.include(JspRuntimeLibrary.java:954)
	at org.apache.jasper.runtime.PageContextImpl.include(PageContextImpl.java:496)
	at org.apache.tiles.request.jsp.JspRequest.doInclude(JspRequest.java:123)
	at org.apache.tiles.request.AbstractViewRequest.dispatch(AbstractViewRequest.java:47)
	at org.apache.tiles.request.render.DispatchRenderer.render(DispatchRenderer.java:47)
	at org.apache.tiles.request.render.ChainedDelegateRenderer.render(ChainedDelegateRenderer.java:68)
	at org.apache.tiles.impl.BasicTilesContainer.render(BasicTilesContainer.java:259)
	at org.apache.tiles.template.InsertAttributeModel.renderAttribute(InsertAttributeModel.java:188)
	at org.apache.tiles.template.InsertAttributeModel.execute(InsertAttributeModel.java:132)
	at org.apache.tiles.jsp.taglib.InsertAttributeTag.doTag(InsertAttributeTag.java:299)
	at org.apache.jsp.WEB_002dINF.views.common.tilesTemplate_jsp._jspx_meth_tiles_005finsertAttribute_005f1(tilesTemplate_jsp.java:994)
	at org.apache.jsp.WEB_002dINF.views.common.tilesTemplate_jsp._jspService(tilesTemplate_jsp.java:423)
	at org.apache.jasper.runtime.HttpJspBase.service(HttpJspBase.java:71)
	at javax.servlet.http.HttpServlet.service(HttpServlet.java:733)
	at org.apache.jasper.servlet.JspServletWrapper.service(JspServletWrapper.java:467)
	at org.apache.jasper.servlet.JspServlet.serviceJspFile(JspServlet.java:378)
	at org.apache.jasper.servlet.JspServlet.service(JspServlet.java:326)
	at javax.servlet.http.HttpServlet.service(HttpServlet.java:733)
	at org.apache.catalina.core.ApplicationFilterChain.internalDoFilter(ApplicationFilterChain.java:227)
	at org.apache.catalina.core.ApplicationFilterChain.doFilter(ApplicationFilterChain.java:162)
	at org.apache.tomcat.websocket.server.WsFilter.doFilter(WsFilter.java:53)
	at org.apache.catalina.core.ApplicationFilterChain.internalDoFilter(ApplicationFilterChain.java:189)
	at org.apache.catalina.core.ApplicationFilterChain.doFilter(ApplicationFilterChain.java:162)
	at org.springframework.web.filter.OncePerRequestFilter.doFilter(OncePerRequestFilter.java:113)
	at org.apache.catalina.core.ApplicationFilterChain.internalDoFilter(ApplicationFilterChain.java:189)
	at org.apache.catalina.core.ApplicationFilterChain.doFilter(ApplicationFilterChain.java:162)
	at org.springframework.web.filter.OncePerRequestFilter.doFilter(OncePerRequestFilter.java:113)
	at org.apache.catalina.core.ApplicationFilterChain.internalDoFilter(ApplicationFilterChain.java:189)
	at org.apache.catalina.core.ApplicationFilterChain.doFilter(ApplicationFilterChain.java:162)
	at org.springframework.web.filter.OncePerRequestFilter.doFilter(OncePerRequestFilter.java:113)
	at org.apache.catalina.core.ApplicationFilterChain.internalDoFilter(ApplicationFilterChain.java:189)
	at org.apache.catalina.core.ApplicationFilterChain.doFilter(ApplicationFilterChain.java:162)
	at org.apache.catalina.core.ApplicationDispatcher.invoke(ApplicationDispatcher.java:710)
	at org.apache.catalina.core.ApplicationDispatcher.processRequest(ApplicationDispatcher.java:457)
	at org.apache.catalina.core.ApplicationDispatcher.doForward(ApplicationDispatcher.java:384)
	at org.apache.catalina.core.ApplicationDispatcher.forward(ApplicationDispatcher.java:312)
	at org.springframework.security.web.header.HeaderWriterFilter$HeaderWriterRequestDispatcher.forward(HeaderWriterFilter.java:171)
	at org.apache.tiles.request.servlet.ServletRequest.forward(ServletRequest.java:265)
	at org.apache.tiles.request.servlet.ServletRequest.doForward(ServletRequest.java:228)
	at org.apache.tiles.request.AbstractClientRequest.dispatch(AbstractClientRequest.java:57)
	at org.apache.tiles.request.render.DispatchRenderer.render(DispatchRenderer.java:47)
	at org.apache.tiles.impl.BasicTilesContainer.render(BasicTilesContainer.java:259)
	at org.apache.tiles.impl.BasicTilesContainer.render(BasicTilesContainer.java:397)
	at org.apache.tiles.impl.BasicTilesContainer.render(BasicTilesContainer.java:238)
	at org.apache.tiles.impl.BasicTilesContainer.render(BasicTilesContainer.java:221)
	at org.apache.tiles.renderer.DefinitionRenderer.render(DefinitionRenderer.java:59)
	at org.springframework.web.servlet.view.tiles3.TilesView.renderMergedOutputModel(TilesView.java:147)
	at org.springframework.web.servlet.view.AbstractView.render(AbstractView.java:316)
	at org.springframework.web.servlet.DispatcherServlet.render(DispatcherServlet.java:1396)
	at org.springframework.web.servlet.DispatcherServlet.processDispatchResult(DispatcherServlet.java:1141)
	at org.springframework.web.servlet.DispatcherServlet.doDispatch(DispatcherServlet.java:1080)
	at org.springframework.web.servlet.DispatcherServlet.doService(DispatcherServlet.java:963)
	at org.springframework.web.servlet.FrameworkServlet.processRequest(FrameworkServlet.java:1006)
	at org.springframework.web.servlet.FrameworkServlet.doGet(FrameworkServlet.java:898)
	at javax.servlet.http.HttpServlet.service(HttpServlet.java:626)
	at org.springframework.web.servlet.FrameworkServlet.service(FrameworkServlet.java:883)
	at javax.servlet.http.HttpServlet.service(HttpServlet.java:733)
	at org.apache.catalina.core.ApplicationFilterChain.internalDoFilter(ApplicationFilterChain.java:227)
	at org.apache.catalina.core.ApplicationFilterChain.doFilter(ApplicationFilterChain.java:162)
	at org.apache.tomcat.websocket.server.WsFilter.doFilter(WsFilter.java:53)
	at org.apache.catalina.core.ApplicationFilterChain.internalDoFilter(ApplicationFilterChain.java:189)
	at org.apache.catalina.core.ApplicationFilterChain.doFilter(ApplicationFilterChain.java:162)
	at com.ss.sample.filter.UrlSessionFilter.doFilter(UrlSessionFilter.java:62)
	at org.apache.catalina.core.ApplicationFilterChain.internalDoFilter(ApplicationFilterChain.java:189)
	at org.apache.catalina.core.ApplicationFilterChain.doFilter(ApplicationFilterChain.java:162)
	at com.ss.sample.filter.CookieFilter.doFilter(CookieFilter.java:40)
	at org.apache.catalina.core.ApplicationFilterChain.internalDoFilter(ApplicationFilterChain.java:189)
	at org.apache.catalina.core.ApplicationFilterChain.doFilter(ApplicationFilterChain.java:162)
	at org.springframework.security.web.FilterChainProxy$VirtualFilterChain.doFilter(FilterChainProxy.java:327)
	at org.springframework.security.web.access.intercept.FilterSecurityInterceptor.invoke(FilterSecurityInterceptor.java:115)
	at org.springframework.security.web.access.intercept.FilterSecurityInterceptor.doFilter(FilterSecurityInterceptor.java:81)
	at org.springframework.security.web.FilterChainProxy$VirtualFilterChain.doFilter(FilterChainProxy.java:336)
	at org.springframework.security.web.access.ExceptionTranslationFilter.doFilter(ExceptionTranslationFilter.java:121)
	at org.springframework.security.web.access.ExceptionTranslationFilter.doFilter(ExceptionTranslationFilter.java:115)
	at org.springframework.security.web.FilterChainProxy$VirtualFilterChain.doFilter(FilterChainProxy.java:336)
	at org.springframework.security.web.session.SessionManagementFilter.doFilter(SessionManagementFilter.java:126)
	at org.springframework.security.web.session.SessionManagementFilter.doFilter(SessionManagementFilter.java:81)
	at org.springframework.security.web.FilterChainProxy$VirtualFilterChain.doFilter(FilterChainProxy.java:336)
	at org.springframework.security.web.authentication.AnonymousAuthenticationFilter.doFilter(AnonymousAuthenticationFilter.java:105)
	at org.springframework.security.web.FilterChainProxy$VirtualFilterChain.doFilter(FilterChainProxy.java:336)
	at org.springframework.security.web.servletapi.SecurityContextHolderAwareRequestFilter.doFilter(SecurityContextHolderAwareRequestFilter.java:149)
	at org.springframework.security.web.FilterChainProxy$VirtualFilterChain.doFilter(FilterChainProxy.java:336)
	at org.springframework.security.web.savedrequest.RequestCacheAwareFilter.doFilter(RequestCacheAwareFilter.java:63)
	at org.springframework.security.web.FilterChainProxy$VirtualFilterChain.doFilter(FilterChainProxy.java:336)
	at org.springframework.security.web.authentication.AbstractAuthenticationProcessingFilter.doFilter(AbstractAuthenticationProcessingFilter.java:218)
	at org.springframework.security.web.authentication.AbstractAuthenticationProcessingFilter.doFilter(AbstractAuthenticationProcessingFilter.java:212)
	at org.springframework.security.web.FilterChainProxy$VirtualFilterChain.doFilter(FilterChainProxy.java:336)
	at org.springframework.security.web.authentication.logout.LogoutFilter.doFilter(LogoutFilter.java:103)
	at org.springframework.security.web.authentication.logout.LogoutFilter.doFilter(LogoutFilter.java:89)
	at org.springframework.security.web.FilterChainProxy$VirtualFilterChain.doFilter(FilterChainProxy.java:336)
	at org.springframework.security.web.csrf.CsrfFilter.doFilterInternal(CsrfFilter.java:117)
	at org.springframework.web.filter.OncePerRequestFilter.doFilter(OncePerRequestFilter.java:119)
	at org.springframework.security.web.FilterChainProxy$VirtualFilterChain.doFilter(FilterChainProxy.java:336)
	at org.springframework.security.web.header.HeaderWriterFilter.doHeadersAfter(HeaderWriterFilter.java:90)
	at org.springframework.security.web.header.HeaderWriterFilter.doFilterInternal(HeaderWriterFilter.java:75)
	at org.springframework.web.filter.OncePerRequestFilter.doFilter(OncePerRequestFilter.java:119)
	at org.springframework.security.web.FilterChainProxy$VirtualFilterChain.doFilter(FilterChainProxy.java:336)
	at org.springframework.security.web.context.SecurityContextPersistenceFilter.doFilter(SecurityContextPersistenceFilter.java:110)
	at org.springframework.security.web.context.SecurityContextPersistenceFilter.doFilter(SecurityContextPersistenceFilter.java:80)
	at org.springframework.security.web.FilterChainProxy$VirtualFilterChain.doFilter(FilterChainProxy.java:336)
	at org.springframework.security.web.context.request.async.WebAsyncManagerIntegrationFilter.doFilterInternal(WebAsyncManagerIntegrationFilter.java:55)
	at org.springframework.web.filter.OncePerRequestFilter.doFilter(OncePerRequestFilter.java:119)
	at org.springframework.security.web.FilterChainProxy$VirtualFilterChain.doFilter(FilterChainProxy.java:336)
	at org.springframework.security.web.FilterChainProxy.doFilterInternal(FilterChainProxy.java:211)
	at org.springframework.security.web.FilterChainProxy.doFilter(FilterChainProxy.java:183)
	at org.springframework.web.filter.DelegatingFilterProxy.invokeDelegate(DelegatingFilterProxy.java:358)
	at org.springframework.web.filter.DelegatingFilterProxy.doFilter(DelegatingFilterProxy.java:271)
	at org.apache.catalina.core.ApplicationFilterChain.internalDoFilter(ApplicationFilterChain.java:189)
	at org.apache.catalina.core.ApplicationFilterChain.doFilter(ApplicationFilterChain.java:162)
	at org.springframework.web.filter.RequestContextFilter.doFilterInternal(RequestContextFilter.java:100)
	at org.springframework.web.filter.OncePerRequestFilter.doFilter(OncePerRequestFilter.java:119)
	at org.apache.catalina.core.ApplicationFilterChain.internalDoFilter(ApplicationFilterChain.java:189)
	at org.apache.catalina.core.ApplicationFilterChain.doFilter(ApplicationFilterChain.java:162)
	at org.springframework.web.filter.FormContentFilter.doFilterInternal(FormContentFilter.java:93)
	at org.springframework.web.filter.OncePerRequestFilter.doFilter(OncePerRequestFilter.java:119)
	at org.apache.catalina.core.ApplicationFilterChain.internalDoFilter(ApplicationFilterChain.java:189)
	at org.apache.catalina.core.ApplicationFilterChain.doFilter(ApplicationFilterChain.java:162)
	at org.springframework.boot.actuate.metrics.web.servlet.WebMvcMetricsFilter.doFilterInternal(WebMvcMetricsFilter.java:96)
	at org.springframework.web.filter.OncePerRequestFilter.doFilter(OncePerRequestFilter.java:119)
	at org.apache.catalina.core.ApplicationFilterChain.internalDoFilter(ApplicationFilterChain.java:189)
	at org.apache.catalina.core.ApplicationFilterChain.doFilter(ApplicationFilterChain.java:162)
	at org.springframework.web.filter.CharacterEncodingFilter.doFilterInternal(CharacterEncodingFilter.java:201)
	at org.springframework.web.filter.OncePerRequestFilter.doFilter(OncePerRequestFilter.java:119)
	at org.apache.catalina.core.ApplicationFilterChain.internalDoFilter(ApplicationFilterChain.java:189)
	at org.apache.catalina.core.ApplicationFilterChain.doFilter(ApplicationFilterChain.java:162)
	at org.apache.catalina.core.StandardWrapperValve.invoke(StandardWrapperValve.java:202)
	at org.apache.catalina.core.StandardContextValve.invoke(StandardContextValve.java:97)
	at org.apache.catalina.authenticator.AuthenticatorBase.invoke(AuthenticatorBase.java:542)
	at org.apache.catalina.core.StandardHostValve.invoke(StandardHostValve.java:143)
	at org.apache.catalina.valves.ErrorReportValve.invoke(ErrorReportValve.java:92)
	at org.apache.catalina.core.StandardEngineValve.invoke(StandardEngineValve.java:78)
	at org.apache.catalina.connector.CoyoteAdapter.service(CoyoteAdapter.java:357)
	at org.apache.coyote.http11.Http11Processor.service(Http11Processor.java:374)
	at org.apache.coyote.AbstractProcessorLight.process(AbstractProcessorLight.java:65)
	at org.apache.coyote.AbstractProtocol$ConnectionHandler.process(AbstractProtocol.java:893)
	at org.apache.tomcat.util.net.NioEndpoint$SocketProcessor.doRun(NioEndpoint.java:1707)
	at org.apache.tomcat.util.net.SocketProcessorBase.run(SocketProcessorBase.java:49)
	at java.util.concurrent.ThreadPoolExecutor.runWorker(ThreadPoolExecutor.java:1142)
	at java.util.concurrent.ThreadPoolExecutor$Worker.run(ThreadPoolExecutor.java:617)
	at org.apache.tomcat.util.threads.TaskThread$WrappingRunnable.run(TaskThread.java:61)
	at java.lang.Thread.run(Thread.java:745)
16-11-2021 15:51:40 ERROR [nio-8040-exec-8] [o.a.c.c.C.[.[localhost].[/].[jsp]  ] - Servlet.service() for servlet [jsp] threw exception
java.io.IOException: JSPException including path '/WEB-INF/views/recruitment/jobSeeker.jsp'.
	at org.apache.tiles.request.servlet.ServletUtil.wrapServletException(ServletUtil.java:61)
	at org.apache.tiles.request.jsp.JspRequest.doInclude(JspRequest.java:125)
	at org.apache.tiles.request.AbstractViewRequest.dispatch(AbstractViewRequest.java:47)
	at org.apache.tiles.request.render.DispatchRenderer.render(DispatchRenderer.java:47)
	at org.apache.tiles.request.render.ChainedDelegateRenderer.render(ChainedDelegateRenderer.java:68)
	at org.apache.tiles.impl.BasicTilesContainer.render(BasicTilesContainer.java:259)
	at org.apache.tiles.template.InsertAttributeModel.renderAttribute(InsertAttributeModel.java:188)
	at org.apache.tiles.template.InsertAttributeModel.execute(InsertAttributeModel.java:132)
	at org.apache.tiles.jsp.taglib.InsertAttributeTag.doTag(InsertAttributeTag.java:299)
	at org.apache.jsp.WEB_002dINF.views.common.tilesTemplate_jsp._jspx_meth_tiles_005finsertAttribute_005f1(tilesTemplate_jsp.java:994)
	at org.apache.jsp.WEB_002dINF.views.common.tilesTemplate_jsp._jspService(tilesTemplate_jsp.java:423)
	at org.apache.jasper.runtime.HttpJspBase.service(HttpJspBase.java:71)
	at javax.servlet.http.HttpServlet.service(HttpServlet.java:733)
	at org.apache.jasper.servlet.JspServletWrapper.service(JspServletWrapper.java:467)
	at org.apache.jasper.servlet.JspServlet.serviceJspFile(JspServlet.java:378)
	at org.apache.jasper.servlet.JspServlet.service(JspServlet.java:326)
	at javax.servlet.http.HttpServlet.service(HttpServlet.java:733)
	at org.apache.catalina.core.ApplicationFilterChain.internalDoFilter(ApplicationFilterChain.java:227)
	at org.apache.catalina.core.ApplicationFilterChain.doFilter(ApplicationFilterChain.java:162)
	at org.apache.tomcat.websocket.server.WsFilter.doFilter(WsFilter.java:53)
	at org.apache.catalina.core.ApplicationFilterChain.internalDoFilter(ApplicationFilterChain.java:189)
	at org.apache.catalina.core.ApplicationFilterChain.doFilter(ApplicationFilterChain.java:162)
	at org.springframework.web.filter.OncePerRequestFilter.doFilter(OncePerRequestFilter.java:113)
	at org.apache.catalina.core.ApplicationFilterChain.internalDoFilter(ApplicationFilterChain.java:189)
	at org.apache.catalina.core.ApplicationFilterChain.doFilter(ApplicationFilterChain.java:162)
	at org.springframework.web.filter.OncePerRequestFilter.doFilter(OncePerRequestFilter.java:113)
	at org.apache.catalina.core.ApplicationFilterChain.internalDoFilter(ApplicationFilterChain.java:189)
	at org.apache.catalina.core.ApplicationFilterChain.doFilter(ApplicationFilterChain.java:162)
	at org.springframework.web.filter.OncePerRequestFilter.doFilter(OncePerRequestFilter.java:113)
	at org.apache.catalina.core.ApplicationFilterChain.internalDoFilter(ApplicationFilterChain.java:189)
	at org.apache.catalina.core.ApplicationFilterChain.doFilter(ApplicationFilterChain.java:162)
	at org.apache.catalina.core.ApplicationDispatcher.invoke(ApplicationDispatcher.java:710)
	at org.apache.catalina.core.ApplicationDispatcher.processRequest(ApplicationDispatcher.java:457)
	at org.apache.catalina.core.ApplicationDispatcher.doForward(ApplicationDispatcher.java:384)
	at org.apache.catalina.core.ApplicationDispatcher.forward(ApplicationDispatcher.java:312)
	at org.springframework.security.web.header.HeaderWriterFilter$HeaderWriterRequestDispatcher.forward(HeaderWriterFilter.java:171)
	at org.apache.tiles.request.servlet.ServletRequest.forward(ServletRequest.java:265)
	at org.apache.tiles.request.servlet.ServletRequest.doForward(ServletRequest.java:228)
	at org.apache.tiles.request.AbstractClientRequest.dispatch(AbstractClientRequest.java:57)
	at org.apache.tiles.request.render.DispatchRenderer.render(DispatchRenderer.java:47)
	at org.apache.tiles.impl.BasicTilesContainer.render(BasicTilesContainer.java:259)
	at org.apache.tiles.impl.BasicTilesContainer.render(BasicTilesContainer.java:397)
	at org.apache.tiles.impl.BasicTilesContainer.render(BasicTilesContainer.java:238)
	at org.apache.tiles.impl.BasicTilesContainer.render(BasicTilesContainer.java:221)
	at org.apache.tiles.renderer.DefinitionRenderer.render(DefinitionRenderer.java:59)
	at org.springframework.web.servlet.view.tiles3.TilesView.renderMergedOutputModel(TilesView.java:147)
	at org.springframework.web.servlet.view.AbstractView.render(AbstractView.java:316)
	at org.springframework.web.servlet.DispatcherServlet.render(DispatcherServlet.java:1396)
	at org.springframework.web.servlet.DispatcherServlet.processDispatchResult(DispatcherServlet.java:1141)
	at org.springframework.web.servlet.DispatcherServlet.doDispatch(DispatcherServlet.java:1080)
	at org.springframework.web.servlet.DispatcherServlet.doService(DispatcherServlet.java:963)
	at org.springframework.web.servlet.FrameworkServlet.processRequest(FrameworkServlet.java:1006)
	at org.springframework.web.servlet.FrameworkServlet.doGet(FrameworkServlet.java:898)
	at javax.servlet.http.HttpServlet.service(HttpServlet.java:626)
	at org.springframework.web.servlet.FrameworkServlet.service(FrameworkServlet.java:883)
	at javax.servlet.http.HttpServlet.service(HttpServlet.java:733)
	at org.apache.catalina.core.ApplicationFilterChain.internalDoFilter(ApplicationFilterChain.java:227)
	at org.apache.catalina.core.ApplicationFilterChain.doFilter(ApplicationFilterChain.java:162)
	at org.apache.tomcat.websocket.server.WsFilter.doFilter(WsFilter.java:53)
	at org.apache.catalina.core.ApplicationFilterChain.internalDoFilter(ApplicationFilterChain.java:189)
	at org.apache.catalina.core.ApplicationFilterChain.doFilter(ApplicationFilterChain.java:162)
	at com.ss.sample.filter.UrlSessionFilter.doFilter(UrlSessionFilter.java:62)
	at org.apache.catalina.core.ApplicationFilterChain.internalDoFilter(ApplicationFilterChain.java:189)
	at org.apache.catalina.core.ApplicationFilterChain.doFilter(ApplicationFilterChain.java:162)
	at com.ss.sample.filter.CookieFilter.doFilter(CookieFilter.java:40)
	at org.apache.catalina.core.ApplicationFilterChain.internalDoFilter(ApplicationFilterChain.java:189)
	at org.apache.catalina.core.ApplicationFilterChain.doFilter(ApplicationFilterChain.java:162)
	at org.springframework.security.web.FilterChainProxy$VirtualFilterChain.doFilter(FilterChainProxy.java:327)
	at org.springframework.security.web.access.intercept.FilterSecurityInterceptor.invoke(FilterSecurityInterceptor.java:115)
	at org.springframework.security.web.access.intercept.FilterSecurityInterceptor.doFilter(FilterSecurityInterceptor.java:81)
	at org.springframework.security.web.FilterChainProxy$VirtualFilterChain.doFilter(FilterChainProxy.java:336)
	at org.springframework.security.web.access.ExceptionTranslationFilter.doFilter(ExceptionTranslationFilter.java:121)
	at org.springframework.security.web.access.ExceptionTranslationFilter.doFilter(ExceptionTranslationFilter.java:115)
	at org.springframework.security.web.FilterChainProxy$VirtualFilterChain.doFilter(FilterChainProxy.java:336)
	at org.springframework.security.web.session.SessionManagementFilter.doFilter(SessionManagementFilter.java:126)
	at org.springframework.security.web.session.SessionManagementFilter.doFilter(SessionManagementFilter.java:81)
	at org.springframework.security.web.FilterChainProxy$VirtualFilterChain.doFilter(FilterChainProxy.java:336)
	at org.springframework.security.web.authentication.AnonymousAuthenticationFilter.doFilter(AnonymousAuthenticationFilter.java:105)
	at org.springframework.security.web.FilterChainProxy$VirtualFilterChain.doFilter(FilterChainProxy.java:336)
	at org.springframework.security.web.servletapi.SecurityContextHolderAwareRequestFilter.doFilter(SecurityContextHolderAwareRequestFilter.java:149)
	at org.springframework.security.web.FilterChainProxy$VirtualFilterChain.doFilter(FilterChainProxy.java:336)
	at org.springframework.security.web.savedrequest.RequestCacheAwareFilter.doFilter(RequestCacheAwareFilter.java:63)
	at org.springframework.security.web.FilterChainProxy$VirtualFilterChain.doFilter(FilterChainProxy.java:336)
	at org.springframework.security.web.authentication.AbstractAuthenticationProcessingFilter.doFilter(AbstractAuthenticationProcessingFilter.java:218)
	at org.springframework.security.web.authentication.AbstractAuthenticationProcessingFilter.doFilter(AbstractAuthenticationProcessingFilter.java:212)
	at org.springframework.security.web.FilterChainProxy$VirtualFilterChain.doFilter(FilterChainProxy.java:336)
	at org.springframework.security.web.authentication.logout.LogoutFilter.doFilter(LogoutFilter.java:103)
	at org.springframework.security.web.authentication.logout.LogoutFilter.doFilter(LogoutFilter.java:89)
	at org.springframework.security.web.FilterChainProxy$VirtualFilterChain.doFilter(FilterChainProxy.java:336)
	at org.springframework.security.web.csrf.CsrfFilter.doFilterInternal(CsrfFilter.java:117)
	at org.springframework.web.filter.OncePerRequestFilter.doFilter(OncePerRequestFilter.java:119)
	at org.springframework.security.web.FilterChainProxy$VirtualFilterChain.doFilter(FilterChainProxy.java:336)
	at org.springframework.security.web.header.HeaderWriterFilter.doHeadersAfter(HeaderWriterFilter.java:90)
	at org.springframework.security.web.header.HeaderWriterFilter.doFilterInternal(HeaderWriterFilter.java:75)
	at org.springframework.web.filter.OncePerRequestFilter.doFilter(OncePerRequestFilter.java:119)
	at org.springframework.security.web.FilterChainProxy$VirtualFilterChain.doFilter(FilterChainProxy.java:336)
	at org.springframework.security.web.context.SecurityContextPersistenceFilter.doFilter(SecurityContextPersistenceFilter.java:110)
	at org.springframework.security.web.context.SecurityContextPersistenceFilter.doFilter(SecurityContextPersistenceFilter.java:80)
	at org.springframework.security.web.FilterChainProxy$VirtualFilterChain.doFilter(FilterChainProxy.java:336)
	at org.springframework.security.web.context.request.async.WebAsyncManagerIntegrationFilter.doFilterInternal(WebAsyncManagerIntegrationFilter.java:55)
	at org.springframework.web.filter.OncePerRequestFilter.doFilter(OncePerRequestFilter.java:119)
	at org.springframework.security.web.FilterChainProxy$VirtualFilterChain.doFilter(FilterChainProxy.java:336)
	at org.springframework.security.web.FilterChainProxy.doFilterInternal(FilterChainProxy.java:211)
	at org.springframework.security.web.FilterChainProxy.doFilter(FilterChainProxy.java:183)
	at org.springframework.web.filter.DelegatingFilterProxy.invokeDelegate(DelegatingFilterProxy.java:358)
	at org.springframework.web.filter.DelegatingFilterProxy.doFilter(DelegatingFilterProxy.java:271)
	at org.apache.catalina.core.ApplicationFilterChain.internalDoFilter(ApplicationFilterChain.java:189)
	at org.apache.catalina.core.ApplicationFilterChain.doFilter(ApplicationFilterChain.java:162)
	at org.springframework.web.filter.RequestContextFilter.doFilterInternal(RequestContextFilter.java:100)
	at org.springframework.web.filter.OncePerRequestFilter.doFilter(OncePerRequestFilter.java:119)
	at org.apache.catalina.core.ApplicationFilterChain.internalDoFilter(ApplicationFilterChain.java:189)
	at org.apache.catalina.core.ApplicationFilterChain.doFilter(ApplicationFilterChain.java:162)
	at org.springframework.web.filter.FormContentFilter.doFilterInternal(FormContentFilter.java:93)
	at org.springframework.web.filter.OncePerRequestFilter.doFilter(OncePerRequestFilter.java:119)
	at org.apache.catalina.core.ApplicationFilterChain.internalDoFilter(ApplicationFilterChain.java:189)
	at org.apache.catalina.core.ApplicationFilterChain.doFilter(ApplicationFilterChain.java:162)
	at org.springframework.boot.actuate.metrics.web.servlet.WebMvcMetricsFilter.doFilterInternal(WebMvcMetricsFilter.java:96)
	at org.springframework.web.filter.OncePerRequestFilter.doFilter(OncePerRequestFilter.java:119)
	at org.apache.catalina.core.ApplicationFilterChain.internalDoFilter(ApplicationFilterChain.java:189)
	at org.apache.catalina.core.ApplicationFilterChain.doFilter(ApplicationFilterChain.java:162)
	at org.springframework.web.filter.CharacterEncodingFilter.doFilterInternal(CharacterEncodingFilter.java:201)
	at org.springframework.web.filter.OncePerRequestFilter.doFilter(OncePerRequestFilter.java:119)
	at org.apache.catalina.core.ApplicationFilterChain.internalDoFilter(ApplicationFilterChain.java:189)
	at org.apache.catalina.core.ApplicationFilterChain.doFilter(ApplicationFilterChain.java:162)
	at org.apache.catalina.core.StandardWrapperValve.invoke(StandardWrapperValve.java:202)
	at org.apache.catalina.core.StandardContextValve.invoke(StandardContextValve.java:97)
	at org.apache.catalina.authenticator.AuthenticatorBase.invoke(AuthenticatorBase.java:542)
	at org.apache.catalina.core.StandardHostValve.invoke(StandardHostValve.java:143)
	at org.apache.catalina.valves.ErrorReportValve.invoke(ErrorReportValve.java:92)
	at org.apache.catalina.core.StandardEngineValve.invoke(StandardEngineValve.java:78)
	at org.apache.catalina.connector.CoyoteAdapter.service(CoyoteAdapter.java:357)
	at org.apache.coyote.http11.Http11Processor.service(Http11Processor.java:374)
	at org.apache.coyote.AbstractProcessorLight.process(AbstractProcessorLight.java:65)
	at org.apache.coyote.AbstractProtocol$ConnectionHandler.process(AbstractProtocol.java:893)
	at org.apache.tomcat.util.net.NioEndpoint$SocketProcessor.doRun(NioEndpoint.java:1707)
	at org.apache.tomcat.util.net.SocketProcessorBase.run(SocketProcessorBase.java:49)
	at java.util.concurrent.ThreadPoolExecutor.runWorker(ThreadPoolExecutor.java:1142)
	at java.util.concurrent.ThreadPoolExecutor$Worker.run(ThreadPoolExecutor.java:617)
	at org.apache.tomcat.util.threads.TaskThread$WrappingRunnable.run(TaskThread.java:61)
	at java.lang.Thread.run(Thread.java:745)
Caused by: javax.servlet.jsp.JspTagException: No message found under code 'jobSeeker.fullName' for locale 'en_US'.
	at org.springframework.web.servlet.tags.MessageTag.doEndTag(MessageTag.java:294)
	at org.apache.jsp.WEB_002dINF.views.recruitment.jobSeeker_jsp._jspx_meth_spring_005fmessage_005f1(jobSeeker_jsp.java:740)
	at org.apache.jsp.WEB_002dINF.views.recruitment.jobSeeker_jsp._jspService(jobSeeker_jsp.java:249)
	at org.apache.jasper.runtime.HttpJspBase.service(HttpJspBase.java:71)
	at javax.servlet.http.HttpServlet.service(HttpServlet.java:733)
	at org.apache.jasper.servlet.JspServletWrapper.service(JspServletWrapper.java:467)
	at org.apache.jasper.servlet.JspServlet.serviceJspFile(JspServlet.java:378)
	at org.apache.jasper.servlet.JspServlet.service(JspServlet.java:326)
	at javax.servlet.http.HttpServlet.service(HttpServlet.java:733)
	at org.apache.catalina.core.ApplicationFilterChain.internalDoFilter(ApplicationFilterChain.java:227)
	at org.apache.catalina.core.ApplicationFilterChain.doFilter(ApplicationFilterChain.java:162)
	at org.springframework.web.filter.OncePerRequestFilter.doFilter(OncePerRequestFilter.java:113)
	at org.apache.catalina.core.ApplicationFilterChain.internalDoFilter(ApplicationFilterChain.java:189)
	at org.apache.catalina.core.ApplicationFilterChain.doFilter(ApplicationFilterChain.java:162)
	at org.springframework.web.filter.OncePerRequestFilter.doFilter(OncePerRequestFilter.java:113)
	at org.apache.catalina.core.ApplicationFilterChain.internalDoFilter(ApplicationFilterChain.java:189)
	at org.apache.catalina.core.ApplicationFilterChain.doFilter(ApplicationFilterChain.java:162)
	at org.springframework.web.filter.OncePerRequestFilter.doFilter(OncePerRequestFilter.java:113)
	at org.apache.catalina.core.ApplicationFilterChain.internalDoFilter(ApplicationFilterChain.java:189)
	at org.apache.catalina.core.ApplicationFilterChain.doFilter(ApplicationFilterChain.java:162)
	at org.apache.catalina.core.ApplicationDispatcher.invoke(ApplicationDispatcher.java:710)
	at org.apache.catalina.core.ApplicationDispatcher.doInclude(ApplicationDispatcher.java:578)
	at org.apache.catalina.core.ApplicationDispatcher.include(ApplicationDispatcher.java:514)
	at org.springframework.security.web.header.HeaderWriterFilter$HeaderWriterRequestDispatcher.include(HeaderWriterFilter.java:177)
	at org.apache.jasper.runtime.JspRuntimeLibrary.include(JspRuntimeLibrary.java:954)
	at org.apache.jasper.runtime.PageContextImpl.include(PageContextImpl.java:496)
	at org.apache.tiles.request.jsp.JspRequest.doInclude(JspRequest.java:123)
	... 138 common frames omitted
16-11-2021 15:51:40 ERROR [nio-8040-exec-8] [o.a.c.c.C.[.[.[.[dispatcherServlet]] - Servlet.service() for servlet [dispatcherServlet] in context with path [] threw exception [Request processing failed; nested exception is org.apache.tiles.request.render.CannotRenderException: JSPException including path '/WEB-INF/views/recruitment/jobSeeker.jsp'.] with root cause
javax.servlet.jsp.JspTagException: No message found under code 'jobSeeker.fullName' for locale 'en_US'.
	at org.springframework.web.servlet.tags.MessageTag.doEndTag(MessageTag.java:294)
	at org.apache.jsp.WEB_002dINF.views.recruitment.jobSeeker_jsp._jspx_meth_spring_005fmessage_005f1(jobSeeker_jsp.java:740)
	at org.apache.jsp.WEB_002dINF.views.recruitment.jobSeeker_jsp._jspService(jobSeeker_jsp.java:249)
	at org.apache.jasper.runtime.HttpJspBase.service(HttpJspBase.java:71)
	at javax.servlet.http.HttpServlet.service(HttpServlet.java:733)
	at org.apache.jasper.servlet.JspServletWrapper.service(JspServletWrapper.java:467)
	at org.apache.jasper.servlet.JspServlet.serviceJspFile(JspServlet.java:378)
	at org.apache.jasper.servlet.JspServlet.service(JspServlet.java:326)
	at javax.servlet.http.HttpServlet.service(HttpServlet.java:733)
	at org.apache.catalina.core.ApplicationFilterChain.internalDoFilter(ApplicationFilterChain.java:227)
	at org.apache.catalina.core.ApplicationFilterChain.doFilter(ApplicationFilterChain.java:162)
	at org.springframework.web.filter.OncePerRequestFilter.doFilter(OncePerRequestFilter.java:113)
	at org.apache.catalina.core.ApplicationFilterChain.internalDoFilter(ApplicationFilterChain.java:189)
	at org.apache.catalina.core.ApplicationFilterChain.doFilter(ApplicationFilterChain.java:162)
	at org.springframework.web.filter.OncePerRequestFilter.doFilter(OncePerRequestFilter.java:113)
	at org.apache.catalina.core.ApplicationFilterChain.internalDoFilter(ApplicationFilterChain.java:189)
	at org.apache.catalina.core.ApplicationFilterChain.doFilter(ApplicationFilterChain.java:162)
	at org.springframework.web.filter.OncePerRequestFilter.doFilter(OncePerRequestFilter.java:113)
	at org.apache.catalina.core.ApplicationFilterChain.internalDoFilter(ApplicationFilterChain.java:189)
	at org.apache.catalina.core.ApplicationFilterChain.doFilter(ApplicationFilterChain.java:162)
	at org.apache.catalina.core.ApplicationDispatcher.invoke(ApplicationDispatcher.java:710)
	at org.apache.catalina.core.ApplicationDispatcher.doInclude(ApplicationDispatcher.java:578)
	at org.apache.catalina.core.ApplicationDispatcher.include(ApplicationDispatcher.java:514)
	at org.springframework.security.web.header.HeaderWriterFilter$HeaderWriterRequestDispatcher.include(HeaderWriterFilter.java:177)
	at org.apache.jasper.runtime.JspRuntimeLibrary.include(JspRuntimeLibrary.java:954)
	at org.apache.jasper.runtime.PageContextImpl.include(PageContextImpl.java:496)
	at org.apache.tiles.request.jsp.JspRequest.doInclude(JspRequest.java:123)
	at org.apache.tiles.request.AbstractViewRequest.dispatch(AbstractViewRequest.java:47)
	at org.apache.tiles.request.render.DispatchRenderer.render(DispatchRenderer.java:47)
	at org.apache.tiles.request.render.ChainedDelegateRenderer.render(ChainedDelegateRenderer.java:68)
	at org.apache.tiles.impl.BasicTilesContainer.render(BasicTilesContainer.java:259)
	at org.apache.tiles.template.InsertAttributeModel.renderAttribute(InsertAttributeModel.java:188)
	at org.apache.tiles.template.InsertAttributeModel.execute(InsertAttributeModel.java:132)
	at org.apache.tiles.jsp.taglib.InsertAttributeTag.doTag(InsertAttributeTag.java:299)
	at org.apache.jsp.WEB_002dINF.views.common.tilesTemplate_jsp._jspx_meth_tiles_005finsertAttribute_005f1(tilesTemplate_jsp.java:994)
	at org.apache.jsp.WEB_002dINF.views.common.tilesTemplate_jsp._jspService(tilesTemplate_jsp.java:423)
	at org.apache.jasper.runtime.HttpJspBase.service(HttpJspBase.java:71)
	at javax.servlet.http.HttpServlet.service(HttpServlet.java:733)
	at org.apache.jasper.servlet.JspServletWrapper.service(JspServletWrapper.java:467)
	at org.apache.jasper.servlet.JspServlet.serviceJspFile(JspServlet.java:378)
	at org.apache.jasper.servlet.JspServlet.service(JspServlet.java:326)
	at javax.servlet.http.HttpServlet.service(HttpServlet.java:733)
	at org.apache.catalina.core.ApplicationFilterChain.internalDoFilter(ApplicationFilterChain.java:227)
	at org.apache.catalina.core.ApplicationFilterChain.doFilter(ApplicationFilterChain.java:162)
	at org.apache.tomcat.websocket.server.WsFilter.doFilter(WsFilter.java:53)
	at org.apache.catalina.core.ApplicationFilterChain.internalDoFilter(ApplicationFilterChain.java:189)
	at org.apache.catalina.core.ApplicationFilterChain.doFilter(ApplicationFilterChain.java:162)
	at org.springframework.web.filter.OncePerRequestFilter.doFilter(OncePerRequestFilter.java:113)
	at org.apache.catalina.core.ApplicationFilterChain.internalDoFilter(ApplicationFilterChain.java:189)
	at org.apache.catalina.core.ApplicationFilterChain.doFilter(ApplicationFilterChain.java:162)
	at org.springframework.web.filter.OncePerRequestFilter.doFilter(OncePerRequestFilter.java:113)
	at org.apache.catalina.core.ApplicationFilterChain.internalDoFilter(ApplicationFilterChain.java:189)
	at org.apache.catalina.core.ApplicationFilterChain.doFilter(ApplicationFilterChain.java:162)
	at org.springframework.web.filter.OncePerRequestFilter.doFilter(OncePerRequestFilter.java:113)
	at org.apache.catalina.core.ApplicationFilterChain.internalDoFilter(ApplicationFilterChain.java:189)
	at org.apache.catalina.core.ApplicationFilterChain.doFilter(ApplicationFilterChain.java:162)
	at org.apache.catalina.core.ApplicationDispatcher.invoke(ApplicationDispatcher.java:710)
	at org.apache.catalina.core.ApplicationDispatcher.processRequest(ApplicationDispatcher.java:457)
	at org.apache.catalina.core.ApplicationDispatcher.doForward(ApplicationDispatcher.java:384)
	at org.apache.catalina.core.ApplicationDispatcher.forward(ApplicationDispatcher.java:312)
	at org.springframework.security.web.header.HeaderWriterFilter$HeaderWriterRequestDispatcher.forward(HeaderWriterFilter.java:171)
	at org.apache.tiles.request.servlet.ServletRequest.forward(ServletRequest.java:265)
	at org.apache.tiles.request.servlet.ServletRequest.doForward(ServletRequest.java:228)
	at org.apache.tiles.request.AbstractClientRequest.dispatch(AbstractClientRequest.java:57)
	at org.apache.tiles.request.render.DispatchRenderer.render(DispatchRenderer.java:47)
	at org.apache.tiles.impl.BasicTilesContainer.render(BasicTilesContainer.java:259)
	at org.apache.tiles.impl.BasicTilesContainer.render(BasicTilesContainer.java:397)
	at org.apache.tiles.impl.BasicTilesContainer.render(BasicTilesContainer.java:238)
	at org.apache.tiles.impl.BasicTilesContainer.render(BasicTilesContainer.java:221)
	at org.apache.tiles.renderer.DefinitionRenderer.render(DefinitionRenderer.java:59)
	at org.springframework.web.servlet.view.tiles3.TilesView.renderMergedOutputModel(TilesView.java:147)
	at org.springframework.web.servlet.view.AbstractView.render(AbstractView.java:316)
	at org.springframework.web.servlet.DispatcherServlet.render(DispatcherServlet.java:1396)
	at org.springframework.web.servlet.DispatcherServlet.processDispatchResult(DispatcherServlet.java:1141)
	at org.springframework.web.servlet.DispatcherServlet.doDispatch(DispatcherServlet.java:1080)
	at org.springframework.web.servlet.DispatcherServlet.doService(DispatcherServlet.java:963)
	at org.springframework.web.servlet.FrameworkServlet.processRequest(FrameworkServlet.java:1006)
	at org.springframework.web.servlet.FrameworkServlet.doGet(FrameworkServlet.java:898)
	at javax.servlet.http.HttpServlet.service(HttpServlet.java:626)
	at org.springframework.web.servlet.FrameworkServlet.service(FrameworkServlet.java:883)
	at javax.servlet.http.HttpServlet.service(HttpServlet.java:733)
	at org.apache.catalina.core.ApplicationFilterChain.internalDoFilter(ApplicationFilterChain.java:227)
	at org.apache.catalina.core.ApplicationFilterChain.doFilter(ApplicationFilterChain.java:162)
	at org.apache.tomcat.websocket.server.WsFilter.doFilter(WsFilter.java:53)
	at org.apache.catalina.core.ApplicationFilterChain.internalDoFilter(ApplicationFilterChain.java:189)
	at org.apache.catalina.core.ApplicationFilterChain.doFilter(ApplicationFilterChain.java:162)
	at com.ss.sample.filter.UrlSessionFilter.doFilter(UrlSessionFilter.java:62)
	at org.apache.catalina.core.ApplicationFilterChain.internalDoFilter(ApplicationFilterChain.java:189)
	at org.apache.catalina.core.ApplicationFilterChain.doFilter(ApplicationFilterChain.java:162)
	at com.ss.sample.filter.CookieFilter.doFilter(CookieFilter.java:40)
	at org.apache.catalina.core.ApplicationFilterChain.internalDoFilter(ApplicationFilterChain.java:189)
	at org.apache.catalina.core.ApplicationFilterChain.doFilter(ApplicationFilterChain.java:162)
	at org.springframework.security.web.FilterChainProxy$VirtualFilterChain.doFilter(FilterChainProxy.java:327)
	at org.springframework.security.web.access.intercept.FilterSecurityInterceptor.invoke(FilterSecurityInterceptor.java:115)
	at org.springframework.security.web.access.intercept.FilterSecurityInterceptor.doFilter(FilterSecurityInterceptor.java:81)
	at org.springframework.security.web.FilterChainProxy$VirtualFilterChain.doFilter(FilterChainProxy.java:336)
	at org.springframework.security.web.access.ExceptionTranslationFilter.doFilter(ExceptionTranslationFilter.java:121)
	at org.springframework.security.web.access.ExceptionTranslationFilter.doFilter(ExceptionTranslationFilter.java:115)
	at org.springframework.security.web.FilterChainProxy$VirtualFilterChain.doFilter(FilterChainProxy.java:336)
	at org.springframework.security.web.session.SessionManagementFilter.doFilter(SessionManagementFilter.java:126)
	at org.springframework.security.web.session.SessionManagementFilter.doFilter(SessionManagementFilter.java:81)
	at org.springframework.security.web.FilterChainProxy$VirtualFilterChain.doFilter(FilterChainProxy.java:336)
	at org.springframework.security.web.authentication.AnonymousAuthenticationFilter.doFilter(AnonymousAuthenticationFilter.java:105)
	at org.springframework.security.web.FilterChainProxy$VirtualFilterChain.doFilter(FilterChainProxy.java:336)
	at org.springframework.security.web.servletapi.SecurityContextHolderAwareRequestFilter.doFilter(SecurityContextHolderAwareRequestFilter.java:149)
	at org.springframework.security.web.FilterChainProxy$VirtualFilterChain.doFilter(FilterChainProxy.java:336)
	at org.springframework.security.web.savedrequest.RequestCacheAwareFilter.doFilter(RequestCacheAwareFilter.java:63)
	at org.springframework.security.web.FilterChainProxy$VirtualFilterChain.doFilter(FilterChainProxy.java:336)
	at org.springframework.security.web.authentication.AbstractAuthenticationProcessingFilter.doFilter(AbstractAuthenticationProcessingFilter.java:218)
	at org.springframework.security.web.authentication.AbstractAuthenticationProcessingFilter.doFilter(AbstractAuthenticationProcessingFilter.java:212)
	at org.springframework.security.web.FilterChainProxy$VirtualFilterChain.doFilter(FilterChainProxy.java:336)
	at org.springframework.security.web.authentication.logout.LogoutFilter.doFilter(LogoutFilter.java:103)
	at org.springframework.security.web.authentication.logout.LogoutFilter.doFilter(LogoutFilter.java:89)
	at org.springframework.security.web.FilterChainProxy$VirtualFilterChain.doFilter(FilterChainProxy.java:336)
	at org.springframework.security.web.csrf.CsrfFilter.doFilterInternal(CsrfFilter.java:117)
	at org.springframework.web.filter.OncePerRequestFilter.doFilter(OncePerRequestFilter.java:119)
	at org.springframework.security.web.FilterChainProxy$VirtualFilterChain.doFilter(FilterChainProxy.java:336)
	at org.springframework.security.web.header.HeaderWriterFilter.doHeadersAfter(HeaderWriterFilter.java:90)
	at org.springframework.security.web.header.HeaderWriterFilter.doFilterInternal(HeaderWriterFilter.java:75)
	at org.springframework.web.filter.OncePerRequestFilter.doFilter(OncePerRequestFilter.java:119)
	at org.springframework.security.web.FilterChainProxy$VirtualFilterChain.doFilter(FilterChainProxy.java:336)
	at org.springframework.security.web.context.SecurityContextPersistenceFilter.doFilter(SecurityContextPersistenceFilter.java:110)
	at org.springframework.security.web.context.SecurityContextPersistenceFilter.doFilter(SecurityContextPersistenceFilter.java:80)
	at org.springframework.security.web.FilterChainProxy$VirtualFilterChain.doFilter(FilterChainProxy.java:336)
	at org.springframework.security.web.context.request.async.WebAsyncManagerIntegrationFilter.doFilterInternal(WebAsyncManagerIntegrationFilter.java:55)
	at org.springframework.web.filter.OncePerRequestFilter.doFilter(OncePerRequestFilter.java:119)
	at org.springframework.security.web.FilterChainProxy$VirtualFilterChain.doFilter(FilterChainProxy.java:336)
	at org.springframework.security.web.FilterChainProxy.doFilterInternal(FilterChainProxy.java:211)
	at org.springframework.security.web.FilterChainProxy.doFilter(FilterChainProxy.java:183)
	at org.springframework.web.filter.DelegatingFilterProxy.invokeDelegate(DelegatingFilterProxy.java:358)
	at org.springframework.web.filter.DelegatingFilterProxy.doFilter(DelegatingFilterProxy.java:271)
	at org.apache.catalina.core.ApplicationFilterChain.internalDoFilter(ApplicationFilterChain.java:189)
	at org.apache.catalina.core.ApplicationFilterChain.doFilter(ApplicationFilterChain.java:162)
	at org.springframework.web.filter.RequestContextFilter.doFilterInternal(RequestContextFilter.java:100)
	at org.springframework.web.filter.OncePerRequestFilter.doFilter(OncePerRequestFilter.java:119)
	at org.apache.catalina.core.ApplicationFilterChain.internalDoFilter(ApplicationFilterChain.java:189)
	at org.apache.catalina.core.ApplicationFilterChain.doFilter(ApplicationFilterChain.java:162)
	at org.springframework.web.filter.FormContentFilter.doFilterInternal(FormContentFilter.java:93)
	at org.springframework.web.filter.OncePerRequestFilter.doFilter(OncePerRequestFilter.java:119)
	at org.apache.catalina.core.ApplicationFilterChain.internalDoFilter(ApplicationFilterChain.java:189)
	at org.apache.catalina.core.ApplicationFilterChain.doFilter(ApplicationFilterChain.java:162)
	at org.springframework.boot.actuate.metrics.web.servlet.WebMvcMetricsFilter.doFilterInternal(WebMvcMetricsFilter.java:96)
	at org.springframework.web.filter.OncePerRequestFilter.doFilter(OncePerRequestFilter.java:119)
	at org.apache.catalina.core.ApplicationFilterChain.internalDoFilter(ApplicationFilterChain.java:189)
	at org.apache.catalina.core.ApplicationFilterChain.doFilter(ApplicationFilterChain.java:162)
	at org.springframework.web.filter.CharacterEncodingFilter.doFilterInternal(CharacterEncodingFilter.java:201)
	at org.springframework.web.filter.OncePerRequestFilter.doFilter(OncePerRequestFilter.java:119)
	at org.apache.catalina.core.ApplicationFilterChain.internalDoFilter(ApplicationFilterChain.java:189)
	at org.apache.catalina.core.ApplicationFilterChain.doFilter(ApplicationFilterChain.java:162)
	at org.apache.catalina.core.StandardWrapperValve.invoke(StandardWrapperValve.java:202)
	at org.apache.catalina.core.StandardContextValve.invoke(StandardContextValve.java:97)
	at org.apache.catalina.authenticator.AuthenticatorBase.invoke(AuthenticatorBase.java:542)
	at org.apache.catalina.core.StandardHostValve.invoke(StandardHostValve.java:143)
	at org.apache.catalina.valves.ErrorReportValve.invoke(ErrorReportValve.java:92)
	at org.apache.catalina.core.StandardEngineValve.invoke(StandardEngineValve.java:78)
	at org.apache.catalina.connector.CoyoteAdapter.service(CoyoteAdapter.java:357)
	at org.apache.coyote.http11.Http11Processor.service(Http11Processor.java:374)
	at org.apache.coyote.AbstractProcessorLight.process(AbstractProcessorLight.java:65)
	at org.apache.coyote.AbstractProtocol$ConnectionHandler.process(AbstractProtocol.java:893)
	at org.apache.tomcat.util.net.NioEndpoint$SocketProcessor.doRun(NioEndpoint.java:1707)
	at org.apache.tomcat.util.net.SocketProcessorBase.run(SocketProcessorBase.java:49)
	at java.util.concurrent.ThreadPoolExecutor.runWorker(ThreadPoolExecutor.java:1142)
	at java.util.concurrent.ThreadPoolExecutor$Worker.run(ThreadPoolExecutor.java:617)
	at org.apache.tomcat.util.threads.TaskThread$WrappingRunnable.run(TaskThread.java:61)
	at java.lang.Thread.run(Thread.java:745)
16-11-2021 15:54:14 INFO  [kground-preinit] [o.h.validator.internal.util.Version] - HV000001: Hibernate Validator 6.1.1.Final
16-11-2021 15:54:14 INFO  [           main] [com.ss.sample.SampleApplication    ] - Starting SampleApplication using Java 1.8.0_121 on Lakshmi with PID 7500 (D:\Projects\sample\build\classes\java\main started by Sarma in D:\Projects\sample)
16-11-2021 15:54:14 INFO  [           main] [com.ss.sample.SampleApplication    ] - No active profile set, falling back to default profiles: default
16-11-2021 15:54:15 WARN  [kground-preinit] [s.h.c.j.Jackson2ObjectMapperBuilder] - For Jackson Kotlin classes support please add "com.fasterxml.jackson.module:jackson-module-kotlin" to the classpath
16-11-2021 15:54:16 INFO  [           main] [r.c.RepositoryConfigurationDelegate] - Bootstrapping Spring Data JPA repositories in DEFAULT mode.
16-11-2021 15:54:16 INFO  [           main] [r.c.RepositoryConfigurationDelegate] - Finished Spring Data repository scanning in 137 ms. Found 3 JPA repository interfaces.
16-11-2021 15:54:17 INFO  [           main] [onDelegate$BeanPostProcessorChecker] - Bean 'org.springframework.security.access.expression.method.DefaultMethodSecurityExpressionHandler@383c3eb3' of type [org.springframework.security.access.expression.method.DefaultMethodSecurityExpressionHandler] is not eligible for getting processed by all BeanPostProcessors (for example: not eligible for auto-proxying)
16-11-2021 15:54:17 INFO  [           main] [onDelegate$BeanPostProcessorChecker] - Bean 'methodSecurityMetadataSource' of type [org.springframework.security.access.method.DelegatingMethodSecurityMetadataSource] is not eligible for getting processed by all BeanPostProcessors (for example: not eligible for auto-proxying)
16-11-2021 15:54:17 INFO  [           main] [onDelegate$BeanPostProcessorChecker] - Bean 'management.metrics-org.springframework.boot.actuate.autoconfigure.metrics.MetricsProperties' of type [org.springframework.boot.actuate.autoconfigure.metrics.MetricsProperties] is not eligible for getting processed by all BeanPostProcessors (for example: not eligible for auto-proxying)
16-11-2021 15:54:17 INFO  [           main] [onDelegate$BeanPostProcessorChecker] - Bean 'org.springframework.boot.actuate.autoconfigure.metrics.data.RepositoryMetricsAutoConfiguration' of type [org.springframework.boot.actuate.autoconfigure.metrics.data.RepositoryMetricsAutoConfiguration] is not eligible for getting processed by all BeanPostProcessors (for example: not eligible for auto-proxying)
16-11-2021 15:54:17 INFO  [           main] [onDelegate$BeanPostProcessorChecker] - Bean 'org.springframework.boot.actuate.autoconfigure.metrics.export.simple.SimpleMetricsExportAutoConfiguration' of type [org.springframework.boot.actuate.autoconfigure.metrics.export.simple.SimpleMetricsExportAutoConfiguration] is not eligible for getting processed by all BeanPostProcessors (for example: not eligible for auto-proxying)
16-11-2021 15:54:17 INFO  [           main] [onDelegate$BeanPostProcessorChecker] - Bean 'management.metrics.export.simple-org.springframework.boot.actuate.autoconfigure.metrics.export.simple.SimpleProperties' of type [org.springframework.boot.actuate.autoconfigure.metrics.export.simple.SimpleProperties] is not eligible for getting processed by all BeanPostProcessors (for example: not eligible for auto-proxying)
16-11-2021 15:54:17 INFO  [           main] [onDelegate$BeanPostProcessorChecker] - Bean 'simpleConfig' of type [org.springframework.boot.actuate.autoconfigure.metrics.export.simple.SimplePropertiesConfigAdapter] is not eligible for getting processed by all BeanPostProcessors (for example: not eligible for auto-proxying)
16-11-2021 15:54:17 INFO  [           main] [onDelegate$BeanPostProcessorChecker] - Bean 'org.springframework.boot.actuate.autoconfigure.metrics.MetricsAutoConfiguration' of type [org.springframework.boot.actuate.autoconfigure.metrics.MetricsAutoConfiguration] is not eligible for getting processed by all BeanPostProcessors (for example: not eligible for auto-proxying)
16-11-2021 15:54:17 INFO  [           main] [onDelegate$BeanPostProcessorChecker] - Bean 'micrometerClock' of type [io.micrometer.core.instrument.Clock$1] is not eligible for getting processed by all BeanPostProcessors (for example: not eligible for auto-proxying)
16-11-2021 15:54:17 INFO  [           main] [onDelegate$BeanPostProcessorChecker] - Bean 'simpleMeterRegistry' of type [io.micrometer.core.instrument.simple.SimpleMeterRegistry] is not eligible for getting processed by all BeanPostProcessors (for example: not eligible for auto-proxying)
16-11-2021 15:54:17 INFO  [           main] [onDelegate$BeanPostProcessorChecker] - Bean 'repositoryTagsProvider' of type [org.springframework.boot.actuate.metrics.data.DefaultRepositoryTagsProvider] is not eligible for getting processed by all BeanPostProcessors (for example: not eligible for auto-proxying)
16-11-2021 15:54:17 INFO  [           main] [onDelegate$BeanPostProcessorChecker] - Bean 'metricsRepositoryMethodInvocationListener' of type [org.springframework.boot.actuate.metrics.data.MetricsRepositoryMethodInvocationListener] is not eligible for getting processed by all BeanPostProcessors (for example: not eligible for auto-proxying)
16-11-2021 15:54:18 INFO  [           main] [o.s.b.w.e.tomcat.TomcatWebServer   ] - Tomcat initialized with port(s): 8040 (http)
16-11-2021 15:54:18 INFO  [           main] [o.a.coyote.http11.Http11NioProtocol] - Initializing ProtocolHandler ["http-nio-8040"]
16-11-2021 15:54:18 INFO  [           main] [o.a.catalina.core.StandardService  ] - Starting service [Tomcat]
16-11-2021 15:54:18 INFO  [           main] [o.a.catalina.core.StandardEngine   ] - Starting Servlet engine: [Apache Tomcat/9.0.46]
16-11-2021 15:54:19 INFO  [           main] [o.apache.jasper.servlet.TldScanner ] - At least one JAR was scanned for TLDs yet contained no TLDs. Enable debug logging for this logger for a complete list of JARs that were scanned but no TLDs were found in them. Skipping unneeded JARs during scanning can improve startup time and JSP compilation time.
16-11-2021 15:54:19 INFO  [           main] [o.a.c.c.C.[Tomcat].[localhost].[/] ] - Initializing Spring embedded WebApplicationContext
16-11-2021 15:54:19 INFO  [           main] [.ServletWebServerApplicationContext] - Root WebApplicationContext: initialization completed in 4956 ms
16-11-2021 15:54:19 INFO  [           main] [o.h.jpa.internal.util.LogHelper    ] - HHH000204: Processing PersistenceUnitInfo [name: default]
16-11-2021 15:54:19 INFO  [           main] [org.hibernate.Version              ] - HHH000412: Hibernate ORM core version 5.4.31.Final
16-11-2021 15:54:20 INFO  [           main] [o.h.annotations.common.Version     ] - HCANN000001: Hibernate Commons Annotations {5.1.2.Final}
16-11-2021 15:54:20 INFO  [           main] [com.zaxxer.hikari.HikariDataSource ] - HikariPool-1 - Starting...
16-11-2021 15:54:20 INFO  [           main] [com.zaxxer.hikari.HikariDataSource ] - HikariPool-1 - Start completed.
16-11-2021 15:54:20 INFO  [           main] [org.hibernate.dialect.Dialect      ] - HHH000400: Using dialect: org.hibernate.dialect.PostgreSQLDialect
16-11-2021 15:54:22 INFO  [           main] [o.h.e.t.j.p.i.JtaPlatformInitiator ] - HHH000490: Using JtaPlatform implementation: [org.hibernate.engine.transaction.jta.platform.internal.NoJtaPlatform]
16-11-2021 15:54:22 INFO  [           main] [alContainerEntityManagerFactoryBean] - Initialized JPA EntityManagerFactory for persistence unit 'default'
16-11-2021 15:54:24 INFO  [           main] [org.apache.tiles.access.TilesAccess] - Publishing TilesContext for context: org.springframework.web.servlet.view.tiles3.SpringWildcardServletTilesApplicationContext
16-11-2021 15:54:24 INFO  [           main] [o.s.s.w.DefaultSecurityFilterChain ] - Will secure Ant [pattern='/resources/**'] with []
16-11-2021 15:54:24 INFO  [           main] [o.s.s.w.DefaultSecurityFilterChain ] - Will secure any request with [org.springframework.security.web.context.request.async.WebAsyncManagerIntegrationFilter@59509393, org.springframework.security.web.context.SecurityContextPersistenceFilter@2319c1e0, org.springframework.security.web.header.HeaderWriterFilter@bb1b872, org.springframework.security.web.csrf.CsrfFilter@630bd5e7, org.springframework.security.web.authentication.logout.LogoutFilter@3da6950f, org.springframework.security.web.authentication.UsernamePasswordAuthenticationFilter@96448ee, org.springframework.security.web.savedrequest.RequestCacheAwareFilter@5f3c866c, org.springframework.security.web.servletapi.SecurityContextHolderAwareRequestFilter@46ab8e4b, org.springframework.security.web.authentication.AnonymousAuthenticationFilter@1d6dc2b8, org.springframework.security.web.session.SessionManagementFilter@66cb9a63, org.springframework.security.web.access.ExceptionTranslationFilter@1512efe9, org.springframework.security.web.access.intercept.FilterSecurityInterceptor@345af277]
16-11-2021 15:54:25 INFO  [           main] [s.b.a.w.s.WelcomePageHandlerMapping] - Adding welcome page template: index
16-11-2021 15:54:26 INFO  [           main] [o.s.b.a.e.web.EndpointLinksResolver] - Exposing 12 endpoint(s) beneath base path '/application'
16-11-2021 15:54:26 INFO  [           main] [o.a.coyote.http11.Http11NioProtocol] - Starting ProtocolHandler ["http-nio-8040"]
16-11-2021 15:54:26 INFO  [           main] [o.s.b.w.e.tomcat.TomcatWebServer   ] - Tomcat started on port(s): 8040 (http) with context path ''
16-11-2021 15:54:26 INFO  [           main] [com.ss.sample.SampleApplication    ] - Started SampleApplication in 13.402 seconds (JVM running for 14.397)
16-11-2021 15:54:26 INFO  [           main] [o.s.b.a.ApplicationAvailabilityBean] - Application availability state LivenessState changed to CORRECT
16-11-2021 15:54:26 INFO  [           main] [o.s.b.a.ApplicationAvailabilityBean] - Application availability state ReadinessState changed to ACCEPTING_TRAFFIC
16-11-2021 15:54:35 INFO  [nio-8040-exec-2] [o.a.c.c.C.[Tomcat].[localhost].[/] ] - Initializing Spring DispatcherServlet 'dispatcherServlet'
16-11-2021 15:54:35 INFO  [nio-8040-exec-2] [o.s.web.servlet.DispatcherServlet  ] - Initializing Servlet 'dispatcherServlet'
16-11-2021 15:54:35 INFO  [nio-8040-exec-2] [o.s.web.servlet.DispatcherServlet  ] - Completed initialization in 3 ms
16-11-2021 15:54:39 INFO  [nio-8040-exec-5] [c.s.s.c.s.AuthenticationSuccess    ] - User logged in: admin - 0:0:0:0:0:0:0:1
