14-11-2021 22:14:20 INFO  [           main] [com.ss.sample.SampleApplication    ] - Starting SampleApplication using Java 1.8.0_121 on Lakshmi with PID 7492 (D:\Projects\sample\build\classes\java\main started by Sarma in D:\Projects\sample)
14-11-2021 22:14:20 INFO  [           main] [com.ss.sample.SampleApplication    ] - No active profile set, falling back to default profiles: default
14-11-2021 22:14:20 WARN  [kground-preinit] [s.h.c.j.Jackson2ObjectMapperBuilder] - For Jackson Kotlin classes support please add "com.fasterxml.jackson.module:jackson-module-kotlin" to the classpath
14-11-2021 22:14:23 INFO  [           main] [r.c.RepositoryConfigurationDelegate] - Bootstrapping Spring Data JPA repositories in DEFAULT mode.
14-11-2021 22:14:24 INFO  [           main] [r.c.RepositoryConfigurationDelegate] - Finished Spring Data repository scanning in 679 ms. Found 3 JPA repository interfaces.
14-11-2021 22:14:25 INFO  [           main] [onDelegate$BeanPostProcessorChecker] - Bean 'org.springframework.security.access.expression.method.DefaultMethodSecurityExpressionHandler@516592b1' of type [org.springframework.security.access.expression.method.DefaultMethodSecurityExpressionHandler] is not eligible for getting processed by all BeanPostProcessors (for example: not eligible for auto-proxying)
14-11-2021 22:14:25 INFO  [           main] [onDelegate$BeanPostProcessorChecker] - Bean 'methodSecurityMetadataSource' of type [org.springframework.security.access.method.DelegatingMethodSecurityMetadataSource] is not eligible for getting processed by all BeanPostProcessors (for example: not eligible for auto-proxying)
14-11-2021 22:14:25 INFO  [           main] [onDelegate$BeanPostProcessorChecker] - Bean 'management.metrics-org.springframework.boot.actuate.autoconfigure.metrics.MetricsProperties' of type [org.springframework.boot.actuate.autoconfigure.metrics.MetricsProperties] is not eligible for getting processed by all BeanPostProcessors (for example: not eligible for auto-proxying)
14-11-2021 22:14:25 INFO  [           main] [onDelegate$BeanPostProcessorChecker] - Bean 'org.springframework.boot.actuate.autoconfigure.metrics.data.RepositoryMetricsAutoConfiguration' of type [org.springframework.boot.actuate.autoconfigure.metrics.data.RepositoryMetricsAutoConfiguration] is not eligible for getting processed by all BeanPostProcessors (for example: not eligible for auto-proxying)
14-11-2021 22:14:25 INFO  [           main] [onDelegate$BeanPostProcessorChecker] - Bean 'org.springframework.boot.actuate.autoconfigure.metrics.export.simple.SimpleMetricsExportAutoConfiguration' of type [org.springframework.boot.actuate.autoconfigure.metrics.export.simple.SimpleMetricsExportAutoConfiguration] is not eligible for getting processed by all BeanPostProcessors (for example: not eligible for auto-proxying)
14-11-2021 22:14:25 INFO  [           main] [onDelegate$BeanPostProcessorChecker] - Bean 'management.metrics.export.simple-org.springframework.boot.actuate.autoconfigure.metrics.export.simple.SimpleProperties' of type [org.springframework.boot.actuate.autoconfigure.metrics.export.simple.SimpleProperties] is not eligible for getting processed by all BeanPostProcessors (for example: not eligible for auto-proxying)
14-11-2021 22:14:25 INFO  [           main] [onDelegate$BeanPostProcessorChecker] - Bean 'simpleConfig' of type [org.springframework.boot.actuate.autoconfigure.metrics.export.simple.SimplePropertiesConfigAdapter] is not eligible for getting processed by all BeanPostProcessors (for example: not eligible for auto-proxying)
14-11-2021 22:14:25 INFO  [           main] [onDelegate$BeanPostProcessorChecker] - Bean 'org.springframework.boot.actuate.autoconfigure.metrics.MetricsAutoConfiguration' of type [org.springframework.boot.actuate.autoconfigure.metrics.MetricsAutoConfiguration] is not eligible for getting processed by all BeanPostProcessors (for example: not eligible for auto-proxying)
14-11-2021 22:14:25 INFO  [           main] [onDelegate$BeanPostProcessorChecker] - Bean 'micrometerClock' of type [io.micrometer.core.instrument.Clock$1] is not eligible for getting processed by all BeanPostProcessors (for example: not eligible for auto-proxying)
14-11-2021 22:14:25 INFO  [           main] [onDelegate$BeanPostProcessorChecker] - Bean 'simpleMeterRegistry' of type [io.micrometer.core.instrument.simple.SimpleMeterRegistry] is not eligible for getting processed by all BeanPostProcessors (for example: not eligible for auto-proxying)
14-11-2021 22:14:25 INFO  [           main] [onDelegate$BeanPostProcessorChecker] - Bean 'repositoryTagsProvider' of type [org.springframework.boot.actuate.metrics.data.DefaultRepositoryTagsProvider] is not eligible for getting processed by all BeanPostProcessors (for example: not eligible for auto-proxying)
14-11-2021 22:14:25 INFO  [           main] [onDelegate$BeanPostProcessorChecker] - Bean 'metricsRepositoryMethodInvocationListener' of type [org.springframework.boot.actuate.metrics.data.MetricsRepositoryMethodInvocationListener] is not eligible for getting processed by all BeanPostProcessors (for example: not eligible for auto-proxying)
14-11-2021 22:14:27 INFO  [           main] [o.s.b.w.e.tomcat.TomcatWebServer   ] - Tomcat initialized with port(s): 8040 (http)
14-11-2021 22:14:27 INFO  [           main] [o.a.coyote.http11.Http11NioProtocol] - Initializing ProtocolHandler ["http-nio-8040"]
14-11-2021 22:14:27 INFO  [           main] [o.a.catalina.core.StandardService  ] - Starting service [Tomcat]
14-11-2021 22:14:27 INFO  [           main] [o.a.catalina.core.StandardEngine   ] - Starting Servlet engine: [Apache Tomcat/9.0.46]
14-11-2021 22:14:28 INFO  [           main] [o.apache.jasper.servlet.TldScanner ] - At least one JAR was scanned for TLDs yet contained no TLDs. Enable debug logging for this logger for a complete list of JARs that were scanned but no TLDs were found in them. Skipping unneeded JARs during scanning can improve startup time and JSP compilation time.
14-11-2021 22:14:28 INFO  [           main] [o.a.c.c.C.[Tomcat].[localhost].[/] ] - Initializing Spring embedded WebApplicationContext
14-11-2021 22:14:28 INFO  [           main] [.ServletWebServerApplicationContext] - Root WebApplicationContext: initialization completed in 7877 ms
14-11-2021 22:14:29 INFO  [           main] [o.h.jpa.internal.util.LogHelper    ] - HHH000204: Processing PersistenceUnitInfo [name: default]
14-11-2021 22:14:29 INFO  [           main] [org.hibernate.Version              ] - HHH000412: Hibernate ORM core version 5.4.31.Final
14-11-2021 22:14:30 INFO  [           main] [o.h.annotations.common.Version     ] - HCANN000001: Hibernate Commons Annotations {5.1.2.Final}
14-11-2021 22:14:30 INFO  [           main] [com.zaxxer.hikari.HikariDataSource ] - HikariPool-1 - Starting...
14-11-2021 22:14:30 INFO  [           main] [com.zaxxer.hikari.HikariDataSource ] - HikariPool-1 - Start completed.
14-11-2021 22:14:31 INFO  [           main] [org.hibernate.dialect.Dialect      ] - HHH000400: Using dialect: org.hibernate.dialect.PostgreSQLDialect
14-11-2021 22:14:33 INFO  [           main] [o.h.e.t.j.p.i.JtaPlatformInitiator ] - HHH000490: Using JtaPlatform implementation: [org.hibernate.engine.transaction.jta.platform.internal.NoJtaPlatform]
14-11-2021 22:14:33 INFO  [           main] [alContainerEntityManagerFactoryBean] - Initialized JPA EntityManagerFactory for persistence unit 'default'
14-11-2021 22:14:36 INFO  [           main] [org.apache.tiles.access.TilesAccess] - Publishing TilesContext for context: org.springframework.web.servlet.view.tiles3.SpringWildcardServletTilesApplicationContext
14-11-2021 22:14:37 INFO  [           main] [o.s.s.w.DefaultSecurityFilterChain ] - Will secure Ant [pattern='/resources/**'] with []
14-11-2021 22:14:37 INFO  [           main] [o.s.s.w.DefaultSecurityFilterChain ] - Will secure any request with [org.springframework.security.web.context.request.async.WebAsyncManagerIntegrationFilter@12f12744, org.springframework.security.web.context.SecurityContextPersistenceFilter@498f1f63, org.springframework.security.web.header.HeaderWriterFilter@4d2f8ee7, org.springframework.security.web.csrf.CsrfFilter@30b29f55, org.springframework.security.web.authentication.logout.LogoutFilter@2fd409c1, org.springframework.security.web.authentication.UsernamePasswordAuthenticationFilter@c7d173f, org.springframework.security.web.savedrequest.RequestCacheAwareFilter@2a7b4bb6, org.springframework.security.web.servletapi.SecurityContextHolderAwareRequestFilter@3b7b099b, org.springframework.security.web.authentication.AnonymousAuthenticationFilter@1c618295, org.springframework.security.web.session.SessionManagementFilter@3a1e5fa7, org.springframework.security.web.access.ExceptionTranslationFilter@79735611, org.springframework.security.web.access.intercept.FilterSecurityInterceptor@775fec4]
14-11-2021 22:14:37 INFO  [           main] [s.b.a.w.s.WelcomePageHandlerMapping] - Adding welcome page template: index
14-11-2021 22:14:38 INFO  [           main] [o.s.b.a.e.web.EndpointLinksResolver] - Exposing 12 endpoint(s) beneath base path '/application'
14-11-2021 22:14:38 INFO  [           main] [o.a.coyote.http11.Http11NioProtocol] - Starting ProtocolHandler ["http-nio-8040"]
14-11-2021 22:14:39 INFO  [           main] [o.s.b.w.e.tomcat.TomcatWebServer   ] - Tomcat started on port(s): 8040 (http) with context path ''
14-11-2021 22:14:39 INFO  [           main] [com.ss.sample.SampleApplication    ] - Started SampleApplication in 22.086 seconds (JVM running for 23.713)
14-11-2021 22:14:39 INFO  [           main] [o.s.b.a.ApplicationAvailabilityBean] - Application availability state LivenessState changed to CORRECT
14-11-2021 22:14:39 INFO  [           main] [o.s.b.a.ApplicationAvailabilityBean] - Application availability state ReadinessState changed to ACCEPTING_TRAFFIC
14-11-2021 22:24:45 INFO  [           main] [com.ss.sample.SampleApplication    ] - Starting SampleApplication using Java 1.8.0_121 on Lakshmi with PID 6404 (D:\Projects\sample\build\classes\java\main started by Sarma in D:\Projects\sample)
14-11-2021 22:24:45 INFO  [           main] [com.ss.sample.SampleApplication    ] - No active profile set, falling back to default profiles: default
14-11-2021 22:24:46 WARN  [kground-preinit] [s.h.c.j.Jackson2ObjectMapperBuilder] - For Jackson Kotlin classes support please add "com.fasterxml.jackson.module:jackson-module-kotlin" to the classpath
14-11-2021 22:24:48 INFO  [           main] [r.c.RepositoryConfigurationDelegate] - Bootstrapping Spring Data JPA repositories in DEFAULT mode.
14-11-2021 22:24:48 INFO  [           main] [r.c.RepositoryConfigurationDelegate] - Finished Spring Data repository scanning in 142 ms. Found 3 JPA repository interfaces.
14-11-2021 22:24:49 INFO  [           main] [onDelegate$BeanPostProcessorChecker] - Bean 'org.springframework.security.access.expression.method.DefaultMethodSecurityExpressionHandler@2d0b05' of type [org.springframework.security.access.expression.method.DefaultMethodSecurityExpressionHandler] is not eligible for getting processed by all BeanPostProcessors (for example: not eligible for auto-proxying)
14-11-2021 22:24:49 INFO  [           main] [onDelegate$BeanPostProcessorChecker] - Bean 'methodSecurityMetadataSource' of type [org.springframework.security.access.method.DelegatingMethodSecurityMetadataSource] is not eligible for getting processed by all BeanPostProcessors (for example: not eligible for auto-proxying)
14-11-2021 22:24:49 INFO  [           main] [onDelegate$BeanPostProcessorChecker] - Bean 'management.metrics-org.springframework.boot.actuate.autoconfigure.metrics.MetricsProperties' of type [org.springframework.boot.actuate.autoconfigure.metrics.MetricsProperties] is not eligible for getting processed by all BeanPostProcessors (for example: not eligible for auto-proxying)
14-11-2021 22:24:49 INFO  [           main] [onDelegate$BeanPostProcessorChecker] - Bean 'org.springframework.boot.actuate.autoconfigure.metrics.data.RepositoryMetricsAutoConfiguration' of type [org.springframework.boot.actuate.autoconfigure.metrics.data.RepositoryMetricsAutoConfiguration] is not eligible for getting processed by all BeanPostProcessors (for example: not eligible for auto-proxying)
14-11-2021 22:24:49 INFO  [           main] [onDelegate$BeanPostProcessorChecker] - Bean 'org.springframework.boot.actuate.autoconfigure.metrics.export.simple.SimpleMetricsExportAutoConfiguration' of type [org.springframework.boot.actuate.autoconfigure.metrics.export.simple.SimpleMetricsExportAutoConfiguration] is not eligible for getting processed by all BeanPostProcessors (for example: not eligible for auto-proxying)
14-11-2021 22:24:49 INFO  [           main] [onDelegate$BeanPostProcessorChecker] - Bean 'management.metrics.export.simple-org.springframework.boot.actuate.autoconfigure.metrics.export.simple.SimpleProperties' of type [org.springframework.boot.actuate.autoconfigure.metrics.export.simple.SimpleProperties] is not eligible for getting processed by all BeanPostProcessors (for example: not eligible for auto-proxying)
14-11-2021 22:24:49 INFO  [           main] [onDelegate$BeanPostProcessorChecker] - Bean 'simpleConfig' of type [org.springframework.boot.actuate.autoconfigure.metrics.export.simple.SimplePropertiesConfigAdapter] is not eligible for getting processed by all BeanPostProcessors (for example: not eligible for auto-proxying)
14-11-2021 22:24:49 INFO  [           main] [onDelegate$BeanPostProcessorChecker] - Bean 'org.springframework.boot.actuate.autoconfigure.metrics.MetricsAutoConfiguration' of type [org.springframework.boot.actuate.autoconfigure.metrics.MetricsAutoConfiguration] is not eligible for getting processed by all BeanPostProcessors (for example: not eligible for auto-proxying)
14-11-2021 22:24:49 INFO  [           main] [onDelegate$BeanPostProcessorChecker] - Bean 'micrometerClock' of type [io.micrometer.core.instrument.Clock$1] is not eligible for getting processed by all BeanPostProcessors (for example: not eligible for auto-proxying)
14-11-2021 22:24:49 INFO  [           main] [onDelegate$BeanPostProcessorChecker] - Bean 'simpleMeterRegistry' of type [io.micrometer.core.instrument.simple.SimpleMeterRegistry] is not eligible for getting processed by all BeanPostProcessors (for example: not eligible for auto-proxying)
14-11-2021 22:24:49 INFO  [           main] [onDelegate$BeanPostProcessorChecker] - Bean 'repositoryTagsProvider' of type [org.springframework.boot.actuate.metrics.data.DefaultRepositoryTagsProvider] is not eligible for getting processed by all BeanPostProcessors (for example: not eligible for auto-proxying)
14-11-2021 22:24:49 INFO  [           main] [onDelegate$BeanPostProcessorChecker] - Bean 'metricsRepositoryMethodInvocationListener' of type [org.springframework.boot.actuate.metrics.data.MetricsRepositoryMethodInvocationListener] is not eligible for getting processed by all BeanPostProcessors (for example: not eligible for auto-proxying)
14-11-2021 22:24:50 INFO  [           main] [o.s.b.w.e.tomcat.TomcatWebServer   ] - Tomcat initialized with port(s): 8040 (http)
14-11-2021 22:24:50 INFO  [           main] [o.a.coyote.http11.Http11NioProtocol] - Initializing ProtocolHandler ["http-nio-8040"]
14-11-2021 22:24:50 INFO  [           main] [o.a.catalina.core.StandardService  ] - Starting service [Tomcat]
14-11-2021 22:24:50 INFO  [           main] [o.a.catalina.core.StandardEngine   ] - Starting Servlet engine: [Apache Tomcat/9.0.46]
14-11-2021 22:24:51 INFO  [           main] [o.apache.jasper.servlet.TldScanner ] - At least one JAR was scanned for TLDs yet contained no TLDs. Enable debug logging for this logger for a complete list of JARs that were scanned but no TLDs were found in them. Skipping unneeded JARs during scanning can improve startup time and JSP compilation time.
14-11-2021 22:24:51 INFO  [           main] [o.a.c.c.C.[Tomcat].[localhost].[/] ] - Initializing Spring embedded WebApplicationContext
14-11-2021 22:24:51 INFO  [           main] [.ServletWebServerApplicationContext] - Root WebApplicationContext: initialization completed in 5427 ms
14-11-2021 22:24:52 INFO  [           main] [o.h.jpa.internal.util.LogHelper    ] - HHH000204: Processing PersistenceUnitInfo [name: default]
14-11-2021 22:24:52 INFO  [           main] [org.hibernate.Version              ] - HHH000412: Hibernate ORM core version 5.4.31.Final
14-11-2021 22:24:52 INFO  [           main] [o.h.annotations.common.Version     ] - HCANN000001: Hibernate Commons Annotations {5.1.2.Final}
14-11-2021 22:24:52 INFO  [           main] [com.zaxxer.hikari.HikariDataSource ] - HikariPool-1 - Starting...
14-11-2021 22:24:53 INFO  [           main] [com.zaxxer.hikari.HikariDataSource ] - HikariPool-1 - Start completed.
14-11-2021 22:24:53 INFO  [           main] [org.hibernate.dialect.Dialect      ] - HHH000400: Using dialect: org.hibernate.dialect.PostgreSQLDialect
14-11-2021 22:24:54 INFO  [           main] [o.h.e.t.j.p.i.JtaPlatformInitiator ] - HHH000490: Using JtaPlatform implementation: [org.hibernate.engine.transaction.jta.platform.internal.NoJtaPlatform]
14-11-2021 22:24:54 INFO  [           main] [alContainerEntityManagerFactoryBean] - Initialized JPA EntityManagerFactory for persistence unit 'default'
14-11-2021 22:24:55 INFO  [           main] [org.apache.tiles.access.TilesAccess] - Publishing TilesContext for context: org.springframework.web.servlet.view.tiles3.SpringWildcardServletTilesApplicationContext
14-11-2021 22:24:56 INFO  [           main] [o.s.s.w.DefaultSecurityFilterChain ] - Will secure Ant [pattern='/resources/**'] with []
14-11-2021 22:24:56 INFO  [           main] [o.s.s.w.DefaultSecurityFilterChain ] - Will secure any request with [org.springframework.security.web.context.request.async.WebAsyncManagerIntegrationFilter@3cc2c4b8, org.springframework.security.web.context.SecurityContextPersistenceFilter@26caf4b6, org.springframework.security.web.header.HeaderWriterFilter@78e34499, org.springframework.security.web.csrf.CsrfFilter@f73a7cf, org.springframework.security.web.authentication.logout.LogoutFilter@322593ed, org.springframework.security.web.authentication.UsernamePasswordAuthenticationFilter@13f17b8f, org.springframework.security.web.savedrequest.RequestCacheAwareFilter@2c750b69, org.springframework.security.web.servletapi.SecurityContextHolderAwareRequestFilter@6c569caf, org.springframework.security.web.authentication.AnonymousAuthenticationFilter@11a29c0, org.springframework.security.web.session.SessionManagementFilter@6771efaa, org.springframework.security.web.access.ExceptionTranslationFilter@5eadc347, org.springframework.security.web.access.intercept.FilterSecurityInterceptor@61cff1e4]
14-11-2021 22:24:57 INFO  [           main] [s.b.a.w.s.WelcomePageHandlerMapping] - Adding welcome page template: index
14-11-2021 22:24:57 INFO  [           main] [o.s.b.a.e.web.EndpointLinksResolver] - Exposing 12 endpoint(s) beneath base path '/application'
14-11-2021 22:24:57 INFO  [           main] [o.a.coyote.http11.Http11NioProtocol] - Starting ProtocolHandler ["http-nio-8040"]
14-11-2021 22:24:57 INFO  [           main] [o.s.b.w.e.tomcat.TomcatWebServer   ] - Tomcat started on port(s): 8040 (http) with context path ''
14-11-2021 22:24:58 INFO  [           main] [com.ss.sample.SampleApplication    ] - Started SampleApplication in 13.256 seconds (JVM running for 14.21)
14-11-2021 22:24:58 INFO  [           main] [o.s.b.a.ApplicationAvailabilityBean] - Application availability state LivenessState changed to CORRECT
14-11-2021 22:24:58 INFO  [           main] [o.s.b.a.ApplicationAvailabilityBean] - Application availability state ReadinessState changed to ACCEPTING_TRAFFIC
14-11-2021 22:25:09 INFO  [nio-8040-exec-1] [o.a.c.c.C.[Tomcat].[localhost].[/] ] - Initializing Spring DispatcherServlet 'dispatcherServlet'
14-11-2021 22:25:09 INFO  [nio-8040-exec-1] [o.s.web.servlet.DispatcherServlet  ] - Initializing Servlet 'dispatcherServlet'
14-11-2021 22:25:09 INFO  [nio-8040-exec-1] [o.s.web.servlet.DispatcherServlet  ] - Completed initialization in 2 ms
14-11-2021 22:25:17 INFO  [nio-8040-exec-7] [c.s.s.c.s.AuthenticationSuccess    ] - User logged in: admin - 0:0:0:0:0:0:0:1
