30-07-2021 17:07:40 INFO  [           main] [com.ss.sample.SampleApplication    ] - Starting SampleApplication using Java 1.8.0_121 on Lakshmi with PID 5716 (D:\Projects\sample\build\classes\java\main started by Sarma in D:\Projects\sample)
30-07-2021 17:07:40 INFO  [           main] [com.ss.sample.SampleApplication    ] - No active profile set, falling back to default profiles: default
30-07-2021 17:07:41 WARN  [kground-preinit] [s.h.c.j.Jackson2ObjectMapperBuilder] - For Jackson Kotlin classes support please add "com.fasterxml.jackson.module:jackson-module-kotlin" to the classpath
30-07-2021 17:07:43 INFO  [           main] [r.c.RepositoryConfigurationDelegate] - Bootstrapping Spring Data JPA repositories in DEFAULT mode.
30-07-2021 17:07:43 INFO  [           main] [r.c.RepositoryConfigurationDelegate] - Finished Spring Data repository scanning in 222 ms. Found 3 JPA repository interfaces.
30-07-2021 17:07:44 INFO  [           main] [onDelegate$BeanPostProcessorChecker] - Bean 'org.springframework.security.access.expression.method.DefaultMethodSecurityExpressionHandler@13e5d243' of type [org.springframework.security.access.expression.method.DefaultMethodSecurityExpressionHandler] is not eligible for getting processed by all BeanPostProcessors (for example: not eligible for auto-proxying)
30-07-2021 17:07:44 INFO  [           main] [onDelegate$BeanPostProcessorChecker] - Bean 'methodSecurityMetadataSource' of type [org.springframework.security.access.method.DelegatingMethodSecurityMetadataSource] is not eligible for getting processed by all BeanPostProcessors (for example: not eligible for auto-proxying)
30-07-2021 17:07:45 INFO  [           main] [onDelegate$BeanPostProcessorChecker] - Bean 'management.metrics-org.springframework.boot.actuate.autoconfigure.metrics.MetricsProperties' of type [org.springframework.boot.actuate.autoconfigure.metrics.MetricsProperties] is not eligible for getting processed by all BeanPostProcessors (for example: not eligible for auto-proxying)
30-07-2021 17:07:45 INFO  [           main] [onDelegate$BeanPostProcessorChecker] - Bean 'org.springframework.boot.actuate.autoconfigure.metrics.data.RepositoryMetricsAutoConfiguration' of type [org.springframework.boot.actuate.autoconfigure.metrics.data.RepositoryMetricsAutoConfiguration] is not eligible for getting processed by all BeanPostProcessors (for example: not eligible for auto-proxying)
30-07-2021 17:07:45 INFO  [           main] [onDelegate$BeanPostProcessorChecker] - Bean 'org.springframework.boot.actuate.autoconfigure.metrics.export.simple.SimpleMetricsExportAutoConfiguration' of type [org.springframework.boot.actuate.autoconfigure.metrics.export.simple.SimpleMetricsExportAutoConfiguration] is not eligible for getting processed by all BeanPostProcessors (for example: not eligible for auto-proxying)
30-07-2021 17:07:45 INFO  [           main] [onDelegate$BeanPostProcessorChecker] - Bean 'management.metrics.export.simple-org.springframework.boot.actuate.autoconfigure.metrics.export.simple.SimpleProperties' of type [org.springframework.boot.actuate.autoconfigure.metrics.export.simple.SimpleProperties] is not eligible for getting processed by all BeanPostProcessors (for example: not eligible for auto-proxying)
30-07-2021 17:07:45 INFO  [           main] [onDelegate$BeanPostProcessorChecker] - Bean 'simpleConfig' of type [org.springframework.boot.actuate.autoconfigure.metrics.export.simple.SimplePropertiesConfigAdapter] is not eligible for getting processed by all BeanPostProcessors (for example: not eligible for auto-proxying)
30-07-2021 17:07:45 INFO  [           main] [onDelegate$BeanPostProcessorChecker] - Bean 'org.springframework.boot.actuate.autoconfigure.metrics.MetricsAutoConfiguration' of type [org.springframework.boot.actuate.autoconfigure.metrics.MetricsAutoConfiguration] is not eligible for getting processed by all BeanPostProcessors (for example: not eligible for auto-proxying)
30-07-2021 17:07:45 INFO  [           main] [onDelegate$BeanPostProcessorChecker] - Bean 'micrometerClock' of type [io.micrometer.core.instrument.Clock$1] is not eligible for getting processed by all BeanPostProcessors (for example: not eligible for auto-proxying)
30-07-2021 17:07:45 INFO  [           main] [onDelegate$BeanPostProcessorChecker] - Bean 'simpleMeterRegistry' of type [io.micrometer.core.instrument.simple.SimpleMeterRegistry] is not eligible for getting processed by all BeanPostProcessors (for example: not eligible for auto-proxying)
30-07-2021 17:07:45 INFO  [           main] [onDelegate$BeanPostProcessorChecker] - Bean 'repositoryTagsProvider' of type [org.springframework.boot.actuate.metrics.data.DefaultRepositoryTagsProvider] is not eligible for getting processed by all BeanPostProcessors (for example: not eligible for auto-proxying)
30-07-2021 17:07:45 INFO  [           main] [onDelegate$BeanPostProcessorChecker] - Bean 'metricsRepositoryMethodInvocationListener' of type [org.springframework.boot.actuate.metrics.data.MetricsRepositoryMethodInvocationListener] is not eligible for getting processed by all BeanPostProcessors (for example: not eligible for auto-proxying)
30-07-2021 17:07:46 INFO  [           main] [o.s.b.w.e.tomcat.TomcatWebServer   ] - Tomcat initialized with port(s): 8040 (http)
30-07-2021 17:07:46 INFO  [           main] [o.a.coyote.http11.Http11NioProtocol] - Initializing ProtocolHandler ["http-nio-8040"]
30-07-2021 17:07:46 INFO  [           main] [o.a.catalina.core.StandardService  ] - Starting service [Tomcat]
30-07-2021 17:07:46 INFO  [           main] [o.a.catalina.core.StandardEngine   ] - Starting Servlet engine: [Apache Tomcat/9.0.46]
30-07-2021 17:07:47 INFO  [           main] [o.apache.jasper.servlet.TldScanner ] - At least one JAR was scanned for TLDs yet contained no TLDs. Enable debug logging for this logger for a complete list of JARs that were scanned but no TLDs were found in them. Skipping unneeded JARs during scanning can improve startup time and JSP compilation time.
30-07-2021 17:07:47 INFO  [           main] [o.a.c.c.C.[Tomcat].[localhost].[/] ] - Initializing Spring embedded WebApplicationContext
30-07-2021 17:07:47 INFO  [           main] [.ServletWebServerApplicationContext] - Root WebApplicationContext: initialization completed in 6688 ms
30-07-2021 17:07:48 INFO  [           main] [o.h.jpa.internal.util.LogHelper    ] - HHH000204: Processing PersistenceUnitInfo [name: default]
30-07-2021 17:07:48 INFO  [           main] [org.hibernate.Version              ] - HHH000412: Hibernate ORM core version 5.4.31.Final
30-07-2021 17:07:48 INFO  [           main] [o.h.annotations.common.Version     ] - HCANN000001: Hibernate Commons Annotations {5.1.2.Final}
30-07-2021 17:07:49 INFO  [           main] [com.zaxxer.hikari.HikariDataSource ] - HikariPool-1 - Starting...
30-07-2021 17:07:50 INFO  [           main] [com.zaxxer.hikari.HikariDataSource ] - HikariPool-1 - Start completed.
30-07-2021 17:07:50 INFO  [           main] [org.hibernate.dialect.Dialect      ] - HHH000400: Using dialect: org.hibernate.dialect.PostgreSQLDialect
30-07-2021 17:07:52 INFO  [           main] [o.h.e.t.j.p.i.JtaPlatformInitiator ] - HHH000490: Using JtaPlatform implementation: [org.hibernate.engine.transaction.jta.platform.internal.NoJtaPlatform]
30-07-2021 17:07:52 INFO  [           main] [alContainerEntityManagerFactoryBean] - Initialized JPA EntityManagerFactory for persistence unit 'default'
30-07-2021 17:07:54 INFO  [           main] [org.apache.tiles.access.TilesAccess] - Publishing TilesContext for context: org.springframework.web.servlet.view.tiles3.SpringWildcardServletTilesApplicationContext
30-07-2021 17:07:54 INFO  [           main] [o.s.s.w.DefaultSecurityFilterChain ] - Will secure Ant [pattern='/resources/**'] with []
30-07-2021 17:07:54 INFO  [           main] [o.s.s.w.DefaultSecurityFilterChain ] - Will secure any request with [org.springframework.security.web.context.request.async.WebAsyncManagerIntegrationFilter@508abc74, org.springframework.security.web.context.SecurityContextPersistenceFilter@19ee0a2f, org.springframework.security.web.header.HeaderWriterFilter@7205a8b7, org.springframework.security.web.csrf.CsrfFilter@6d387e9b, org.springframework.security.web.authentication.logout.LogoutFilter@6447dc25, org.springframework.security.web.authentication.UsernamePasswordAuthenticationFilter@3a61d819, org.springframework.security.web.savedrequest.RequestCacheAwareFilter@3cc548f6, org.springframework.security.web.servletapi.SecurityContextHolderAwareRequestFilter@74070994, org.springframework.security.web.authentication.AnonymousAuthenticationFilter@77b01226, org.springframework.security.web.session.SessionManagementFilter@22cce199, org.springframework.security.web.access.ExceptionTranslationFilter@613ba54e, org.springframework.security.web.access.intercept.FilterSecurityInterceptor@1bca9b64]
30-07-2021 17:07:55 INFO  [           main] [s.b.a.w.s.WelcomePageHandlerMapping] - Adding welcome page template: index
30-07-2021 17:07:56 INFO  [           main] [o.s.b.a.e.web.EndpointLinksResolver] - Exposing 12 endpoint(s) beneath base path '/application'
30-07-2021 17:07:56 INFO  [           main] [o.a.coyote.http11.Http11NioProtocol] - Starting ProtocolHandler ["http-nio-8040"]
30-07-2021 17:07:57 INFO  [           main] [o.s.b.w.e.tomcat.TomcatWebServer   ] - Tomcat started on port(s): 8040 (http) with context path ''
30-07-2021 17:07:57 INFO  [           main] [com.ss.sample.SampleApplication    ] - Started SampleApplication in 18.329 seconds (JVM running for 20.333)
30-07-2021 17:07:57 INFO  [           main] [o.s.b.a.ApplicationAvailabilityBean] - Application availability state LivenessState changed to CORRECT
30-07-2021 17:07:57 INFO  [           main] [o.s.b.a.ApplicationAvailabilityBean] - Application availability state ReadinessState changed to ACCEPTING_TRAFFIC
30-07-2021 17:10:06 INFO  [           main] [com.ss.sample.SampleApplication    ] - Starting SampleApplication using Java 1.8.0_121 on Lakshmi with PID 1716 (D:\Projects\sample\build\classes\java\main started by Sarma in D:\Projects\sample)
30-07-2021 17:10:06 INFO  [           main] [com.ss.sample.SampleApplication    ] - No active profile set, falling back to default profiles: default
30-07-2021 17:10:06 WARN  [kground-preinit] [s.h.c.j.Jackson2ObjectMapperBuilder] - For Jackson Kotlin classes support please add "com.fasterxml.jackson.module:jackson-module-kotlin" to the classpath
30-07-2021 17:10:08 INFO  [           main] [r.c.RepositoryConfigurationDelegate] - Bootstrapping Spring Data JPA repositories in DEFAULT mode.
30-07-2021 17:10:09 INFO  [           main] [r.c.RepositoryConfigurationDelegate] - Finished Spring Data repository scanning in 145 ms. Found 3 JPA repository interfaces.
30-07-2021 17:10:10 INFO  [           main] [onDelegate$BeanPostProcessorChecker] - Bean 'org.springframework.security.access.expression.method.DefaultMethodSecurityExpressionHandler@1290ed28' of type [org.springframework.security.access.expression.method.DefaultMethodSecurityExpressionHandler] is not eligible for getting processed by all BeanPostProcessors (for example: not eligible for auto-proxying)
30-07-2021 17:10:10 INFO  [           main] [onDelegate$BeanPostProcessorChecker] - Bean 'methodSecurityMetadataSource' of type [org.springframework.security.access.method.DelegatingMethodSecurityMetadataSource] is not eligible for getting processed by all BeanPostProcessors (for example: not eligible for auto-proxying)
30-07-2021 17:10:10 INFO  [           main] [onDelegate$BeanPostProcessorChecker] - Bean 'management.metrics-org.springframework.boot.actuate.autoconfigure.metrics.MetricsProperties' of type [org.springframework.boot.actuate.autoconfigure.metrics.MetricsProperties] is not eligible for getting processed by all BeanPostProcessors (for example: not eligible for auto-proxying)
30-07-2021 17:10:10 INFO  [           main] [onDelegate$BeanPostProcessorChecker] - Bean 'org.springframework.boot.actuate.autoconfigure.metrics.data.RepositoryMetricsAutoConfiguration' of type [org.springframework.boot.actuate.autoconfigure.metrics.data.RepositoryMetricsAutoConfiguration] is not eligible for getting processed by all BeanPostProcessors (for example: not eligible for auto-proxying)
30-07-2021 17:10:10 INFO  [           main] [onDelegate$BeanPostProcessorChecker] - Bean 'org.springframework.boot.actuate.autoconfigure.metrics.export.simple.SimpleMetricsExportAutoConfiguration' of type [org.springframework.boot.actuate.autoconfigure.metrics.export.simple.SimpleMetricsExportAutoConfiguration] is not eligible for getting processed by all BeanPostProcessors (for example: not eligible for auto-proxying)
30-07-2021 17:10:10 INFO  [           main] [onDelegate$BeanPostProcessorChecker] - Bean 'management.metrics.export.simple-org.springframework.boot.actuate.autoconfigure.metrics.export.simple.SimpleProperties' of type [org.springframework.boot.actuate.autoconfigure.metrics.export.simple.SimpleProperties] is not eligible for getting processed by all BeanPostProcessors (for example: not eligible for auto-proxying)
30-07-2021 17:10:10 INFO  [           main] [onDelegate$BeanPostProcessorChecker] - Bean 'simpleConfig' of type [org.springframework.boot.actuate.autoconfigure.metrics.export.simple.SimplePropertiesConfigAdapter] is not eligible for getting processed by all BeanPostProcessors (for example: not eligible for auto-proxying)
30-07-2021 17:10:10 INFO  [           main] [onDelegate$BeanPostProcessorChecker] - Bean 'org.springframework.boot.actuate.autoconfigure.metrics.MetricsAutoConfiguration' of type [org.springframework.boot.actuate.autoconfigure.metrics.MetricsAutoConfiguration] is not eligible for getting processed by all BeanPostProcessors (for example: not eligible for auto-proxying)
30-07-2021 17:10:10 INFO  [           main] [onDelegate$BeanPostProcessorChecker] - Bean 'micrometerClock' of type [io.micrometer.core.instrument.Clock$1] is not eligible for getting processed by all BeanPostProcessors (for example: not eligible for auto-proxying)
30-07-2021 17:10:10 INFO  [           main] [onDelegate$BeanPostProcessorChecker] - Bean 'simpleMeterRegistry' of type [io.micrometer.core.instrument.simple.SimpleMeterRegistry] is not eligible for getting processed by all BeanPostProcessors (for example: not eligible for auto-proxying)
30-07-2021 17:10:10 INFO  [           main] [onDelegate$BeanPostProcessorChecker] - Bean 'repositoryTagsProvider' of type [org.springframework.boot.actuate.metrics.data.DefaultRepositoryTagsProvider] is not eligible for getting processed by all BeanPostProcessors (for example: not eligible for auto-proxying)
30-07-2021 17:10:10 INFO  [           main] [onDelegate$BeanPostProcessorChecker] - Bean 'metricsRepositoryMethodInvocationListener' of type [org.springframework.boot.actuate.metrics.data.MetricsRepositoryMethodInvocationListener] is not eligible for getting processed by all BeanPostProcessors (for example: not eligible for auto-proxying)
30-07-2021 17:10:11 INFO  [           main] [o.s.b.w.e.tomcat.TomcatWebServer   ] - Tomcat initialized with port(s): 8040 (http)
30-07-2021 17:10:11 INFO  [           main] [o.a.coyote.http11.Http11NioProtocol] - Initializing ProtocolHandler ["http-nio-8040"]
30-07-2021 17:10:11 INFO  [           main] [o.a.catalina.core.StandardService  ] - Starting service [Tomcat]
30-07-2021 17:10:11 INFO  [           main] [o.a.catalina.core.StandardEngine   ] - Starting Servlet engine: [Apache Tomcat/9.0.46]
30-07-2021 17:10:12 INFO  [           main] [o.apache.jasper.servlet.TldScanner ] - At least one JAR was scanned for TLDs yet contained no TLDs. Enable debug logging for this logger for a complete list of JARs that were scanned but no TLDs were found in them. Skipping unneeded JARs during scanning can improve startup time and JSP compilation time.
30-07-2021 17:10:12 INFO  [           main] [o.a.c.c.C.[Tomcat].[localhost].[/] ] - Initializing Spring embedded WebApplicationContext
30-07-2021 17:10:12 INFO  [           main] [.ServletWebServerApplicationContext] - Root WebApplicationContext: initialization completed in 5438 ms
30-07-2021 17:10:12 INFO  [           main] [o.h.jpa.internal.util.LogHelper    ] - HHH000204: Processing PersistenceUnitInfo [name: default]
30-07-2021 17:10:12 INFO  [           main] [org.hibernate.Version              ] - HHH000412: Hibernate ORM core version 5.4.31.Final
30-07-2021 17:10:13 INFO  [           main] [o.h.annotations.common.Version     ] - HCANN000001: Hibernate Commons Annotations {5.1.2.Final}
30-07-2021 17:10:13 INFO  [           main] [com.zaxxer.hikari.HikariDataSource ] - HikariPool-1 - Starting...
30-07-2021 17:10:13 INFO  [           main] [com.zaxxer.hikari.HikariDataSource ] - HikariPool-1 - Start completed.
30-07-2021 17:10:13 INFO  [           main] [org.hibernate.dialect.Dialect      ] - HHH000400: Using dialect: org.hibernate.dialect.PostgreSQLDialect
30-07-2021 17:10:14 INFO  [           main] [o.h.e.t.j.p.i.JtaPlatformInitiator ] - HHH000490: Using JtaPlatform implementation: [org.hibernate.engine.transaction.jta.platform.internal.NoJtaPlatform]
30-07-2021 17:10:14 INFO  [           main] [alContainerEntityManagerFactoryBean] - Initialized JPA EntityManagerFactory for persistence unit 'default'
30-07-2021 17:10:16 INFO  [           main] [org.apache.tiles.access.TilesAccess] - Publishing TilesContext for context: org.springframework.web.servlet.view.tiles3.SpringWildcardServletTilesApplicationContext
30-07-2021 17:10:16 INFO  [           main] [o.s.s.w.DefaultSecurityFilterChain ] - Will secure Ant [pattern='/resources/**'] with []
30-07-2021 17:10:16 INFO  [           main] [o.s.s.w.DefaultSecurityFilterChain ] - Will secure any request with [org.springframework.security.web.context.request.async.WebAsyncManagerIntegrationFilter@2e60d4f4, org.springframework.security.web.context.SecurityContextPersistenceFilter@432b883, org.springframework.security.web.header.HeaderWriterFilter@34525143, org.springframework.security.web.csrf.CsrfFilter@74ed3be4, org.springframework.security.web.authentication.logout.LogoutFilter@7621c3f7, org.springframework.security.web.authentication.UsernamePasswordAuthenticationFilter@644c3590, org.springframework.security.web.savedrequest.RequestCacheAwareFilter@560c3758, org.springframework.security.web.servletapi.SecurityContextHolderAwareRequestFilter@6d2f910b, org.springframework.security.web.authentication.AnonymousAuthenticationFilter@14091e24, org.springframework.security.web.session.SessionManagementFilter@3c5cb013, org.springframework.security.web.access.ExceptionTranslationFilter@1002f859, org.springframework.security.web.access.intercept.FilterSecurityInterceptor@2a9f7572]
30-07-2021 17:10:17 INFO  [           main] [s.b.a.w.s.WelcomePageHandlerMapping] - Adding welcome page template: index
30-07-2021 17:10:18 INFO  [           main] [o.s.b.a.e.web.EndpointLinksResolver] - Exposing 12 endpoint(s) beneath base path '/application'
30-07-2021 17:10:18 INFO  [           main] [o.a.coyote.http11.Http11NioProtocol] - Starting ProtocolHandler ["http-nio-8040"]
30-07-2021 17:10:18 INFO  [           main] [o.s.b.w.e.tomcat.TomcatWebServer   ] - Tomcat started on port(s): 8040 (http) with context path ''
30-07-2021 17:10:18 INFO  [           main] [com.ss.sample.SampleApplication    ] - Started SampleApplication in 12.877 seconds (JVM running for 13.849)
30-07-2021 17:10:18 INFO  [           main] [o.s.b.a.ApplicationAvailabilityBean] - Application availability state LivenessState changed to CORRECT
30-07-2021 17:10:18 INFO  [           main] [o.s.b.a.ApplicationAvailabilityBean] - Application availability state ReadinessState changed to ACCEPTING_TRAFFIC
30-07-2021 17:11:21 INFO  [           main] [com.ss.sample.SampleApplication    ] - Starting SampleApplication using Java 1.8.0_121 on Lakshmi with PID 4788 (D:\Projects\sample\build\classes\java\main started by Sarma in D:\Projects\sample)
30-07-2021 17:11:21 INFO  [           main] [com.ss.sample.SampleApplication    ] - No active profile set, falling back to default profiles: default
30-07-2021 17:11:21 WARN  [kground-preinit] [s.h.c.j.Jackson2ObjectMapperBuilder] - For Jackson Kotlin classes support please add "com.fasterxml.jackson.module:jackson-module-kotlin" to the classpath
30-07-2021 17:11:23 INFO  [           main] [r.c.RepositoryConfigurationDelegate] - Bootstrapping Spring Data JPA repositories in DEFAULT mode.
30-07-2021 17:11:23 INFO  [           main] [r.c.RepositoryConfigurationDelegate] - Finished Spring Data repository scanning in 138 ms. Found 3 JPA repository interfaces.
30-07-2021 17:11:24 INFO  [           main] [onDelegate$BeanPostProcessorChecker] - Bean 'org.springframework.security.access.expression.method.DefaultMethodSecurityExpressionHandler@ef718de' of type [org.springframework.security.access.expression.method.DefaultMethodSecurityExpressionHandler] is not eligible for getting processed by all BeanPostProcessors (for example: not eligible for auto-proxying)
30-07-2021 17:11:24 INFO  [           main] [onDelegate$BeanPostProcessorChecker] - Bean 'methodSecurityMetadataSource' of type [org.springframework.security.access.method.DelegatingMethodSecurityMetadataSource] is not eligible for getting processed by all BeanPostProcessors (for example: not eligible for auto-proxying)
30-07-2021 17:11:24 INFO  [           main] [onDelegate$BeanPostProcessorChecker] - Bean 'management.metrics-org.springframework.boot.actuate.autoconfigure.metrics.MetricsProperties' of type [org.springframework.boot.actuate.autoconfigure.metrics.MetricsProperties] is not eligible for getting processed by all BeanPostProcessors (for example: not eligible for auto-proxying)
30-07-2021 17:11:24 INFO  [           main] [onDelegate$BeanPostProcessorChecker] - Bean 'org.springframework.boot.actuate.autoconfigure.metrics.data.RepositoryMetricsAutoConfiguration' of type [org.springframework.boot.actuate.autoconfigure.metrics.data.RepositoryMetricsAutoConfiguration] is not eligible for getting processed by all BeanPostProcessors (for example: not eligible for auto-proxying)
30-07-2021 17:11:24 INFO  [           main] [onDelegate$BeanPostProcessorChecker] - Bean 'org.springframework.boot.actuate.autoconfigure.metrics.export.simple.SimpleMetricsExportAutoConfiguration' of type [org.springframework.boot.actuate.autoconfigure.metrics.export.simple.SimpleMetricsExportAutoConfiguration] is not eligible for getting processed by all BeanPostProcessors (for example: not eligible for auto-proxying)
30-07-2021 17:11:24 INFO  [           main] [onDelegate$BeanPostProcessorChecker] - Bean 'management.metrics.export.simple-org.springframework.boot.actuate.autoconfigure.metrics.export.simple.SimpleProperties' of type [org.springframework.boot.actuate.autoconfigure.metrics.export.simple.SimpleProperties] is not eligible for getting processed by all BeanPostProcessors (for example: not eligible for auto-proxying)
30-07-2021 17:11:24 INFO  [           main] [onDelegate$BeanPostProcessorChecker] - Bean 'simpleConfig' of type [org.springframework.boot.actuate.autoconfigure.metrics.export.simple.SimplePropertiesConfigAdapter] is not eligible for getting processed by all BeanPostProcessors (for example: not eligible for auto-proxying)
30-07-2021 17:11:24 INFO  [           main] [onDelegate$BeanPostProcessorChecker] - Bean 'org.springframework.boot.actuate.autoconfigure.metrics.MetricsAutoConfiguration' of type [org.springframework.boot.actuate.autoconfigure.metrics.MetricsAutoConfiguration] is not eligible for getting processed by all BeanPostProcessors (for example: not eligible for auto-proxying)
30-07-2021 17:11:24 INFO  [           main] [onDelegate$BeanPostProcessorChecker] - Bean 'micrometerClock' of type [io.micrometer.core.instrument.Clock$1] is not eligible for getting processed by all BeanPostProcessors (for example: not eligible for auto-proxying)
30-07-2021 17:11:24 INFO  [           main] [onDelegate$BeanPostProcessorChecker] - Bean 'simpleMeterRegistry' of type [io.micrometer.core.instrument.simple.SimpleMeterRegistry] is not eligible for getting processed by all BeanPostProcessors (for example: not eligible for auto-proxying)
30-07-2021 17:11:24 INFO  [           main] [onDelegate$BeanPostProcessorChecker] - Bean 'repositoryTagsProvider' of type [org.springframework.boot.actuate.metrics.data.DefaultRepositoryTagsProvider] is not eligible for getting processed by all BeanPostProcessors (for example: not eligible for auto-proxying)
30-07-2021 17:11:24 INFO  [           main] [onDelegate$BeanPostProcessorChecker] - Bean 'metricsRepositoryMethodInvocationListener' of type [org.springframework.boot.actuate.metrics.data.MetricsRepositoryMethodInvocationListener] is not eligible for getting processed by all BeanPostProcessors (for example: not eligible for auto-proxying)
30-07-2021 17:11:25 INFO  [           main] [o.s.b.w.e.tomcat.TomcatWebServer   ] - Tomcat initialized with port(s): 8040 (http)
30-07-2021 17:11:25 INFO  [           main] [o.a.coyote.http11.Http11NioProtocol] - Initializing ProtocolHandler ["http-nio-8040"]
30-07-2021 17:11:25 INFO  [           main] [o.a.catalina.core.StandardService  ] - Starting service [Tomcat]
30-07-2021 17:11:25 INFO  [           main] [o.a.catalina.core.StandardEngine   ] - Starting Servlet engine: [Apache Tomcat/9.0.46]
30-07-2021 17:11:26 INFO  [           main] [o.apache.jasper.servlet.TldScanner ] - At least one JAR was scanned for TLDs yet contained no TLDs. Enable debug logging for this logger for a complete list of JARs that were scanned but no TLDs were found in them. Skipping unneeded JARs during scanning can improve startup time and JSP compilation time.
30-07-2021 17:11:26 INFO  [           main] [o.a.c.c.C.[Tomcat].[localhost].[/] ] - Initializing Spring embedded WebApplicationContext
30-07-2021 17:11:26 INFO  [           main] [.ServletWebServerApplicationContext] - Root WebApplicationContext: initialization completed in 5140 ms
30-07-2021 17:11:26 INFO  [           main] [o.h.jpa.internal.util.LogHelper    ] - HHH000204: Processing PersistenceUnitInfo [name: default]
30-07-2021 17:11:27 INFO  [           main] [org.hibernate.Version              ] - HHH000412: Hibernate ORM core version 5.4.31.Final
30-07-2021 17:11:27 INFO  [           main] [o.h.annotations.common.Version     ] - HCANN000001: Hibernate Commons Annotations {5.1.2.Final}
30-07-2021 17:11:27 INFO  [           main] [com.zaxxer.hikari.HikariDataSource ] - HikariPool-1 - Starting...
30-07-2021 17:11:27 INFO  [           main] [com.zaxxer.hikari.HikariDataSource ] - HikariPool-1 - Start completed.
30-07-2021 17:11:27 INFO  [           main] [org.hibernate.dialect.Dialect      ] - HHH000400: Using dialect: org.hibernate.dialect.PostgreSQLDialect
30-07-2021 17:11:29 INFO  [           main] [o.h.e.t.j.p.i.JtaPlatformInitiator ] - HHH000490: Using JtaPlatform implementation: [org.hibernate.engine.transaction.jta.platform.internal.NoJtaPlatform]
30-07-2021 17:11:29 INFO  [           main] [alContainerEntityManagerFactoryBean] - Initialized JPA EntityManagerFactory for persistence unit 'default'
30-07-2021 17:11:30 INFO  [           main] [org.apache.tiles.access.TilesAccess] - Publishing TilesContext for context: org.springframework.web.servlet.view.tiles3.SpringWildcardServletTilesApplicationContext
30-07-2021 17:11:31 INFO  [           main] [o.s.s.w.DefaultSecurityFilterChain ] - Will secure Ant [pattern='/resources/**'] with []
30-07-2021 17:11:31 INFO  [           main] [o.s.s.w.DefaultSecurityFilterChain ] - Will secure any request with [org.springframework.security.web.context.request.async.WebAsyncManagerIntegrationFilter@593e594f, org.springframework.security.web.context.SecurityContextPersistenceFilter@be9bf2e, org.springframework.security.web.header.HeaderWriterFilter@4c1fed69, org.springframework.security.web.csrf.CsrfFilter@52a9db63, org.springframework.security.web.authentication.logout.LogoutFilter@70f0c352, org.springframework.security.web.authentication.UsernamePasswordAuthenticationFilter@4d2f8ee7, org.springframework.security.web.savedrequest.RequestCacheAwareFilter@949f0d, org.springframework.security.web.servletapi.SecurityContextHolderAwareRequestFilter@f73a7cf, org.springframework.security.web.authentication.AnonymousAuthenticationFilter@3a1e5fa7, org.springframework.security.web.session.SessionManagementFilter@2c955487, org.springframework.security.web.access.ExceptionTranslationFilter@23adbd6b, org.springframework.security.web.access.intercept.FilterSecurityInterceptor@758ac46]
30-07-2021 17:11:31 INFO  [           main] [s.b.a.w.s.WelcomePageHandlerMapping] - Adding welcome page template: index
30-07-2021 17:11:32 INFO  [           main] [o.s.b.a.e.web.EndpointLinksResolver] - Exposing 12 endpoint(s) beneath base path '/application'
30-07-2021 17:11:32 INFO  [           main] [o.a.coyote.http11.Http11NioProtocol] - Starting ProtocolHandler ["http-nio-8040"]
30-07-2021 17:11:32 INFO  [           main] [o.s.b.w.e.tomcat.TomcatWebServer   ] - Tomcat started on port(s): 8040 (http) with context path ''
30-07-2021 17:11:32 INFO  [           main] [com.ss.sample.SampleApplication    ] - Started SampleApplication in 12.451 seconds (JVM running for 13.218)
30-07-2021 17:11:32 INFO  [           main] [o.s.b.a.ApplicationAvailabilityBean] - Application availability state LivenessState changed to CORRECT
30-07-2021 17:11:32 INFO  [           main] [o.s.b.a.ApplicationAvailabilityBean] - Application availability state ReadinessState changed to ACCEPTING_TRAFFIC
