16-11-2021 14:05:47 INFO  [           main] [com.ss.sample.SampleApplication    ] - Starting SampleApplication using Java 1.8.0_121 on Lakshmi with PID 7304 (D:\Projects\sample\build\classes\java\main started by Sarma in D:\Projects\sample)
16-11-2021 14:05:47 INFO  [           main] [com.ss.sample.SampleApplication    ] - No active profile set, falling back to default profiles: default
16-11-2021 14:05:48 WARN  [kground-preinit] [s.h.c.j.Jackson2ObjectMapperBuilder] - For Jackson Kotlin classes support please add "com.fasterxml.jackson.module:jackson-module-kotlin" to the classpath
16-11-2021 14:05:51 INFO  [           main] [r.c.RepositoryConfigurationDelegate] - Bootstrapping Spring Data JPA repositories in DEFAULT mode.
16-11-2021 14:05:51 INFO  [           main] [r.c.RepositoryConfigurationDelegate] - Finished Spring Data repository scanning in 286 ms. Found 3 JPA repository interfaces.
16-11-2021 14:05:53 INFO  [           main] [onDelegate$BeanPostProcessorChecker] - Bean 'org.springframework.security.access.expression.method.DefaultMethodSecurityExpressionHandler@46e190ed' of type [org.springframework.security.access.expression.method.DefaultMethodSecurityExpressionHandler] is not eligible for getting processed by all BeanPostProcessors (for example: not eligible for auto-proxying)
16-11-2021 14:05:53 INFO  [           main] [onDelegate$BeanPostProcessorChecker] - Bean 'methodSecurityMetadataSource' of type [org.springframework.security.access.method.DelegatingMethodSecurityMetadataSource] is not eligible for getting processed by all BeanPostProcessors (for example: not eligible for auto-proxying)
16-11-2021 14:05:53 INFO  [           main] [onDelegate$BeanPostProcessorChecker] - Bean 'management.metrics-org.springframework.boot.actuate.autoconfigure.metrics.MetricsProperties' of type [org.springframework.boot.actuate.autoconfigure.metrics.MetricsProperties] is not eligible for getting processed by all BeanPostProcessors (for example: not eligible for auto-proxying)
16-11-2021 14:05:53 INFO  [           main] [onDelegate$BeanPostProcessorChecker] - Bean 'org.springframework.boot.actuate.autoconfigure.metrics.data.RepositoryMetricsAutoConfiguration' of type [org.springframework.boot.actuate.autoconfigure.metrics.data.RepositoryMetricsAutoConfiguration] is not eligible for getting processed by all BeanPostProcessors (for example: not eligible for auto-proxying)
16-11-2021 14:05:53 INFO  [           main] [onDelegate$BeanPostProcessorChecker] - Bean 'org.springframework.boot.actuate.autoconfigure.metrics.export.simple.SimpleMetricsExportAutoConfiguration' of type [org.springframework.boot.actuate.autoconfigure.metrics.export.simple.SimpleMetricsExportAutoConfiguration] is not eligible for getting processed by all BeanPostProcessors (for example: not eligible for auto-proxying)
16-11-2021 14:05:53 INFO  [           main] [onDelegate$BeanPostProcessorChecker] - Bean 'management.metrics.export.simple-org.springframework.boot.actuate.autoconfigure.metrics.export.simple.SimpleProperties' of type [org.springframework.boot.actuate.autoconfigure.metrics.export.simple.SimpleProperties] is not eligible for getting processed by all BeanPostProcessors (for example: not eligible for auto-proxying)
16-11-2021 14:05:53 INFO  [           main] [onDelegate$BeanPostProcessorChecker] - Bean 'simpleConfig' of type [org.springframework.boot.actuate.autoconfigure.metrics.export.simple.SimplePropertiesConfigAdapter] is not eligible for getting processed by all BeanPostProcessors (for example: not eligible for auto-proxying)
16-11-2021 14:05:53 INFO  [           main] [onDelegate$BeanPostProcessorChecker] - Bean 'org.springframework.boot.actuate.autoconfigure.metrics.MetricsAutoConfiguration' of type [org.springframework.boot.actuate.autoconfigure.metrics.MetricsAutoConfiguration] is not eligible for getting processed by all BeanPostProcessors (for example: not eligible for auto-proxying)
16-11-2021 14:05:53 INFO  [           main] [onDelegate$BeanPostProcessorChecker] - Bean 'micrometerClock' of type [io.micrometer.core.instrument.Clock$1] is not eligible for getting processed by all BeanPostProcessors (for example: not eligible for auto-proxying)
16-11-2021 14:05:53 INFO  [           main] [onDelegate$BeanPostProcessorChecker] - Bean 'simpleMeterRegistry' of type [io.micrometer.core.instrument.simple.SimpleMeterRegistry] is not eligible for getting processed by all BeanPostProcessors (for example: not eligible for auto-proxying)
16-11-2021 14:05:53 INFO  [           main] [onDelegate$BeanPostProcessorChecker] - Bean 'repositoryTagsProvider' of type [org.springframework.boot.actuate.metrics.data.DefaultRepositoryTagsProvider] is not eligible for getting processed by all BeanPostProcessors (for example: not eligible for auto-proxying)
16-11-2021 14:05:53 INFO  [           main] [onDelegate$BeanPostProcessorChecker] - Bean 'metricsRepositoryMethodInvocationListener' of type [org.springframework.boot.actuate.metrics.data.MetricsRepositoryMethodInvocationListener] is not eligible for getting processed by all BeanPostProcessors (for example: not eligible for auto-proxying)
16-11-2021 14:05:54 INFO  [           main] [o.s.b.w.e.tomcat.TomcatWebServer   ] - Tomcat initialized with port(s): 8040 (http)
16-11-2021 14:05:54 INFO  [           main] [o.a.coyote.http11.Http11NioProtocol] - Initializing ProtocolHandler ["http-nio-8040"]
16-11-2021 14:05:54 INFO  [           main] [o.a.catalina.core.StandardService  ] - Starting service [Tomcat]
16-11-2021 14:05:54 INFO  [           main] [o.a.catalina.core.StandardEngine   ] - Starting Servlet engine: [Apache Tomcat/9.0.46]
16-11-2021 14:05:55 INFO  [           main] [o.apache.jasper.servlet.TldScanner ] - At least one JAR was scanned for TLDs yet contained no TLDs. Enable debug logging for this logger for a complete list of JARs that were scanned but no TLDs were found in them. Skipping unneeded JARs during scanning can improve startup time and JSP compilation time.
16-11-2021 14:05:55 INFO  [           main] [o.a.c.c.C.[Tomcat].[localhost].[/] ] - Initializing Spring embedded WebApplicationContext
16-11-2021 14:05:55 INFO  [           main] [.ServletWebServerApplicationContext] - Root WebApplicationContext: initialization completed in 7684 ms
16-11-2021 14:05:56 INFO  [           main] [o.h.jpa.internal.util.LogHelper    ] - HHH000204: Processing PersistenceUnitInfo [name: default]
16-11-2021 14:05:56 INFO  [           main] [org.hibernate.Version              ] - HHH000412: Hibernate ORM core version 5.4.31.Final
16-11-2021 14:05:57 INFO  [           main] [o.h.annotations.common.Version     ] - HCANN000001: Hibernate Commons Annotations {5.1.2.Final}
16-11-2021 14:05:57 INFO  [           main] [com.zaxxer.hikari.HikariDataSource ] - HikariPool-1 - Starting...
16-11-2021 14:05:57 INFO  [           main] [com.zaxxer.hikari.HikariDataSource ] - HikariPool-1 - Start completed.
16-11-2021 14:05:57 INFO  [           main] [org.hibernate.dialect.Dialect      ] - HHH000400: Using dialect: org.hibernate.dialect.PostgreSQLDialect
16-11-2021 14:05:59 INFO  [           main] [o.h.e.t.j.p.i.JtaPlatformInitiator ] - HHH000490: Using JtaPlatform implementation: [org.hibernate.engine.transaction.jta.platform.internal.NoJtaPlatform]
16-11-2021 14:05:59 INFO  [           main] [alContainerEntityManagerFactoryBean] - Initialized JPA EntityManagerFactory for persistence unit 'default'
16-11-2021 14:06:03 INFO  [           main] [org.apache.tiles.access.TilesAccess] - Publishing TilesContext for context: org.springframework.web.servlet.view.tiles3.SpringWildcardServletTilesApplicationContext
16-11-2021 14:06:03 INFO  [           main] [o.s.s.w.DefaultSecurityFilterChain ] - Will secure Ant [pattern='/resources/**'] with []
16-11-2021 14:06:03 INFO  [           main] [o.s.s.w.DefaultSecurityFilterChain ] - Will secure any request with [org.springframework.security.web.context.request.async.WebAsyncManagerIntegrationFilter@5a464be7, org.springframework.security.web.context.SecurityContextPersistenceFilter@7095b688, org.springframework.security.web.header.HeaderWriterFilter@5862ab28, org.springframework.security.web.csrf.CsrfFilter@75d0cac6, org.springframework.security.web.authentication.logout.LogoutFilter@65dd2191, org.springframework.security.web.authentication.UsernamePasswordAuthenticationFilter@506e382b, org.springframework.security.web.savedrequest.RequestCacheAwareFilter@bddac1c, org.springframework.security.web.servletapi.SecurityContextHolderAwareRequestFilter@35c3d6e8, org.springframework.security.web.authentication.AnonymousAuthenticationFilter@170f0fd6, org.springframework.security.web.session.SessionManagementFilter@62878d7c, org.springframework.security.web.access.ExceptionTranslationFilter@6464f017, org.springframework.security.web.access.intercept.FilterSecurityInterceptor@6c167296]
16-11-2021 14:06:04 INFO  [           main] [s.b.a.w.s.WelcomePageHandlerMapping] - Adding welcome page template: index
16-11-2021 14:06:06 INFO  [           main] [o.s.b.a.e.web.EndpointLinksResolver] - Exposing 12 endpoint(s) beneath base path '/application'
16-11-2021 14:06:06 INFO  [           main] [o.a.coyote.http11.Http11NioProtocol] - Starting ProtocolHandler ["http-nio-8040"]
16-11-2021 14:06:06 INFO  [           main] [o.s.b.w.e.tomcat.TomcatWebServer   ] - Tomcat started on port(s): 8040 (http) with context path ''
16-11-2021 14:06:06 INFO  [           main] [com.ss.sample.SampleApplication    ] - Started SampleApplication in 20.362 seconds (JVM running for 21.587)
16-11-2021 14:06:06 INFO  [           main] [o.s.b.a.ApplicationAvailabilityBean] - Application availability state LivenessState changed to CORRECT
16-11-2021 14:06:06 INFO  [           main] [o.s.b.a.ApplicationAvailabilityBean] - Application availability state ReadinessState changed to ACCEPTING_TRAFFIC
16-11-2021 14:08:13 INFO  [           main] [com.ss.sample.SampleApplication    ] - Starting SampleApplication using Java 1.8.0_121 on Lakshmi with PID 5636 (D:\Projects\sample\build\classes\java\main started by Sarma in D:\Projects\sample)
16-11-2021 14:08:13 INFO  [           main] [com.ss.sample.SampleApplication    ] - No active profile set, falling back to default profiles: default
16-11-2021 14:08:14 WARN  [kground-preinit] [s.h.c.j.Jackson2ObjectMapperBuilder] - For Jackson Kotlin classes support please add "com.fasterxml.jackson.module:jackson-module-kotlin" to the classpath
16-11-2021 14:08:16 INFO  [           main] [r.c.RepositoryConfigurationDelegate] - Bootstrapping Spring Data JPA repositories in DEFAULT mode.
16-11-2021 14:08:16 INFO  [           main] [r.c.RepositoryConfigurationDelegate] - Finished Spring Data repository scanning in 171 ms. Found 3 JPA repository interfaces.
16-11-2021 14:08:17 INFO  [           main] [onDelegate$BeanPostProcessorChecker] - Bean 'org.springframework.security.access.expression.method.DefaultMethodSecurityExpressionHandler@124dac75' of type [org.springframework.security.access.expression.method.DefaultMethodSecurityExpressionHandler] is not eligible for getting processed by all BeanPostProcessors (for example: not eligible for auto-proxying)
16-11-2021 14:08:17 INFO  [           main] [onDelegate$BeanPostProcessorChecker] - Bean 'methodSecurityMetadataSource' of type [org.springframework.security.access.method.DelegatingMethodSecurityMetadataSource] is not eligible for getting processed by all BeanPostProcessors (for example: not eligible for auto-proxying)
16-11-2021 14:08:17 INFO  [           main] [onDelegate$BeanPostProcessorChecker] - Bean 'management.metrics-org.springframework.boot.actuate.autoconfigure.metrics.MetricsProperties' of type [org.springframework.boot.actuate.autoconfigure.metrics.MetricsProperties] is not eligible for getting processed by all BeanPostProcessors (for example: not eligible for auto-proxying)
16-11-2021 14:08:17 INFO  [           main] [onDelegate$BeanPostProcessorChecker] - Bean 'org.springframework.boot.actuate.autoconfigure.metrics.data.RepositoryMetricsAutoConfiguration' of type [org.springframework.boot.actuate.autoconfigure.metrics.data.RepositoryMetricsAutoConfiguration] is not eligible for getting processed by all BeanPostProcessors (for example: not eligible for auto-proxying)
16-11-2021 14:08:17 INFO  [           main] [onDelegate$BeanPostProcessorChecker] - Bean 'org.springframework.boot.actuate.autoconfigure.metrics.export.simple.SimpleMetricsExportAutoConfiguration' of type [org.springframework.boot.actuate.autoconfigure.metrics.export.simple.SimpleMetricsExportAutoConfiguration] is not eligible for getting processed by all BeanPostProcessors (for example: not eligible for auto-proxying)
16-11-2021 14:08:17 INFO  [           main] [onDelegate$BeanPostProcessorChecker] - Bean 'management.metrics.export.simple-org.springframework.boot.actuate.autoconfigure.metrics.export.simple.SimpleProperties' of type [org.springframework.boot.actuate.autoconfigure.metrics.export.simple.SimpleProperties] is not eligible for getting processed by all BeanPostProcessors (for example: not eligible for auto-proxying)
16-11-2021 14:08:17 INFO  [           main] [onDelegate$BeanPostProcessorChecker] - Bean 'simpleConfig' of type [org.springframework.boot.actuate.autoconfigure.metrics.export.simple.SimplePropertiesConfigAdapter] is not eligible for getting processed by all BeanPostProcessors (for example: not eligible for auto-proxying)
16-11-2021 14:08:17 INFO  [           main] [onDelegate$BeanPostProcessorChecker] - Bean 'org.springframework.boot.actuate.autoconfigure.metrics.MetricsAutoConfiguration' of type [org.springframework.boot.actuate.autoconfigure.metrics.MetricsAutoConfiguration] is not eligible for getting processed by all BeanPostProcessors (for example: not eligible for auto-proxying)
16-11-2021 14:08:17 INFO  [           main] [onDelegate$BeanPostProcessorChecker] - Bean 'micrometerClock' of type [io.micrometer.core.instrument.Clock$1] is not eligible for getting processed by all BeanPostProcessors (for example: not eligible for auto-proxying)
16-11-2021 14:08:17 INFO  [           main] [onDelegate$BeanPostProcessorChecker] - Bean 'simpleMeterRegistry' of type [io.micrometer.core.instrument.simple.SimpleMeterRegistry] is not eligible for getting processed by all BeanPostProcessors (for example: not eligible for auto-proxying)
16-11-2021 14:08:17 INFO  [           main] [onDelegate$BeanPostProcessorChecker] - Bean 'repositoryTagsProvider' of type [org.springframework.boot.actuate.metrics.data.DefaultRepositoryTagsProvider] is not eligible for getting processed by all BeanPostProcessors (for example: not eligible for auto-proxying)
16-11-2021 14:08:17 INFO  [           main] [onDelegate$BeanPostProcessorChecker] - Bean 'metricsRepositoryMethodInvocationListener' of type [org.springframework.boot.actuate.metrics.data.MetricsRepositoryMethodInvocationListener] is not eligible for getting processed by all BeanPostProcessors (for example: not eligible for auto-proxying)
16-11-2021 14:08:18 INFO  [           main] [o.s.b.w.e.tomcat.TomcatWebServer   ] - Tomcat initialized with port(s): 8040 (http)
16-11-2021 14:08:18 INFO  [           main] [o.a.coyote.http11.Http11NioProtocol] - Initializing ProtocolHandler ["http-nio-8040"]
16-11-2021 14:08:18 INFO  [           main] [o.a.catalina.core.StandardService  ] - Starting service [Tomcat]
16-11-2021 14:08:18 INFO  [           main] [o.a.catalina.core.StandardEngine   ] - Starting Servlet engine: [Apache Tomcat/9.0.46]
16-11-2021 14:08:18 INFO  [           main] [o.apache.jasper.servlet.TldScanner ] - At least one JAR was scanned for TLDs yet contained no TLDs. Enable debug logging for this logger for a complete list of JARs that were scanned but no TLDs were found in them. Skipping unneeded JARs during scanning can improve startup time and JSP compilation time.
16-11-2021 14:08:18 INFO  [           main] [o.a.c.c.C.[Tomcat].[localhost].[/] ] - Initializing Spring embedded WebApplicationContext
16-11-2021 14:08:18 INFO  [           main] [.ServletWebServerApplicationContext] - Root WebApplicationContext: initialization completed in 4813 ms
16-11-2021 14:08:19 INFO  [           main] [o.h.jpa.internal.util.LogHelper    ] - HHH000204: Processing PersistenceUnitInfo [name: default]
16-11-2021 14:08:19 INFO  [           main] [org.hibernate.Version              ] - HHH000412: Hibernate ORM core version 5.4.31.Final
16-11-2021 14:08:19 INFO  [           main] [o.h.annotations.common.Version     ] - HCANN000001: Hibernate Commons Annotations {5.1.2.Final}
16-11-2021 14:08:20 INFO  [           main] [com.zaxxer.hikari.HikariDataSource ] - HikariPool-1 - Starting...
16-11-2021 14:08:20 INFO  [           main] [com.zaxxer.hikari.HikariDataSource ] - HikariPool-1 - Start completed.
16-11-2021 14:08:20 INFO  [           main] [org.hibernate.dialect.Dialect      ] - HHH000400: Using dialect: org.hibernate.dialect.PostgreSQLDialect
16-11-2021 14:08:21 INFO  [           main] [o.h.e.t.j.p.i.JtaPlatformInitiator ] - HHH000490: Using JtaPlatform implementation: [org.hibernate.engine.transaction.jta.platform.internal.NoJtaPlatform]
16-11-2021 14:08:21 INFO  [           main] [alContainerEntityManagerFactoryBean] - Initialized JPA EntityManagerFactory for persistence unit 'default'
16-11-2021 14:08:23 INFO  [           main] [org.apache.tiles.access.TilesAccess] - Publishing TilesContext for context: org.springframework.web.servlet.view.tiles3.SpringWildcardServletTilesApplicationContext
16-11-2021 14:08:23 INFO  [           main] [o.s.s.w.DefaultSecurityFilterChain ] - Will secure Ant [pattern='/resources/**'] with []
16-11-2021 14:08:23 INFO  [           main] [o.s.s.w.DefaultSecurityFilterChain ] - Will secure any request with [org.springframework.security.web.context.request.async.WebAsyncManagerIntegrationFilter@7d836c4a, org.springframework.security.web.context.SecurityContextPersistenceFilter@2d4f1ddd, org.springframework.security.web.header.HeaderWriterFilter@4779df3d, org.springframework.security.web.csrf.CsrfFilter@b4c89b6, org.springframework.security.web.authentication.logout.LogoutFilter@5a20f793, org.springframework.security.web.authentication.UsernamePasswordAuthenticationFilter@4a225014, org.springframework.security.web.savedrequest.RequestCacheAwareFilter@5ae67f05, org.springframework.security.web.servletapi.SecurityContextHolderAwareRequestFilter@3fb42ec7, org.springframework.security.web.authentication.AnonymousAuthenticationFilter@485547ac, org.springframework.security.web.session.SessionManagementFilter@3ef7fb04, org.springframework.security.web.access.ExceptionTranslationFilter@63fde7ca, org.springframework.security.web.access.intercept.FilterSecurityInterceptor@6859bbd4]
16-11-2021 14:08:24 INFO  [           main] [s.b.a.w.s.WelcomePageHandlerMapping] - Adding welcome page template: index
16-11-2021 14:08:25 INFO  [           main] [o.s.b.a.e.web.EndpointLinksResolver] - Exposing 12 endpoint(s) beneath base path '/application'
16-11-2021 14:08:25 INFO  [           main] [o.a.coyote.http11.Http11NioProtocol] - Starting ProtocolHandler ["http-nio-8040"]
16-11-2021 14:08:25 INFO  [           main] [o.s.b.w.e.tomcat.TomcatWebServer   ] - Tomcat started on port(s): 8040 (http) with context path ''
16-11-2021 14:08:25 INFO  [           main] [com.ss.sample.SampleApplication    ] - Started SampleApplication in 12.648 seconds (JVM running for 13.647)
16-11-2021 14:08:25 INFO  [           main] [o.s.b.a.ApplicationAvailabilityBean] - Application availability state LivenessState changed to CORRECT
16-11-2021 14:08:25 INFO  [           main] [o.s.b.a.ApplicationAvailabilityBean] - Application availability state ReadinessState changed to ACCEPTING_TRAFFIC
16-11-2021 14:08:38 INFO  [nio-8040-exec-1] [o.a.c.c.C.[Tomcat].[localhost].[/] ] - Initializing Spring DispatcherServlet 'dispatcherServlet'
16-11-2021 14:08:38 INFO  [nio-8040-exec-1] [o.s.web.servlet.DispatcherServlet  ] - Initializing Servlet 'dispatcherServlet'
16-11-2021 14:08:38 INFO  [nio-8040-exec-1] [o.s.web.servlet.DispatcherServlet  ] - Completed initialization in 2 ms
16-11-2021 14:08:46 INFO  [nio-8040-exec-4] [c.s.s.c.s.AuthenticationSuccess    ] - User logged in: admin - 0:0:0:0:0:0:0:1
16-11-2021 14:16:49 INFO  [           main] [com.ss.sample.SampleApplication    ] - Starting SampleApplication using Java 1.8.0_121 on Lakshmi with PID 3692 (D:\Projects\sample\build\classes\java\main started by Sarma in D:\Projects\sample)
16-11-2021 14:16:49 INFO  [           main] [com.ss.sample.SampleApplication    ] - No active profile set, falling back to default profiles: default
16-11-2021 14:16:49 WARN  [kground-preinit] [s.h.c.j.Jackson2ObjectMapperBuilder] - For Jackson Kotlin classes support please add "com.fasterxml.jackson.module:jackson-module-kotlin" to the classpath
16-11-2021 14:16:51 INFO  [           main] [r.c.RepositoryConfigurationDelegate] - Bootstrapping Spring Data JPA repositories in DEFAULT mode.
16-11-2021 14:16:51 INFO  [           main] [r.c.RepositoryConfigurationDelegate] - Finished Spring Data repository scanning in 174 ms. Found 3 JPA repository interfaces.
16-11-2021 14:16:52 INFO  [           main] [onDelegate$BeanPostProcessorChecker] - Bean 'org.springframework.security.access.expression.method.DefaultMethodSecurityExpressionHandler@68c9e023' of type [org.springframework.security.access.expression.method.DefaultMethodSecurityExpressionHandler] is not eligible for getting processed by all BeanPostProcessors (for example: not eligible for auto-proxying)
16-11-2021 14:16:52 INFO  [           main] [onDelegate$BeanPostProcessorChecker] - Bean 'methodSecurityMetadataSource' of type [org.springframework.security.access.method.DelegatingMethodSecurityMetadataSource] is not eligible for getting processed by all BeanPostProcessors (for example: not eligible for auto-proxying)
16-11-2021 14:16:52 INFO  [           main] [onDelegate$BeanPostProcessorChecker] - Bean 'management.metrics-org.springframework.boot.actuate.autoconfigure.metrics.MetricsProperties' of type [org.springframework.boot.actuate.autoconfigure.metrics.MetricsProperties] is not eligible for getting processed by all BeanPostProcessors (for example: not eligible for auto-proxying)
16-11-2021 14:16:52 INFO  [           main] [onDelegate$BeanPostProcessorChecker] - Bean 'org.springframework.boot.actuate.autoconfigure.metrics.data.RepositoryMetricsAutoConfiguration' of type [org.springframework.boot.actuate.autoconfigure.metrics.data.RepositoryMetricsAutoConfiguration] is not eligible for getting processed by all BeanPostProcessors (for example: not eligible for auto-proxying)
16-11-2021 14:16:52 INFO  [           main] [onDelegate$BeanPostProcessorChecker] - Bean 'org.springframework.boot.actuate.autoconfigure.metrics.export.simple.SimpleMetricsExportAutoConfiguration' of type [org.springframework.boot.actuate.autoconfigure.metrics.export.simple.SimpleMetricsExportAutoConfiguration] is not eligible for getting processed by all BeanPostProcessors (for example: not eligible for auto-proxying)
16-11-2021 14:16:52 INFO  [           main] [onDelegate$BeanPostProcessorChecker] - Bean 'management.metrics.export.simple-org.springframework.boot.actuate.autoconfigure.metrics.export.simple.SimpleProperties' of type [org.springframework.boot.actuate.autoconfigure.metrics.export.simple.SimpleProperties] is not eligible for getting processed by all BeanPostProcessors (for example: not eligible for auto-proxying)
16-11-2021 14:16:52 INFO  [           main] [onDelegate$BeanPostProcessorChecker] - Bean 'simpleConfig' of type [org.springframework.boot.actuate.autoconfigure.metrics.export.simple.SimplePropertiesConfigAdapter] is not eligible for getting processed by all BeanPostProcessors (for example: not eligible for auto-proxying)
16-11-2021 14:16:52 INFO  [           main] [onDelegate$BeanPostProcessorChecker] - Bean 'org.springframework.boot.actuate.autoconfigure.metrics.MetricsAutoConfiguration' of type [org.springframework.boot.actuate.autoconfigure.metrics.MetricsAutoConfiguration] is not eligible for getting processed by all BeanPostProcessors (for example: not eligible for auto-proxying)
16-11-2021 14:16:52 INFO  [           main] [onDelegate$BeanPostProcessorChecker] - Bean 'micrometerClock' of type [io.micrometer.core.instrument.Clock$1] is not eligible for getting processed by all BeanPostProcessors (for example: not eligible for auto-proxying)
16-11-2021 14:16:53 INFO  [           main] [onDelegate$BeanPostProcessorChecker] - Bean 'simpleMeterRegistry' of type [io.micrometer.core.instrument.simple.SimpleMeterRegistry] is not eligible for getting processed by all BeanPostProcessors (for example: not eligible for auto-proxying)
16-11-2021 14:16:53 INFO  [           main] [onDelegate$BeanPostProcessorChecker] - Bean 'repositoryTagsProvider' of type [org.springframework.boot.actuate.metrics.data.DefaultRepositoryTagsProvider] is not eligible for getting processed by all BeanPostProcessors (for example: not eligible for auto-proxying)
16-11-2021 14:16:53 INFO  [           main] [onDelegate$BeanPostProcessorChecker] - Bean 'metricsRepositoryMethodInvocationListener' of type [org.springframework.boot.actuate.metrics.data.MetricsRepositoryMethodInvocationListener] is not eligible for getting processed by all BeanPostProcessors (for example: not eligible for auto-proxying)
16-11-2021 14:16:53 INFO  [           main] [o.s.b.w.e.tomcat.TomcatWebServer   ] - Tomcat initialized with port(s): 8040 (http)
16-11-2021 14:16:53 INFO  [           main] [o.a.coyote.http11.Http11NioProtocol] - Initializing ProtocolHandler ["http-nio-8040"]
16-11-2021 14:16:53 INFO  [           main] [o.a.catalina.core.StandardService  ] - Starting service [Tomcat]
16-11-2021 14:16:53 INFO  [           main] [o.a.catalina.core.StandardEngine   ] - Starting Servlet engine: [Apache Tomcat/9.0.46]
16-11-2021 14:16:54 INFO  [           main] [o.apache.jasper.servlet.TldScanner ] - At least one JAR was scanned for TLDs yet contained no TLDs. Enable debug logging for this logger for a complete list of JARs that were scanned but no TLDs were found in them. Skipping unneeded JARs during scanning can improve startup time and JSP compilation time.
16-11-2021 14:16:54 INFO  [           main] [o.a.c.c.C.[Tomcat].[localhost].[/] ] - Initializing Spring embedded WebApplicationContext
16-11-2021 14:16:54 INFO  [           main] [.ServletWebServerApplicationContext] - Root WebApplicationContext: initialization completed in 4820 ms
16-11-2021 14:16:55 INFO  [           main] [o.h.jpa.internal.util.LogHelper    ] - HHH000204: Processing PersistenceUnitInfo [name: default]
16-11-2021 14:16:55 INFO  [           main] [org.hibernate.Version              ] - HHH000412: Hibernate ORM core version 5.4.31.Final
16-11-2021 14:16:55 INFO  [           main] [o.h.annotations.common.Version     ] - HCANN000001: Hibernate Commons Annotations {5.1.2.Final}
16-11-2021 14:16:55 INFO  [           main] [com.zaxxer.hikari.HikariDataSource ] - HikariPool-1 - Starting...
16-11-2021 14:16:55 INFO  [           main] [com.zaxxer.hikari.HikariDataSource ] - HikariPool-1 - Start completed.
16-11-2021 14:16:55 INFO  [           main] [org.hibernate.dialect.Dialect      ] - HHH000400: Using dialect: org.hibernate.dialect.PostgreSQLDialect
16-11-2021 14:16:57 INFO  [           main] [o.h.e.t.j.p.i.JtaPlatformInitiator ] - HHH000490: Using JtaPlatform implementation: [org.hibernate.engine.transaction.jta.platform.internal.NoJtaPlatform]
16-11-2021 14:16:57 INFO  [           main] [alContainerEntityManagerFactoryBean] - Initialized JPA EntityManagerFactory for persistence unit 'default'
16-11-2021 14:16:58 INFO  [           main] [org.apache.tiles.access.TilesAccess] - Publishing TilesContext for context: org.springframework.web.servlet.view.tiles3.SpringWildcardServletTilesApplicationContext
16-11-2021 14:16:59 INFO  [           main] [o.s.s.w.DefaultSecurityFilterChain ] - Will secure Ant [pattern='/resources/**'] with []
16-11-2021 14:16:59 INFO  [           main] [o.s.s.w.DefaultSecurityFilterChain ] - Will secure any request with [org.springframework.security.web.context.request.async.WebAsyncManagerIntegrationFilter@703947bd, org.springframework.security.web.context.SecurityContextPersistenceFilter@322593ed, org.springframework.security.web.header.HeaderWriterFilter@4dc5b887, org.springframework.security.web.csrf.CsrfFilter@6771efaa, org.springframework.security.web.authentication.logout.LogoutFilter@2f0e7008, org.springframework.security.web.authentication.UsernamePasswordAuthenticationFilter@df34b01, org.springframework.security.web.savedrequest.RequestCacheAwareFilter@5b4ce00, org.springframework.security.web.servletapi.SecurityContextHolderAwareRequestFilter@51b2b3e6, org.springframework.security.web.authentication.AnonymousAuthenticationFilter@f31b991, org.springframework.security.web.session.SessionManagementFilter@7552f05b, org.springframework.security.web.access.ExceptionTranslationFilter@20ddc780, org.springframework.security.web.access.intercept.FilterSecurityInterceptor@496004e3]
16-11-2021 14:16:59 INFO  [           main] [s.b.a.w.s.WelcomePageHandlerMapping] - Adding welcome page template: index
16-11-2021 14:17:00 INFO  [           main] [o.s.b.a.e.web.EndpointLinksResolver] - Exposing 12 endpoint(s) beneath base path '/application'
16-11-2021 14:17:00 INFO  [           main] [o.a.coyote.http11.Http11NioProtocol] - Starting ProtocolHandler ["http-nio-8040"]
16-11-2021 14:17:00 INFO  [           main] [o.s.b.w.e.tomcat.TomcatWebServer   ] - Tomcat started on port(s): 8040 (http) with context path ''
16-11-2021 14:17:00 INFO  [           main] [com.ss.sample.SampleApplication    ] - Started SampleApplication in 12.161 seconds (JVM running for 13.089)
16-11-2021 14:17:00 INFO  [           main] [o.s.b.a.ApplicationAvailabilityBean] - Application availability state LivenessState changed to CORRECT
16-11-2021 14:17:00 INFO  [           main] [o.s.b.a.ApplicationAvailabilityBean] - Application availability state ReadinessState changed to ACCEPTING_TRAFFIC
16-11-2021 14:17:29 INFO  [nio-8040-exec-1] [o.a.c.c.C.[Tomcat].[localhost].[/] ] - Initializing Spring DispatcherServlet 'dispatcherServlet'
16-11-2021 14:17:29 INFO  [nio-8040-exec-1] [o.s.web.servlet.DispatcherServlet  ] - Initializing Servlet 'dispatcherServlet'
16-11-2021 14:17:29 INFO  [nio-8040-exec-1] [o.s.web.servlet.DispatcherServlet  ] - Completed initialization in 3 ms
16-11-2021 14:17:34 INFO  [nio-8040-exec-9] [c.s.s.c.s.AuthenticationSuccess    ] - User logged in: admin - 0:0:0:0:0:0:0:1
16-11-2021 14:48:20 INFO  [           main] [com.ss.sample.SampleApplication    ] - Starting SampleApplication using Java 1.8.0_121 on Lakshmi with PID 7976 (D:\Projects\sample\build\classes\java\main started by Sarma in D:\Projects\sample)
16-11-2021 14:48:20 INFO  [           main] [com.ss.sample.SampleApplication    ] - No active profile set, falling back to default profiles: default
16-11-2021 14:48:20 WARN  [kground-preinit] [s.h.c.j.Jackson2ObjectMapperBuilder] - For Jackson Kotlin classes support please add "com.fasterxml.jackson.module:jackson-module-kotlin" to the classpath
16-11-2021 14:48:22 INFO  [           main] [r.c.RepositoryConfigurationDelegate] - Bootstrapping Spring Data JPA repositories in DEFAULT mode.
16-11-2021 14:48:22 INFO  [           main] [r.c.RepositoryConfigurationDelegate] - Finished Spring Data repository scanning in 129 ms. Found 3 JPA repository interfaces.
16-11-2021 14:48:23 INFO  [           main] [onDelegate$BeanPostProcessorChecker] - Bean 'org.springframework.security.access.expression.method.DefaultMethodSecurityExpressionHandler@27443560' of type [org.springframework.security.access.expression.method.DefaultMethodSecurityExpressionHandler] is not eligible for getting processed by all BeanPostProcessors (for example: not eligible for auto-proxying)
16-11-2021 14:48:23 INFO  [           main] [onDelegate$BeanPostProcessorChecker] - Bean 'methodSecurityMetadataSource' of type [org.springframework.security.access.method.DelegatingMethodSecurityMetadataSource] is not eligible for getting processed by all BeanPostProcessors (for example: not eligible for auto-proxying)
16-11-2021 14:48:23 INFO  [           main] [onDelegate$BeanPostProcessorChecker] - Bean 'management.metrics-org.springframework.boot.actuate.autoconfigure.metrics.MetricsProperties' of type [org.springframework.boot.actuate.autoconfigure.metrics.MetricsProperties] is not eligible for getting processed by all BeanPostProcessors (for example: not eligible for auto-proxying)
16-11-2021 14:48:23 INFO  [           main] [onDelegate$BeanPostProcessorChecker] - Bean 'org.springframework.boot.actuate.autoconfigure.metrics.data.RepositoryMetricsAutoConfiguration' of type [org.springframework.boot.actuate.autoconfigure.metrics.data.RepositoryMetricsAutoConfiguration] is not eligible for getting processed by all BeanPostProcessors (for example: not eligible for auto-proxying)
16-11-2021 14:48:23 INFO  [           main] [onDelegate$BeanPostProcessorChecker] - Bean 'org.springframework.boot.actuate.autoconfigure.metrics.export.simple.SimpleMetricsExportAutoConfiguration' of type [org.springframework.boot.actuate.autoconfigure.metrics.export.simple.SimpleMetricsExportAutoConfiguration] is not eligible for getting processed by all BeanPostProcessors (for example: not eligible for auto-proxying)
16-11-2021 14:48:23 INFO  [           main] [onDelegate$BeanPostProcessorChecker] - Bean 'management.metrics.export.simple-org.springframework.boot.actuate.autoconfigure.metrics.export.simple.SimpleProperties' of type [org.springframework.boot.actuate.autoconfigure.metrics.export.simple.SimpleProperties] is not eligible for getting processed by all BeanPostProcessors (for example: not eligible for auto-proxying)
16-11-2021 14:48:23 INFO  [           main] [onDelegate$BeanPostProcessorChecker] - Bean 'simpleConfig' of type [org.springframework.boot.actuate.autoconfigure.metrics.export.simple.SimplePropertiesConfigAdapter] is not eligible for getting processed by all BeanPostProcessors (for example: not eligible for auto-proxying)
16-11-2021 14:48:23 INFO  [           main] [onDelegate$BeanPostProcessorChecker] - Bean 'org.springframework.boot.actuate.autoconfigure.metrics.MetricsAutoConfiguration' of type [org.springframework.boot.actuate.autoconfigure.metrics.MetricsAutoConfiguration] is not eligible for getting processed by all BeanPostProcessors (for example: not eligible for auto-proxying)
16-11-2021 14:48:23 INFO  [           main] [onDelegate$BeanPostProcessorChecker] - Bean 'micrometerClock' of type [io.micrometer.core.instrument.Clock$1] is not eligible for getting processed by all BeanPostProcessors (for example: not eligible for auto-proxying)
16-11-2021 14:48:23 INFO  [           main] [onDelegate$BeanPostProcessorChecker] - Bean 'simpleMeterRegistry' of type [io.micrometer.core.instrument.simple.SimpleMeterRegistry] is not eligible for getting processed by all BeanPostProcessors (for example: not eligible for auto-proxying)
16-11-2021 14:48:23 INFO  [           main] [onDelegate$BeanPostProcessorChecker] - Bean 'repositoryTagsProvider' of type [org.springframework.boot.actuate.metrics.data.DefaultRepositoryTagsProvider] is not eligible for getting processed by all BeanPostProcessors (for example: not eligible for auto-proxying)
16-11-2021 14:48:23 INFO  [           main] [onDelegate$BeanPostProcessorChecker] - Bean 'metricsRepositoryMethodInvocationListener' of type [org.springframework.boot.actuate.metrics.data.MetricsRepositoryMethodInvocationListener] is not eligible for getting processed by all BeanPostProcessors (for example: not eligible for auto-proxying)
16-11-2021 14:48:24 INFO  [           main] [o.s.b.w.e.tomcat.TomcatWebServer   ] - Tomcat initialized with port(s): 8040 (http)
16-11-2021 14:48:24 INFO  [           main] [o.a.coyote.http11.Http11NioProtocol] - Initializing ProtocolHandler ["http-nio-8040"]
16-11-2021 14:48:24 INFO  [           main] [o.a.catalina.core.StandardService  ] - Starting service [Tomcat]
16-11-2021 14:48:24 INFO  [           main] [o.a.catalina.core.StandardEngine   ] - Starting Servlet engine: [Apache Tomcat/9.0.46]
16-11-2021 14:48:25 INFO  [           main] [o.apache.jasper.servlet.TldScanner ] - At least one JAR was scanned for TLDs yet contained no TLDs. Enable debug logging for this logger for a complete list of JARs that were scanned but no TLDs were found in them. Skipping unneeded JARs during scanning can improve startup time and JSP compilation time.
16-11-2021 14:48:25 INFO  [           main] [o.a.c.c.C.[Tomcat].[localhost].[/] ] - Initializing Spring embedded WebApplicationContext
16-11-2021 14:48:25 INFO  [           main] [.ServletWebServerApplicationContext] - Root WebApplicationContext: initialization completed in 4530 ms
16-11-2021 14:48:25 INFO  [           main] [o.h.jpa.internal.util.LogHelper    ] - HHH000204: Processing PersistenceUnitInfo [name: default]
16-11-2021 14:48:25 INFO  [           main] [org.hibernate.Version              ] - HHH000412: Hibernate ORM core version 5.4.31.Final
16-11-2021 14:48:26 INFO  [           main] [o.h.annotations.common.Version     ] - HCANN000001: Hibernate Commons Annotations {5.1.2.Final}
16-11-2021 14:48:26 INFO  [           main] [com.zaxxer.hikari.HikariDataSource ] - HikariPool-1 - Starting...
16-11-2021 14:48:26 INFO  [           main] [com.zaxxer.hikari.HikariDataSource ] - HikariPool-1 - Start completed.
16-11-2021 14:48:26 INFO  [           main] [org.hibernate.dialect.Dialect      ] - HHH000400: Using dialect: org.hibernate.dialect.PostgreSQLDialect
16-11-2021 14:48:27 INFO  [           main] [o.h.e.t.j.p.i.JtaPlatformInitiator ] - HHH000490: Using JtaPlatform implementation: [org.hibernate.engine.transaction.jta.platform.internal.NoJtaPlatform]
16-11-2021 14:48:27 INFO  [           main] [alContainerEntityManagerFactoryBean] - Initialized JPA EntityManagerFactory for persistence unit 'default'
16-11-2021 14:48:29 INFO  [           main] [org.apache.tiles.access.TilesAccess] - Publishing TilesContext for context: org.springframework.web.servlet.view.tiles3.SpringWildcardServletTilesApplicationContext
16-11-2021 14:48:30 INFO  [           main] [o.s.s.w.DefaultSecurityFilterChain ] - Will secure Ant [pattern='/resources/**'] with []
16-11-2021 14:48:30 INFO  [           main] [o.s.s.w.DefaultSecurityFilterChain ] - Will secure any request with [org.springframework.security.web.context.request.async.WebAsyncManagerIntegrationFilter@54c17a2b, org.springframework.security.web.context.SecurityContextPersistenceFilter@7fa86ddd, org.springframework.security.web.header.HeaderWriterFilter@743f58c3, org.springframework.security.web.csrf.CsrfFilter@ad6448e, org.springframework.security.web.authentication.logout.LogoutFilter@4cb59398, org.springframework.security.web.authentication.UsernamePasswordAuthenticationFilter@677274e7, org.springframework.security.web.savedrequest.RequestCacheAwareFilter@3f465ae, org.springframework.security.web.servletapi.SecurityContextHolderAwareRequestFilter@41935a9d, org.springframework.security.web.authentication.AnonymousAuthenticationFilter@16279a5d, org.springframework.security.web.session.SessionManagementFilter@28f6a008, org.springframework.security.web.access.ExceptionTranslationFilter@43c3354, org.springframework.security.web.access.intercept.FilterSecurityInterceptor@21251e43]
16-11-2021 14:48:30 INFO  [           main] [s.b.a.w.s.WelcomePageHandlerMapping] - Adding welcome page template: index
16-11-2021 14:48:31 INFO  [           main] [o.s.b.a.e.web.EndpointLinksResolver] - Exposing 12 endpoint(s) beneath base path '/application'
16-11-2021 14:48:31 INFO  [           main] [o.a.coyote.http11.Http11NioProtocol] - Starting ProtocolHandler ["http-nio-8040"]
16-11-2021 14:48:31 INFO  [           main] [o.s.b.w.e.tomcat.TomcatWebServer   ] - Tomcat started on port(s): 8040 (http) with context path ''
16-11-2021 14:48:31 INFO  [           main] [com.ss.sample.SampleApplication    ] - Started SampleApplication in 12.525 seconds (JVM running for 13.546)
16-11-2021 14:48:31 INFO  [           main] [o.s.b.a.ApplicationAvailabilityBean] - Application availability state LivenessState changed to CORRECT
16-11-2021 14:48:31 INFO  [           main] [o.s.b.a.ApplicationAvailabilityBean] - Application availability state ReadinessState changed to ACCEPTING_TRAFFIC
16-11-2021 14:48:40 INFO  [nio-8040-exec-1] [o.a.c.c.C.[Tomcat].[localhost].[/] ] - Initializing Spring DispatcherServlet 'dispatcherServlet'
16-11-2021 14:48:40 INFO  [nio-8040-exec-1] [o.s.web.servlet.DispatcherServlet  ] - Initializing Servlet 'dispatcherServlet'
16-11-2021 14:48:40 INFO  [nio-8040-exec-1] [o.s.web.servlet.DispatcherServlet  ] - Completed initialization in 2 ms
16-11-2021 14:48:45 INFO  [nio-8040-exec-5] [c.s.s.c.s.AuthenticationSuccess    ] - User logged in: admin - 0:0:0:0:0:0:0:1
16-11-2021 14:56:55 INFO  [kground-preinit] [o.h.validator.internal.util.Version] - HV000001: Hibernate Validator 6.1.1.Final
16-11-2021 14:56:55 INFO  [           main] [com.ss.sample.SampleApplication    ] - Starting SampleApplication using Java 1.8.0_121 on Lakshmi with PID 10236 (D:\Projects\sample\build\classes\java\main started by Sarma in D:\Projects\sample)
16-11-2021 14:56:55 INFO  [           main] [com.ss.sample.SampleApplication    ] - No active profile set, falling back to default profiles: default
16-11-2021 14:56:57 WARN  [kground-preinit] [s.h.c.j.Jackson2ObjectMapperBuilder] - For Jackson Kotlin classes support please add "com.fasterxml.jackson.module:jackson-module-kotlin" to the classpath
16-11-2021 14:56:58 INFO  [           main] [r.c.RepositoryConfigurationDelegate] - Bootstrapping Spring Data JPA repositories in DEFAULT mode.
16-11-2021 14:56:58 INFO  [           main] [r.c.RepositoryConfigurationDelegate] - Finished Spring Data repository scanning in 215 ms. Found 3 JPA repository interfaces.
16-11-2021 14:56:59 INFO  [           main] [onDelegate$BeanPostProcessorChecker] - Bean 'org.springframework.security.access.expression.method.DefaultMethodSecurityExpressionHandler@b0fd744' of type [org.springframework.security.access.expression.method.DefaultMethodSecurityExpressionHandler] is not eligible for getting processed by all BeanPostProcessors (for example: not eligible for auto-proxying)
16-11-2021 14:56:59 INFO  [           main] [onDelegate$BeanPostProcessorChecker] - Bean 'methodSecurityMetadataSource' of type [org.springframework.security.access.method.DelegatingMethodSecurityMetadataSource] is not eligible for getting processed by all BeanPostProcessors (for example: not eligible for auto-proxying)
16-11-2021 14:56:59 INFO  [           main] [onDelegate$BeanPostProcessorChecker] - Bean 'management.metrics-org.springframework.boot.actuate.autoconfigure.metrics.MetricsProperties' of type [org.springframework.boot.actuate.autoconfigure.metrics.MetricsProperties] is not eligible for getting processed by all BeanPostProcessors (for example: not eligible for auto-proxying)
16-11-2021 14:56:59 INFO  [           main] [onDelegate$BeanPostProcessorChecker] - Bean 'org.springframework.boot.actuate.autoconfigure.metrics.data.RepositoryMetricsAutoConfiguration' of type [org.springframework.boot.actuate.autoconfigure.metrics.data.RepositoryMetricsAutoConfiguration] is not eligible for getting processed by all BeanPostProcessors (for example: not eligible for auto-proxying)
16-11-2021 14:56:59 INFO  [           main] [onDelegate$BeanPostProcessorChecker] - Bean 'org.springframework.boot.actuate.autoconfigure.metrics.export.simple.SimpleMetricsExportAutoConfiguration' of type [org.springframework.boot.actuate.autoconfigure.metrics.export.simple.SimpleMetricsExportAutoConfiguration] is not eligible for getting processed by all BeanPostProcessors (for example: not eligible for auto-proxying)
16-11-2021 14:56:59 INFO  [           main] [onDelegate$BeanPostProcessorChecker] - Bean 'management.metrics.export.simple-org.springframework.boot.actuate.autoconfigure.metrics.export.simple.SimpleProperties' of type [org.springframework.boot.actuate.autoconfigure.metrics.export.simple.SimpleProperties] is not eligible for getting processed by all BeanPostProcessors (for example: not eligible for auto-proxying)
16-11-2021 14:56:59 INFO  [           main] [onDelegate$BeanPostProcessorChecker] - Bean 'simpleConfig' of type [org.springframework.boot.actuate.autoconfigure.metrics.export.simple.SimplePropertiesConfigAdapter] is not eligible for getting processed by all BeanPostProcessors (for example: not eligible for auto-proxying)
16-11-2021 14:56:59 INFO  [           main] [onDelegate$BeanPostProcessorChecker] - Bean 'org.springframework.boot.actuate.autoconfigure.metrics.MetricsAutoConfiguration' of type [org.springframework.boot.actuate.autoconfigure.metrics.MetricsAutoConfiguration] is not eligible for getting processed by all BeanPostProcessors (for example: not eligible for auto-proxying)
16-11-2021 14:56:59 INFO  [           main] [onDelegate$BeanPostProcessorChecker] - Bean 'micrometerClock' of type [io.micrometer.core.instrument.Clock$1] is not eligible for getting processed by all BeanPostProcessors (for example: not eligible for auto-proxying)
16-11-2021 14:56:59 INFO  [           main] [onDelegate$BeanPostProcessorChecker] - Bean 'simpleMeterRegistry' of type [io.micrometer.core.instrument.simple.SimpleMeterRegistry] is not eligible for getting processed by all BeanPostProcessors (for example: not eligible for auto-proxying)
16-11-2021 14:56:59 INFO  [           main] [onDelegate$BeanPostProcessorChecker] - Bean 'repositoryTagsProvider' of type [org.springframework.boot.actuate.metrics.data.DefaultRepositoryTagsProvider] is not eligible for getting processed by all BeanPostProcessors (for example: not eligible for auto-proxying)
16-11-2021 14:56:59 INFO  [           main] [onDelegate$BeanPostProcessorChecker] - Bean 'metricsRepositoryMethodInvocationListener' of type [org.springframework.boot.actuate.metrics.data.MetricsRepositoryMethodInvocationListener] is not eligible for getting processed by all BeanPostProcessors (for example: not eligible for auto-proxying)
16-11-2021 14:57:00 INFO  [           main] [o.s.b.w.e.tomcat.TomcatWebServer   ] - Tomcat initialized with port(s): 8040 (http)
16-11-2021 14:57:00 INFO  [           main] [o.a.coyote.http11.Http11NioProtocol] - Initializing ProtocolHandler ["http-nio-8040"]
16-11-2021 14:57:00 INFO  [           main] [o.a.catalina.core.StandardService  ] - Starting service [Tomcat]
16-11-2021 14:57:00 INFO  [           main] [o.a.catalina.core.StandardEngine   ] - Starting Servlet engine: [Apache Tomcat/9.0.46]
16-11-2021 14:57:01 INFO  [           main] [o.apache.jasper.servlet.TldScanner ] - At least one JAR was scanned for TLDs yet contained no TLDs. Enable debug logging for this logger for a complete list of JARs that were scanned but no TLDs were found in them. Skipping unneeded JARs during scanning can improve startup time and JSP compilation time.
16-11-2021 14:57:01 INFO  [           main] [o.a.c.c.C.[Tomcat].[localhost].[/] ] - Initializing Spring embedded WebApplicationContext
16-11-2021 14:57:01 INFO  [           main] [.ServletWebServerApplicationContext] - Root WebApplicationContext: initialization completed in 5360 ms
16-11-2021 14:57:01 INFO  [           main] [o.h.jpa.internal.util.LogHelper    ] - HHH000204: Processing PersistenceUnitInfo [name: default]
16-11-2021 14:57:02 INFO  [           main] [org.hibernate.Version              ] - HHH000412: Hibernate ORM core version 5.4.31.Final
16-11-2021 14:57:02 INFO  [           main] [o.h.annotations.common.Version     ] - HCANN000001: Hibernate Commons Annotations {5.1.2.Final}
16-11-2021 14:57:02 INFO  [           main] [com.zaxxer.hikari.HikariDataSource ] - HikariPool-1 - Starting...
16-11-2021 14:57:02 INFO  [           main] [com.zaxxer.hikari.HikariDataSource ] - HikariPool-1 - Start completed.
16-11-2021 14:57:02 INFO  [           main] [org.hibernate.dialect.Dialect      ] - HHH000400: Using dialect: org.hibernate.dialect.PostgreSQLDialect
16-11-2021 14:57:04 INFO  [           main] [o.h.e.t.j.p.i.JtaPlatformInitiator ] - HHH000490: Using JtaPlatform implementation: [org.hibernate.engine.transaction.jta.platform.internal.NoJtaPlatform]
16-11-2021 14:57:04 INFO  [           main] [alContainerEntityManagerFactoryBean] - Initialized JPA EntityManagerFactory for persistence unit 'default'
16-11-2021 14:57:06 INFO  [           main] [org.apache.tiles.access.TilesAccess] - Publishing TilesContext for context: org.springframework.web.servlet.view.tiles3.SpringWildcardServletTilesApplicationContext
16-11-2021 14:57:06 INFO  [           main] [o.s.s.w.DefaultSecurityFilterChain ] - Will secure Ant [pattern='/resources/**'] with []
16-11-2021 14:57:06 INFO  [           main] [o.s.s.w.DefaultSecurityFilterChain ] - Will secure any request with [org.springframework.security.web.context.request.async.WebAsyncManagerIntegrationFilter@27e656e6, org.springframework.security.web.context.SecurityContextPersistenceFilter@fef2768, org.springframework.security.web.header.HeaderWriterFilter@7ca8f5d7, org.springframework.security.web.csrf.CsrfFilter@574e4184, org.springframework.security.web.authentication.logout.LogoutFilter@16257f8c, org.springframework.security.web.authentication.UsernamePasswordAuthenticationFilter@3751baf6, org.springframework.security.web.savedrequest.RequestCacheAwareFilter@733e3c19, org.springframework.security.web.servletapi.SecurityContextHolderAwareRequestFilter@30a1b2ad, org.springframework.security.web.authentication.AnonymousAuthenticationFilter@3cfab56d, org.springframework.security.web.session.SessionManagementFilter@1690929, org.springframework.security.web.access.ExceptionTranslationFilter@4b5ceb5d, org.springframework.security.web.access.intercept.FilterSecurityInterceptor@75f446df]
16-11-2021 14:57:07 INFO  [           main] [s.b.a.w.s.WelcomePageHandlerMapping] - Adding welcome page template: index
16-11-2021 14:57:08 INFO  [           main] [o.s.b.a.e.web.EndpointLinksResolver] - Exposing 12 endpoint(s) beneath base path '/application'
16-11-2021 14:57:08 INFO  [           main] [o.a.coyote.http11.Http11NioProtocol] - Starting ProtocolHandler ["http-nio-8040"]
16-11-2021 14:57:08 INFO  [           main] [o.s.b.w.e.tomcat.TomcatWebServer   ] - Tomcat started on port(s): 8040 (http) with context path ''
16-11-2021 14:57:08 INFO  [           main] [com.ss.sample.SampleApplication    ] - Started SampleApplication in 13.9 seconds (JVM running for 14.989)
16-11-2021 14:57:08 INFO  [           main] [o.s.b.a.ApplicationAvailabilityBean] - Application availability state LivenessState changed to CORRECT
16-11-2021 14:57:08 INFO  [           main] [o.s.b.a.ApplicationAvailabilityBean] - Application availability state ReadinessState changed to ACCEPTING_TRAFFIC
16-11-2021 14:58:53 INFO  [nio-8040-exec-1] [o.a.c.c.C.[Tomcat].[localhost].[/] ] - Initializing Spring DispatcherServlet 'dispatcherServlet'
16-11-2021 14:58:53 INFO  [nio-8040-exec-1] [o.s.web.servlet.DispatcherServlet  ] - Initializing Servlet 'dispatcherServlet'
16-11-2021 14:58:53 INFO  [nio-8040-exec-1] [o.s.web.servlet.DispatcherServlet  ] - Completed initialization in 4 ms
16-11-2021 14:58:59 INFO  [nio-8040-exec-6] [c.s.s.c.s.AuthenticationSuccess    ] - User logged in: admin - 0:0:0:0:0:0:0:1
