15-11-2021 00:01:44 INFO  [           main] [com.ss.sample.SampleApplication    ] - Starting SampleApplication using Java 1.8.0_121 on Lakshmi with PID 2584 (D:\Projects\sample\build\classes\java\main started by Sarma in D:\Projects\sample)
15-11-2021 00:01:44 INFO  [           main] [com.ss.sample.SampleApplication    ] - No active profile set, falling back to default profiles: default
15-11-2021 00:01:44 WARN  [kground-preinit] [s.h.c.j.Jackson2ObjectMapperBuilder] - For Jackson Kotlin classes support please add "com.fasterxml.jackson.module:jackson-module-kotlin" to the classpath
15-11-2021 00:01:46 INFO  [           main] [r.c.RepositoryConfigurationDelegate] - Bootstrapping Spring Data JPA repositories in DEFAULT mode.
15-11-2021 00:01:46 INFO  [           main] [r.c.RepositoryConfigurationDelegate] - Finished Spring Data repository scanning in 140 ms. Found 3 JPA repository interfaces.
15-11-2021 00:01:47 INFO  [           main] [onDelegate$BeanPostProcessorChecker] - Bean 'org.springframework.security.access.expression.method.DefaultMethodSecurityExpressionHandler@2dbc408c' of type [org.springframework.security.access.expression.method.DefaultMethodSecurityExpressionHandler] is not eligible for getting processed by all BeanPostProcessors (for example: not eligible for auto-proxying)
15-11-2021 00:01:47 INFO  [           main] [onDelegate$BeanPostProcessorChecker] - Bean 'methodSecurityMetadataSource' of type [org.springframework.security.access.method.DelegatingMethodSecurityMetadataSource] is not eligible for getting processed by all BeanPostProcessors (for example: not eligible for auto-proxying)
15-11-2021 00:01:47 INFO  [           main] [onDelegate$BeanPostProcessorChecker] - Bean 'management.metrics-org.springframework.boot.actuate.autoconfigure.metrics.MetricsProperties' of type [org.springframework.boot.actuate.autoconfigure.metrics.MetricsProperties] is not eligible for getting processed by all BeanPostProcessors (for example: not eligible for auto-proxying)
15-11-2021 00:01:47 INFO  [           main] [onDelegate$BeanPostProcessorChecker] - Bean 'org.springframework.boot.actuate.autoconfigure.metrics.data.RepositoryMetricsAutoConfiguration' of type [org.springframework.boot.actuate.autoconfigure.metrics.data.RepositoryMetricsAutoConfiguration] is not eligible for getting processed by all BeanPostProcessors (for example: not eligible for auto-proxying)
15-11-2021 00:01:47 INFO  [           main] [onDelegate$BeanPostProcessorChecker] - Bean 'org.springframework.boot.actuate.autoconfigure.metrics.export.simple.SimpleMetricsExportAutoConfiguration' of type [org.springframework.boot.actuate.autoconfigure.metrics.export.simple.SimpleMetricsExportAutoConfiguration] is not eligible for getting processed by all BeanPostProcessors (for example: not eligible for auto-proxying)
15-11-2021 00:01:47 INFO  [           main] [onDelegate$BeanPostProcessorChecker] - Bean 'management.metrics.export.simple-org.springframework.boot.actuate.autoconfigure.metrics.export.simple.SimpleProperties' of type [org.springframework.boot.actuate.autoconfigure.metrics.export.simple.SimpleProperties] is not eligible for getting processed by all BeanPostProcessors (for example: not eligible for auto-proxying)
15-11-2021 00:01:47 INFO  [           main] [onDelegate$BeanPostProcessorChecker] - Bean 'simpleConfig' of type [org.springframework.boot.actuate.autoconfigure.metrics.export.simple.SimplePropertiesConfigAdapter] is not eligible for getting processed by all BeanPostProcessors (for example: not eligible for auto-proxying)
15-11-2021 00:01:47 INFO  [           main] [onDelegate$BeanPostProcessorChecker] - Bean 'org.springframework.boot.actuate.autoconfigure.metrics.MetricsAutoConfiguration' of type [org.springframework.boot.actuate.autoconfigure.metrics.MetricsAutoConfiguration] is not eligible for getting processed by all BeanPostProcessors (for example: not eligible for auto-proxying)
15-11-2021 00:01:47 INFO  [           main] [onDelegate$BeanPostProcessorChecker] - Bean 'micrometerClock' of type [io.micrometer.core.instrument.Clock$1] is not eligible for getting processed by all BeanPostProcessors (for example: not eligible for auto-proxying)
15-11-2021 00:01:47 INFO  [           main] [onDelegate$BeanPostProcessorChecker] - Bean 'simpleMeterRegistry' of type [io.micrometer.core.instrument.simple.SimpleMeterRegistry] is not eligible for getting processed by all BeanPostProcessors (for example: not eligible for auto-proxying)
15-11-2021 00:01:47 INFO  [           main] [onDelegate$BeanPostProcessorChecker] - Bean 'repositoryTagsProvider' of type [org.springframework.boot.actuate.metrics.data.DefaultRepositoryTagsProvider] is not eligible for getting processed by all BeanPostProcessors (for example: not eligible for auto-proxying)
15-11-2021 00:01:47 INFO  [           main] [onDelegate$BeanPostProcessorChecker] - Bean 'metricsRepositoryMethodInvocationListener' of type [org.springframework.boot.actuate.metrics.data.MetricsRepositoryMethodInvocationListener] is not eligible for getting processed by all BeanPostProcessors (for example: not eligible for auto-proxying)
15-11-2021 00:01:48 INFO  [           main] [o.s.b.w.e.tomcat.TomcatWebServer   ] - Tomcat initialized with port(s): 8040 (http)
15-11-2021 00:01:48 INFO  [           main] [o.a.coyote.http11.Http11NioProtocol] - Initializing ProtocolHandler ["http-nio-8040"]
15-11-2021 00:01:48 INFO  [           main] [o.a.catalina.core.StandardService  ] - Starting service [Tomcat]
15-11-2021 00:01:48 INFO  [           main] [o.a.catalina.core.StandardEngine   ] - Starting Servlet engine: [Apache Tomcat/9.0.46]
15-11-2021 00:01:49 INFO  [           main] [o.apache.jasper.servlet.TldScanner ] - At least one JAR was scanned for TLDs yet contained no TLDs. Enable debug logging for this logger for a complete list of JARs that were scanned but no TLDs were found in them. Skipping unneeded JARs during scanning can improve startup time and JSP compilation time.
15-11-2021 00:01:49 INFO  [           main] [o.a.c.c.C.[Tomcat].[localhost].[/] ] - Initializing Spring embedded WebApplicationContext
15-11-2021 00:01:49 INFO  [           main] [.ServletWebServerApplicationContext] - Root WebApplicationContext: initialization completed in 4630 ms
15-11-2021 00:01:49 INFO  [           main] [o.h.jpa.internal.util.LogHelper    ] - HHH000204: Processing PersistenceUnitInfo [name: default]
15-11-2021 00:01:49 INFO  [           main] [org.hibernate.Version              ] - HHH000412: Hibernate ORM core version 5.4.31.Final
15-11-2021 00:01:50 INFO  [           main] [o.h.annotations.common.Version     ] - HCANN000001: Hibernate Commons Annotations {5.1.2.Final}
15-11-2021 00:01:50 INFO  [           main] [com.zaxxer.hikari.HikariDataSource ] - HikariPool-1 - Starting...
15-11-2021 00:01:50 INFO  [           main] [com.zaxxer.hikari.HikariDataSource ] - HikariPool-1 - Start completed.
15-11-2021 00:01:50 INFO  [           main] [org.hibernate.dialect.Dialect      ] - HHH000400: Using dialect: org.hibernate.dialect.PostgreSQLDialect
15-11-2021 00:01:51 INFO  [           main] [o.h.e.t.j.p.i.JtaPlatformInitiator ] - HHH000490: Using JtaPlatform implementation: [org.hibernate.engine.transaction.jta.platform.internal.NoJtaPlatform]
15-11-2021 00:01:52 INFO  [           main] [alContainerEntityManagerFactoryBean] - Initialized JPA EntityManagerFactory for persistence unit 'default'
15-11-2021 00:01:53 INFO  [           main] [org.apache.tiles.access.TilesAccess] - Publishing TilesContext for context: org.springframework.web.servlet.view.tiles3.SpringWildcardServletTilesApplicationContext
15-11-2021 00:01:53 INFO  [           main] [o.s.s.w.DefaultSecurityFilterChain ] - Will secure Ant [pattern='/resources/**'] with []
15-11-2021 00:01:54 INFO  [           main] [o.s.s.w.DefaultSecurityFilterChain ] - Will secure any request with [org.springframework.security.web.context.request.async.WebAsyncManagerIntegrationFilter@224e7aa5, org.springframework.security.web.context.SecurityContextPersistenceFilter@543a7605, org.springframework.security.web.header.HeaderWriterFilter@7dd847a2, org.springframework.security.web.csrf.CsrfFilter@4f571c0e, org.springframework.security.web.authentication.logout.LogoutFilter@563bd6a4, org.springframework.security.web.authentication.UsernamePasswordAuthenticationFilter@2a4f1bc5, org.springframework.security.web.savedrequest.RequestCacheAwareFilter@639bf405, org.springframework.security.web.servletapi.SecurityContextHolderAwareRequestFilter@1028a747, org.springframework.security.web.authentication.AnonymousAuthenticationFilter@89ff043, org.springframework.security.web.session.SessionManagementFilter@69e736bf, org.springframework.security.web.access.ExceptionTranslationFilter@2c7607e5, org.springframework.security.web.access.intercept.FilterSecurityInterceptor@4f836d9]
15-11-2021 00:01:54 INFO  [           main] [s.b.a.w.s.WelcomePageHandlerMapping] - Adding welcome page template: index
15-11-2021 00:01:55 INFO  [           main] [o.s.b.a.e.web.EndpointLinksResolver] - Exposing 12 endpoint(s) beneath base path '/application'
15-11-2021 00:01:55 INFO  [           main] [o.a.coyote.http11.Http11NioProtocol] - Starting ProtocolHandler ["http-nio-8040"]
15-11-2021 00:01:56 INFO  [           main] [o.s.b.w.e.tomcat.TomcatWebServer   ] - Tomcat started on port(s): 8040 (http) with context path ''
15-11-2021 00:01:56 INFO  [           main] [com.ss.sample.SampleApplication    ] - Started SampleApplication in 12.805 seconds (JVM running for 13.742)
15-11-2021 00:01:56 INFO  [           main] [o.s.b.a.ApplicationAvailabilityBean] - Application availability state LivenessState changed to CORRECT
15-11-2021 00:01:56 INFO  [           main] [o.s.b.a.ApplicationAvailabilityBean] - Application availability state ReadinessState changed to ACCEPTING_TRAFFIC
15-11-2021 00:02:20 INFO  [nio-8040-exec-6] [o.a.c.c.C.[Tomcat].[localhost].[/] ] - Initializing Spring DispatcherServlet 'dispatcherServlet'
15-11-2021 00:02:20 INFO  [nio-8040-exec-6] [o.s.web.servlet.DispatcherServlet  ] - Initializing Servlet 'dispatcherServlet'
15-11-2021 00:02:20 INFO  [nio-8040-exec-6] [o.s.web.servlet.DispatcherServlet  ] - Completed initialization in 2 ms
15-11-2021 00:02:26 INFO  [nio-8040-exec-7] [c.s.s.c.s.AuthenticationSuccess    ] - User logged in: admin - 0:0:0:0:0:0:0:1
15-11-2021 00:19:42 INFO  [           main] [com.ss.sample.SampleApplication    ] - Starting SampleApplication using Java 1.8.0_121 on Lakshmi with PID 8708 (D:\Projects\sample\build\classes\java\main started by Sarma in D:\Projects\sample)
15-11-2021 00:19:42 INFO  [           main] [com.ss.sample.SampleApplication    ] - No active profile set, falling back to default profiles: default
15-11-2021 00:19:45 WARN  [kground-preinit] [s.h.c.j.Jackson2ObjectMapperBuilder] - For Jackson Kotlin classes support please add "com.fasterxml.jackson.module:jackson-module-kotlin" to the classpath
15-11-2021 00:19:54 INFO  [           main] [r.c.RepositoryConfigurationDelegate] - Bootstrapping Spring Data JPA repositories in DEFAULT mode.
15-11-2021 00:19:55 INFO  [           main] [r.c.RepositoryConfigurationDelegate] - Finished Spring Data repository scanning in 734 ms. Found 3 JPA repository interfaces.
15-11-2021 00:19:58 INFO  [           main] [onDelegate$BeanPostProcessorChecker] - Bean 'org.springframework.security.access.expression.method.DefaultMethodSecurityExpressionHandler@7e62cfa3' of type [org.springframework.security.access.expression.method.DefaultMethodSecurityExpressionHandler] is not eligible for getting processed by all BeanPostProcessors (for example: not eligible for auto-proxying)
15-11-2021 00:19:58 INFO  [           main] [onDelegate$BeanPostProcessorChecker] - Bean 'methodSecurityMetadataSource' of type [org.springframework.security.access.method.DelegatingMethodSecurityMetadataSource] is not eligible for getting processed by all BeanPostProcessors (for example: not eligible for auto-proxying)
15-11-2021 00:19:59 INFO  [           main] [onDelegate$BeanPostProcessorChecker] - Bean 'management.metrics-org.springframework.boot.actuate.autoconfigure.metrics.MetricsProperties' of type [org.springframework.boot.actuate.autoconfigure.metrics.MetricsProperties] is not eligible for getting processed by all BeanPostProcessors (for example: not eligible for auto-proxying)
15-11-2021 00:19:59 INFO  [           main] [onDelegate$BeanPostProcessorChecker] - Bean 'org.springframework.boot.actuate.autoconfigure.metrics.data.RepositoryMetricsAutoConfiguration' of type [org.springframework.boot.actuate.autoconfigure.metrics.data.RepositoryMetricsAutoConfiguration] is not eligible for getting processed by all BeanPostProcessors (for example: not eligible for auto-proxying)
15-11-2021 00:19:59 INFO  [           main] [onDelegate$BeanPostProcessorChecker] - Bean 'org.springframework.boot.actuate.autoconfigure.metrics.export.simple.SimpleMetricsExportAutoConfiguration' of type [org.springframework.boot.actuate.autoconfigure.metrics.export.simple.SimpleMetricsExportAutoConfiguration] is not eligible for getting processed by all BeanPostProcessors (for example: not eligible for auto-proxying)
15-11-2021 00:19:59 INFO  [           main] [onDelegate$BeanPostProcessorChecker] - Bean 'management.metrics.export.simple-org.springframework.boot.actuate.autoconfigure.metrics.export.simple.SimpleProperties' of type [org.springframework.boot.actuate.autoconfigure.metrics.export.simple.SimpleProperties] is not eligible for getting processed by all BeanPostProcessors (for example: not eligible for auto-proxying)
15-11-2021 00:19:59 INFO  [           main] [onDelegate$BeanPostProcessorChecker] - Bean 'simpleConfig' of type [org.springframework.boot.actuate.autoconfigure.metrics.export.simple.SimplePropertiesConfigAdapter] is not eligible for getting processed by all BeanPostProcessors (for example: not eligible for auto-proxying)
15-11-2021 00:19:59 INFO  [           main] [onDelegate$BeanPostProcessorChecker] - Bean 'org.springframework.boot.actuate.autoconfigure.metrics.MetricsAutoConfiguration' of type [org.springframework.boot.actuate.autoconfigure.metrics.MetricsAutoConfiguration] is not eligible for getting processed by all BeanPostProcessors (for example: not eligible for auto-proxying)
15-11-2021 00:19:59 INFO  [           main] [onDelegate$BeanPostProcessorChecker] - Bean 'micrometerClock' of type [io.micrometer.core.instrument.Clock$1] is not eligible for getting processed by all BeanPostProcessors (for example: not eligible for auto-proxying)
15-11-2021 00:19:59 INFO  [           main] [onDelegate$BeanPostProcessorChecker] - Bean 'simpleMeterRegistry' of type [io.micrometer.core.instrument.simple.SimpleMeterRegistry] is not eligible for getting processed by all BeanPostProcessors (for example: not eligible for auto-proxying)
15-11-2021 00:19:59 INFO  [           main] [onDelegate$BeanPostProcessorChecker] - Bean 'repositoryTagsProvider' of type [org.springframework.boot.actuate.metrics.data.DefaultRepositoryTagsProvider] is not eligible for getting processed by all BeanPostProcessors (for example: not eligible for auto-proxying)
15-11-2021 00:19:59 INFO  [           main] [onDelegate$BeanPostProcessorChecker] - Bean 'metricsRepositoryMethodInvocationListener' of type [org.springframework.boot.actuate.metrics.data.MetricsRepositoryMethodInvocationListener] is not eligible for getting processed by all BeanPostProcessors (for example: not eligible for auto-proxying)
15-11-2021 00:20:02 INFO  [           main] [o.s.b.w.e.tomcat.TomcatWebServer   ] - Tomcat initialized with port(s): 8040 (http)
15-11-2021 00:20:02 INFO  [           main] [o.a.coyote.http11.Http11NioProtocol] - Initializing ProtocolHandler ["http-nio-8040"]
15-11-2021 00:20:02 INFO  [           main] [o.a.catalina.core.StandardService  ] - Starting service [Tomcat]
15-11-2021 00:20:02 INFO  [           main] [o.a.catalina.core.StandardEngine   ] - Starting Servlet engine: [Apache Tomcat/9.0.46]
15-11-2021 00:20:04 INFO  [           main] [o.apache.jasper.servlet.TldScanner ] - At least one JAR was scanned for TLDs yet contained no TLDs. Enable debug logging for this logger for a complete list of JARs that were scanned but no TLDs were found in them. Skipping unneeded JARs during scanning can improve startup time and JSP compilation time.
15-11-2021 00:20:05 INFO  [           main] [o.a.c.c.C.[Tomcat].[localhost].[/] ] - Initializing Spring embedded WebApplicationContext
15-11-2021 00:20:05 INFO  [           main] [.ServletWebServerApplicationContext] - Root WebApplicationContext: initialization completed in 22083 ms
15-11-2021 00:20:09 INFO  [           main] [o.h.jpa.internal.util.LogHelper    ] - HHH000204: Processing PersistenceUnitInfo [name: default]
15-11-2021 00:20:10 INFO  [           main] [org.hibernate.Version              ] - HHH000412: Hibernate ORM core version 5.4.31.Final
15-11-2021 00:20:11 INFO  [           main] [o.h.annotations.common.Version     ] - HCANN000001: Hibernate Commons Annotations {5.1.2.Final}
15-11-2021 00:20:12 INFO  [           main] [com.zaxxer.hikari.HikariDataSource ] - HikariPool-1 - Starting...
15-11-2021 00:20:16 INFO  [           main] [com.zaxxer.hikari.HikariDataSource ] - HikariPool-1 - Start completed.
15-11-2021 00:20:16 INFO  [           main] [org.hibernate.dialect.Dialect      ] - HHH000400: Using dialect: org.hibernate.dialect.PostgreSQLDialect
15-11-2021 00:20:21 INFO  [           main] [o.h.e.t.j.p.i.JtaPlatformInitiator ] - HHH000490: Using JtaPlatform implementation: [org.hibernate.engine.transaction.jta.platform.internal.NoJtaPlatform]
15-11-2021 00:20:21 INFO  [           main] [alContainerEntityManagerFactoryBean] - Initialized JPA EntityManagerFactory for persistence unit 'default'
15-11-2021 00:20:25 INFO  [           main] [org.apache.tiles.access.TilesAccess] - Publishing TilesContext for context: org.springframework.web.servlet.view.tiles3.SpringWildcardServletTilesApplicationContext
15-11-2021 00:20:27 INFO  [           main] [o.s.s.w.DefaultSecurityFilterChain ] - Will secure Ant [pattern='/resources/**'] with []
15-11-2021 00:20:28 INFO  [           main] [o.s.s.w.DefaultSecurityFilterChain ] - Will secure any request with [org.springframework.security.web.context.request.async.WebAsyncManagerIntegrationFilter@445c693, org.springframework.security.web.context.SecurityContextPersistenceFilter@3cc548f6, org.springframework.security.web.header.HeaderWriterFilter@4babe06f, org.springframework.security.web.csrf.CsrfFilter@2c7607e5, org.springframework.security.web.authentication.logout.LogoutFilter@4a45ff31, org.springframework.security.web.authentication.UsernamePasswordAuthenticationFilter@77b01226, org.springframework.security.web.savedrequest.RequestCacheAwareFilter@563bd6a4, org.springframework.security.web.servletapi.SecurityContextHolderAwareRequestFilter@7307ae6, org.springframework.security.web.authentication.AnonymousAuthenticationFilter@9d2c0ed, org.springframework.security.web.session.SessionManagementFilter@19ee0a2f, org.springframework.security.web.access.ExceptionTranslationFilter@7205a8b7, org.springframework.security.web.access.intercept.FilterSecurityInterceptor@508abc74]
15-11-2021 00:20:30 INFO  [           main] [s.b.a.w.s.WelcomePageHandlerMapping] - Adding welcome page template: index
15-11-2021 00:20:31 INFO  [           main] [o.s.b.a.e.web.EndpointLinksResolver] - Exposing 12 endpoint(s) beneath base path '/application'
15-11-2021 00:20:31 INFO  [           main] [o.a.coyote.http11.Http11NioProtocol] - Starting ProtocolHandler ["http-nio-8040"]
15-11-2021 00:20:32 INFO  [           main] [o.s.b.w.e.tomcat.TomcatWebServer   ] - Tomcat started on port(s): 8040 (http) with context path ''
15-11-2021 00:20:32 INFO  [           main] [com.ss.sample.SampleApplication    ] - Started SampleApplication in 52.978 seconds (JVM running for 56.332)
15-11-2021 00:20:32 INFO  [           main] [o.s.b.a.ApplicationAvailabilityBean] - Application availability state LivenessState changed to CORRECT
15-11-2021 00:20:32 INFO  [           main] [o.s.b.a.ApplicationAvailabilityBean] - Application availability state ReadinessState changed to ACCEPTING_TRAFFIC
